{"meta": {"format": 3, "version": "7.14.0", "timestamp": "2026-05-14T16:00:34.042141", "branch_coverage": true, "show_contexts": false}, "files": {"metrics/SegmentationMetrics.py": {"executed_lines": [53, 55, 56, 58, 59, 60, 73, 76, 77, 78, 79, 80, 83, 84, 89, 90, 91, 92, 95, 120, 121, 146, 147, 149, 152, 153, 155, 156, 159, 160, 181, 186, 187, 188, 190, 193, 194, 209, 213, 214, 215, 216, 217, 218, 221, 222, 237, 241, 242, 245, 251, 252, 274, 277, 278, 281, 284, 285, 308, 313, 316, 321, 325, 326, 328, 338, 341, 342, 364, 367, 370, 371, 373, 375, 376, 380, 383, 384, 404, 405, 410, 420, 423, 428, 431, 432, 452, 457, 458, 461, 462, 464, 466, 467, 468, 471, 474, 475, 543, 544, 564, 568, 569, 571, 573, 576, 577, 605, 607, 608, 629, 630, 633, 634, 639, 640, 643, 644, 645, 646, 651, 653, 659, 660, 665, 666, 669, 670, 671, 672, 675, 676, 681, 682, 687, 688, 693, 694, 701, 711, 712, 717, 718, 719, 720, 721, 722, 723, 724, 725, 726, 727, 728, 729, 736, 742, 743, 744, 747, 748, 749, 750, 751, 752, 753, 754, 761, 764, 765], "summary": {"covered_lines": 169, "num_statements": 234, "percent_covered": 64.81481481481481, "percent_covered_display": "64.81", "missing_lines": 65, "excluded_lines": 0, "percent_statements_covered": 72.22222222222223, "percent_statements_covered_display": "72.22", "num_branches": 90, "num_partial_branches": 31, "covered_branches": 41, "missing_branches": 49, "percent_branches_covered": 45.55555555555556, "percent_branches_covered_display": "45.56"}, "missing_lines": [189, 246, 247, 248, 329, 330, 331, 334, 377, 416, 417, 424, 425, 469, 470, 502, 504, 505, 511, 512, 515, 516, 520, 523, 525, 526, 527, 528, 529, 530, 532, 533, 534, 535, 537, 538, 539, 540, 572, 654, 733, 755, 756, 757, 758, 759, 790, 791, 795, 796, 798, 799, 802, 803, 806, 807, 808, 810, 811, 814, 815, 816, 817, 818, 819], "excluded_lines": [], "executed_branches": [[78, 79], [146, 147], [146, 149], [152, 153], [152, 155], [188, 190], [328, 338], [370, 371], [370, 373], [376, 380], [404, 405], [423, 428], [461, 462], [461, 464], [571, 573], [607, 608], [633, 634], [639, 640], [643, 644], [645, 646], [653, 659], [659, 660], [665, 666], [669, 670], [671, 672], [675, 676], [681, 682], [687, 688], [693, 694], [693, 701], [711, 712], [717, 718], [719, 720], [721, 722], [725, 726], [728, 729], [742, 743], [747, 748], [749, 750], [751, 752], [753, 754]], "missing_branches": [[78, 89], [188, 189], [328, 329], [376, 377], [404, 416], [423, 424], [504, 505], [504, 511], [527, 528], [527, 532], [571, 572], [607, 629], [633, 639], [639, 659], [643, 645], [645, 653], [653, 654], [659, 665], [665, 675], [669, 671], [671, 675], [675, 681], [681, 687], [687, 693], [711, 761], [717, 719], [719, 721], [721, 725], [725, 736], [728, 733], [742, 761], [747, 749], [749, 751], [751, 753], [753, 761], [757, 758], [757, 761], [758, 757], [758, 759], [790, 791], [790, 795], [798, 799], [798, 806], [807, 808], [807, 810], [810, 811], [810, 819], [814, 810], [814, 815]], "functions": {"SegmentationMetrics._normalize_masks": {"executed_lines": [146, 147, 149, 152, 153, 155, 156], "summary": {"covered_lines": 7, "num_statements": 7, "percent_covered": 100.0, "percent_covered_display": "100.00", "missing_lines": 0, "excluded_lines": 0, "percent_statements_covered": 100.0, "percent_statements_covered_display": "100.00", "num_branches": 4, "num_partial_branches": 0, "covered_branches": 4, "missing_branches": 0, "percent_branches_covered": 100.0, "percent_branches_covered_display": "100.00"}, "missing_lines": [], "excluded_lines": [], "start_line": 121, "executed_branches": [[146, 147], [146, 149], [152, 153], [152, 155]], "missing_branches": []}, "SegmentationMetrics.calculate_iou": {"executed_lines": [181, 186, 187, 188, 190], "summary": {"covered_lines": 5, "num_statements": 6, "percent_covered": 75.0, "percent_covered_display": "75.00", "missing_lines": 1, "excluded_lines": 0, "percent_statements_covered": 83.33333333333333, "percent_statements_covered_display": "83.33", "num_branches": 2, "num_partial_branches": 1, "covered_branches": 1, "missing_branches": 1, "percent_branches_covered": 50.0, "percent_branches_covered_display": "50.00"}, "missing_lines": [189], "excluded_lines": [], "start_line": 160, "executed_branches": [[188, 190]], "missing_branches": [[188, 189]]}, "SegmentationMetrics.calculate_accuracy_sklearn": {"executed_lines": [209, 213, 214, 215, 216, 217, 218], "summary": {"covered_lines": 7, "num_statements": 7, "percent_covered": 100.0, "percent_covered_display": "100.00", "missing_lines": 0, "excluded_lines": 0, "percent_statements_covered": 100.0, "percent_statements_covered_display": "100.00", "num_branches": 0, "num_partial_branches": 0, "covered_branches": 0, "missing_branches": 0, "percent_branches_covered": 100.0, "percent_branches_covered_display": "100.00"}, "missing_lines": [], "excluded_lines": [], "start_line": 194, "executed_branches": [], "missing_branches": []}, "SegmentationMetrics.calculate_jaccard_sklearn": {"executed_lines": [237, 241, 242, 245], "summary": {"covered_lines": 4, "num_statements": 7, "percent_covered": 57.142857142857146, "percent_covered_display": "57.14", "missing_lines": 3, "excluded_lines": 0, "percent_statements_covered": 57.142857142857146, "percent_statements_covered_display": "57.14", "num_branches": 0, "num_partial_branches": 0, "covered_branches": 0, "missing_branches": 0, "percent_branches_covered": 100.0, "percent_branches_covered_display": "100.00"}, "missing_lines": [246, 247, 248], "excluded_lines": [], "start_line": 222, "executed_branches": [], "missing_branches": []}, "SegmentationMetrics.calculate_dice_coefficient": {"executed_lines": [274, 277, 278, 281], "summary": {"covered_lines": 4, "num_statements": 4, "percent_covered": 100.0, "percent_covered_display": "100.00", "missing_lines": 0, "excluded_lines": 0, "percent_statements_covered": 100.0, "percent_statements_covered_display": "100.00", "num_branches": 0, "num_partial_branches": 0, "covered_branches": 0, "missing_branches": 0, "percent_branches_covered": 100.0, "percent_branches_covered_display": "100.00"}, "missing_lines": [], "excluded_lines": [], "start_line": 252, "executed_branches": [], "missing_branches": []}, "SegmentationMetrics.calculate_precision_recall": {"executed_lines": [308, 313, 316, 321, 325, 326, 328, 338], "summary": {"covered_lines": 8, "num_statements": 12, "percent_covered": 64.28571428571429, "percent_covered_display": "64.29", "missing_lines": 4, "excluded_lines": 0, "percent_statements_covered": 66.66666666666667, "percent_statements_covered_display": "66.67", "num_branches": 2, "num_partial_branches": 1, "covered_branches": 1, "missing_branches": 1, "percent_branches_covered": 50.0, "percent_branches_covered_display": "50.00"}, "missing_lines": [329, 330, 331, 334], "excluded_lines": [], "start_line": 285, "executed_branches": [[328, 338]], "missing_branches": [[328, 329]]}, "SegmentationMetrics.calculate_f1_score": {"executed_lines": [364, 367, 370, 371, 373, 375, 376, 380], "summary": {"covered_lines": 8, "num_statements": 9, "percent_covered": 84.61538461538461, "percent_covered_display": "84.62", "missing_lines": 1, "excluded_lines": 0, "percent_statements_covered": 88.88888888888889, "percent_statements_covered_display": "88.89", "num_branches": 4, "num_partial_branches": 1, "covered_branches": 3, "missing_branches": 1, "percent_branches_covered": 75.0, "percent_branches_covered_display": "75.00"}, "missing_lines": [377], "excluded_lines": [], "start_line": 342, "executed_branches": [[370, 371], [370, 373], [376, 380]], "missing_branches": [[376, 377]]}, "SegmentationMetrics.calculate_mae": {"executed_lines": [404, 405, 410, 420, 423, 428], "summary": {"covered_lines": 6, "num_statements": 10, "percent_covered": 57.142857142857146, "percent_covered_display": "57.14", "missing_lines": 4, "excluded_lines": 0, "percent_statements_covered": 60.0, "percent_statements_covered_display": "60.00", "num_branches": 4, "num_partial_branches": 2, "covered_branches": 2, "missing_branches": 2, "percent_branches_covered": 50.0, "percent_branches_covered_display": "50.00"}, "missing_lines": [416, 417, 424, 425], "excluded_lines": [], "start_line": 384, "executed_branches": [[404, 405], [423, 428]], "missing_branches": [[404, 416], [423, 424]]}, "SegmentationMetrics.calculate_hausdorff_distance": {"executed_lines": [452, 457, 458, 461, 462, 464, 466, 467, 468, 471], "summary": {"covered_lines": 10, "num_statements": 12, "percent_covered": 85.71428571428571, "percent_covered_display": "85.71", "missing_lines": 2, "excluded_lines": 0, "percent_statements_covered": 83.33333333333333, "percent_statements_covered_display": "83.33", "num_branches": 2, "num_partial_branches": 0, "covered_branches": 2, "missing_branches": 0, "percent_branches_covered": 100.0, "percent_branches_covered_display": "100.00"}, "missing_lines": [469, 470], "excluded_lines": [], "start_line": 432, "executed_branches": [[461, 462], [461, 464]], "missing_branches": []}, "SegmentationMetrics.calculate_clustering_metrics": {"executed_lines": [], "summary": {"covered_lines": 0, "num_statements": 23, "percent_covered": 0.0, "percent_covered_display": "0.00", "missing_lines": 23, "excluded_lines": 0, "percent_statements_covered": 0.0, "percent_statements_covered_display": "0.00", "num_branches": 4, "num_partial_branches": 0, "covered_branches": 0, "missing_branches": 4, "percent_branches_covered": 0.0, "percent_branches_covered_display": "0.00"}, "missing_lines": [502, 504, 505, 511, 512, 515, 516, 520, 523, 525, 526, 527, 528, 529, 530, 532, 533, 534, 535, 537, 538, 539, 540], "excluded_lines": [], "start_line": 475, "executed_branches": [], "missing_branches": [[504, 505], [504, 511], [527, 528], [527, 532]]}, "SegmentationMetrics.calculate_pixel_accuracy": {"executed_lines": [564, 568, 569, 571, 573], "summary": {"covered_lines": 5, "num_statements": 6, "percent_covered": 75.0, "percent_covered_display": "75.00", "missing_lines": 1, "excluded_lines": 0, "percent_statements_covered": 83.33333333333333, "percent_statements_covered_display": "83.33", "num_branches": 2, "num_partial_branches": 1, "covered_branches": 1, "missing_branches": 1, "percent_branches_covered": 50.0, "percent_branches_covered_display": "50.00"}, "missing_lines": [572], "excluded_lines": [], "start_line": 544, "executed_branches": [[571, 573]], "missing_branches": [[571, 572]]}, "SegmentationMetrics.calculate_all_metrics": {"executed_lines": [605, 607, 608, 629, 633, 634, 639, 640, 643, 644, 645, 646, 651, 653, 659, 660, 665, 666, 669, 670, 671, 672, 675, 676, 681, 682, 687, 688, 693, 694, 701, 711, 712, 717, 718, 719, 720, 721, 722, 723, 724, 725, 726, 727, 728, 729, 736, 742, 743, 744, 747, 748, 749, 750, 751, 752, 753, 754, 761], "summary": {"covered_lines": 59, "num_statements": 66, "percent_covered": 70.83333333333333, "percent_covered_display": "70.83", "missing_lines": 7, "excluded_lines": 0, "percent_statements_covered": 89.39393939393939, "percent_statements_covered_display": "89.39", "num_branches": 54, "num_partial_branches": 24, "covered_branches": 26, "missing_branches": 28, "percent_branches_covered": 48.148148148148145, "percent_branches_covered_display": "48.15"}, "missing_lines": [654, 733, 755, 756, 757, 758, 759], "excluded_lines": [], "start_line": 577, "executed_branches": [[607, 608], [633, 634], [639, 640], [643, 644], [645, 646], [653, 659], [659, 660], [665, 666], [669, 670], [671, 672], [675, 676], [681, 682], [687, 688], [693, 694], [693, 701], [711, 712], [717, 718], [719, 720], [721, 722], [725, 726], [728, 729], [742, 743], [747, 748], [749, 750], [751, 752], [753, 754]], "missing_branches": [[607, 629], [633, 639], [639, 659], [643, 645], [645, 653], [653, 654], [659, 665], [665, 675], [669, 671], [671, 675], [675, 681], [681, 687], [687, 693], [711, 761], [717, 719], [719, 721], [721, 725], [725, 736], [728, 733], [742, 761], [747, 749], [749, 751], [751, 753], [753, 761], [757, 758], [757, 761], [758, 757], [758, 759]]}, "SegmentationMetrics.calculate_all_metrics._need": {"executed_lines": [630], "summary": {"covered_lines": 1, "num_statements": 1, "percent_covered": 100.0, "percent_covered_display": "100.00", "missing_lines": 0, "excluded_lines": 0, "percent_statements_covered": 100.0, "percent_statements_covered_display": "100.00", "num_branches": 0, "num_partial_branches": 0, "covered_branches": 0, "missing_branches": 0, "percent_branches_covered": 100.0, "percent_branches_covered_display": "100.00"}, "missing_lines": [], "excluded_lines": [], "start_line": 629, "executed_branches": [], "missing_branches": []}, "SegmentationMetrics.evaluate_multiple_masks": {"executed_lines": [], "summary": {"covered_lines": 0, "num_statements": 19, "percent_covered": 0.0, "percent_covered_display": "0.00", "missing_lines": 19, "excluded_lines": 0, "percent_statements_covered": 0.0, "percent_statements_covered_display": "0.00", "num_branches": 10, "num_partial_branches": 0, "covered_branches": 0, "missing_branches": 10, "percent_branches_covered": 0.0, "percent_branches_covered_display": "0.00"}, "missing_lines": [790, 791, 795, 796, 798, 799, 802, 803, 806, 807, 808, 810, 811, 814, 815, 816, 817, 818, 819], "excluded_lines": [], "start_line": 765, "executed_branches": [], "missing_branches": [[790, 791], [790, 795], [798, 799], [798, 806], [807, 808], [807, 810], [810, 811], [810, 819], [814, 810], [814, 815]]}, "": {"executed_lines": [53, 55, 56, 58, 59, 60, 73, 76, 77, 78, 79, 80, 83, 84, 89, 90, 91, 92, 95, 120, 121, 159, 160, 193, 194, 221, 222, 251, 252, 284, 285, 341, 342, 383, 384, 431, 432, 474, 475, 543, 544, 576, 577, 764, 765], "summary": {"covered_lines": 45, "num_statements": 45, "percent_covered": 97.87234042553192, "percent_covered_display": "97.87", "missing_lines": 0, "excluded_lines": 0, "percent_statements_covered": 100.0, "percent_statements_covered_display": "100.00", "num_branches": 2, "num_partial_branches": 1, "covered_branches": 1, "missing_branches": 1, "percent_branches_covered": 50.0, "percent_branches_covered_display": "50.00"}, "missing_lines": [], "excluded_lines": [], "start_line": 1, "executed_branches": [[78, 79]], "missing_branches": [[78, 89]]}}, "classes": {"SegmentationMetrics": {"executed_lines": [146, 147, 149, 152, 153, 155, 156, 181, 186, 187, 188, 190, 209, 213, 214, 215, 216, 217, 218, 237, 241, 242, 245, 274, 277, 278, 281, 308, 313, 316, 321, 325, 326, 328, 338, 364, 367, 370, 371, 373, 375, 376, 380, 404, 405, 410, 420, 423, 428, 452, 457, 458, 461, 462, 464, 466, 467, 468, 471, 564, 568, 569, 571, 573, 605, 607, 608, 629, 630, 633, 634, 639, 640, 643, 644, 645, 646, 651, 653, 659, 660, 665, 666, 669, 670, 671, 672, 675, 676, 681, 682, 687, 688, 693, 694, 701, 711, 712, 717, 718, 719, 720, 721, 722, 723, 724, 725, 726, 727, 728, 729, 736, 742, 743, 744, 747, 748, 749, 750, 751, 752, 753, 754, 761], "summary": {"covered_lines": 124, "num_statements": 189, "percent_covered": 59.2057761732852, "percent_covered_display": "59.21", "missing_lines": 65, "excluded_lines": 0, "percent_statements_covered": 65.60846560846561, "percent_statements_covered_display": "65.61", "num_branches": 88, "num_partial_branches": 30, "covered_branches": 40, "missing_branches": 48, "percent_branches_covered": 45.45454545454545, "percent_branches_covered_display": "45.45"}, "missing_lines": [189, 246, 247, 248, 329, 330, 331, 334, 377, 416, 417, 424, 425, 469, 470, 502, 504, 505, 511, 512, 515, 516, 520, 523, 525, 526, 527, 528, 529, 530, 532, 533, 534, 535, 537, 538, 539, 540, 572, 654, 733, 755, 756, 757, 758, 759, 790, 791, 795, 796, 798, 799, 802, 803, 806, 807, 808, 810, 811, 814, 815, 816, 817, 818, 819], "excluded_lines": [], "start_line": 95, "executed_branches": [[146, 147], [146, 149], [152, 153], [152, 155], [188, 190], [328, 338], [370, 371], [370, 373], [376, 380], [404, 405], [423, 428], [461, 462], [461, 464], [571, 573], [607, 608], [633, 634], [639, 640], [643, 644], [645, 646], [653, 659], [659, 660], [665, 666], [669, 670], [671, 672], [675, 676], [681, 682], [687, 688], [693, 694], [693, 701], [711, 712], [717, 718], [719, 720], [721, 722], [725, 726], [728, 729], [742, 743], [747, 748], [749, 750], [751, 752], [753, 754]], "missing_branches": [[188, 189], [328, 329], [376, 377], [404, 416], [423, 424], [504, 505], [504, 511], [527, 528], [527, 532], [571, 572], [607, 629], [633, 639], [639, 659], [643, 645], [645, 653], [653, 654], [659, 665], [665, 675], [669, 671], [671, 675], [675, 681], [681, 687], [687, 693], [711, 761], [717, 719], [719, 721], [721, 725], [725, 736], [728, 733], [742, 761], [747, 749], [749, 751], [751, 753], [753, 761], [757, 758], [757, 761], [758, 757], [758, 759], [790, 791], [790, 795], [798, 799], [798, 806], [807, 808], [807, 810], [810, 811], [810, 819], [814, 810], [814, 815]]}, "": {"executed_lines": [53, 55, 56, 58, 59, 60, 73, 76, 77, 78, 79, 80, 83, 84, 89, 90, 91, 92, 95, 120, 121, 159, 160, 193, 194, 221, 222, 251, 252, 284, 285, 341, 342, 383, 384, 431, 432, 474, 475, 543, 544, 576, 577, 764, 765], "summary": {"covered_lines": 45, "num_statements": 45, "percent_covered": 97.87234042553192, "percent_covered_display": "97.87", "missing_lines": 0, "excluded_lines": 0, "percent_statements_covered": 100.0, "percent_statements_covered_display": "100.00", "num_branches": 2, "num_partial_branches": 1, "covered_branches": 1, "missing_branches": 1, "percent_branches_covered": 50.0, "percent_branches_covered_display": "50.00"}, "missing_lines": [], "excluded_lines": [], "start_line": 1, "executed_branches": [[78, 79]], "missing_branches": [[78, 89]]}}}, "segmenters/AutoSegmenter.py": {"executed_lines": [], "summary": {"covered_lines": 0, "num_statements": 219, "percent_covered": 0.0, "percent_covered_display": "0.00", "missing_lines": 219, "excluded_lines": 0, "percent_statements_covered": 0.0, "percent_statements_covered_display": "0.00", "num_branches": 58, "num_partial_branches": 0, "covered_branches": 0, "missing_branches": 58, "percent_branches_covered": 0.0, "percent_branches_covered_display": "0.00"}, "missing_lines": [47, 49, 50, 52, 53, 55, 56, 59, 61, 64, 73, 74, 75, 76, 79, 81, 84, 85, 86, 87, 88, 91, 92, 97, 98, 99, 100, 101, 102, 103, 109, 119, 120, 121, 122, 126, 141, 142, 143, 144, 145, 146, 147, 151, 152, 170, 171, 172, 173, 174, 175, 176, 177, 178, 179, 183, 184, 203, 204, 205, 206, 207, 208, 209, 210, 211, 212, 213, 216, 217, 222, 3858, 3863, 3869, 3895, 3914, 3923, 3924, 3925, 3928, 3930, 3931, 3932, 3935, 3947, 4883, 4899, 5303, 5322, 5323, 5324, 5327, 5347, 5348, 5349, 5351, 5352, 5353, 5356, 5357, 5358, 5359, 5364, 5367, 5368, 5371, 5372, 5375, 5376, 5377, 5378, 5381, 5389, 5403, 5430, 5431, 5434, 5435, 5438, 5439, 5442, 5443, 5445, 5448, 5485, 5486, 5488, 5489, 5491, 5493, 5495, 5496, 5497, 5498, 5501, 5504, 5505, 5507, 5512, 5513, 5516, 5518, 5519, 5521, 5524, 5525, 5552, 5555, 5562, 5563, 5566, 5569, 5570, 5573, 5580, 5581, 5584, 5585, 5588, 5589, 5591, 5594, 5652, 5653, 5654, 5655, 5657, 5659, 5662, 5667, 5668, 5671, 5672, 5673, 5676, 5677, 5678, 5679, 5680, 5683, 5686, 5689, 5692, 5693, 5694, 5696, 5698, 5700, 5701, 5703, 5704, 5705, 5712, 5714, 5717, 5734, 5735, 5737, 5738, 5739, 5741, 5742, 5743, 5745, 5747, 5749, 5752, 5788, 5789, 5791, 5792, 5795, 5802, 5806, 5807, 5808, 5819, 5825, 5834], "excluded_lines": [], "executed_branches": [], "missing_branches": [[55, 56], [55, 59], [86, 87], [86, 97], [3930, -3895], [3930, 3931], [3931, 3930], [3931, 3932], [5322, 5323], [5322, 5324], [5347, 5348], [5347, 5351], [5430, 5431], [5430, 5434], [5434, 5435], [5434, 5438], [5438, 5439], [5438, 5442], [5442, 5443], [5442, 5445], [5485, 5486], [5485, 5488], [5488, 5489], [5488, 5491], [5495, 5496], [5495, 5504], [5496, 5497], [5496, 5498], [5504, 5505], [5504, 5507], [5580, 5581], [5580, 5584], [5584, 5585], [5584, 5588], [5588, 5589], [5588, 5591], [5657, 5659], [5657, 5667], [5667, 5668], [5667, 5671], [5671, 5672], [5671, 5676], [5693, 5694], [5693, 5696], [5698, 5700], [5698, 5703], [5703, 5704], [5703, 5714], [5734, 5735], [5734, 5738], [5738, 5739], [5738, 5742], [5742, 5743], [5742, 5747], [5791, 5792], [5791, 5802], [5807, 5808], [5807, 5819]], "functions": {"AutoSegmenter.__init__": {"executed_lines": [], "summary": {"covered_lines": 0, "num_statements": 8, "percent_covered": 0.0, "percent_covered_display": "0.00", "missing_lines": 8, "excluded_lines": 0, "percent_statements_covered": 0.0, "percent_statements_covered_display": "0.00", "num_branches": 4, "num_partial_branches": 0, "covered_branches": 0, "missing_branches": 4, "percent_branches_covered": 0.0, "percent_branches_covered_display": "0.00"}, "missing_lines": [3914, 3923, 3924, 3925, 3928, 3930, 3931, 3932], "excluded_lines": [], "start_line": 3895, "executed_branches": [], "missing_branches": [[3930, -3895], [3930, 3931], [3931, 3930], [3931, 3932]]}, "AutoSegmenter._register_methods": {"executed_lines": [], "summary": {"covered_lines": 0, "num_statements": 1, "percent_covered": 0.0, "percent_covered_display": "0.00", "missing_lines": 1, "excluded_lines": 0, "percent_statements_covered": 0.0, "percent_statements_covered_display": "0.00", "num_branches": 0, "num_partial_branches": 0, "covered_branches": 0, "missing_branches": 0, "percent_branches_covered": 100.0, "percent_branches_covered_display": "100.00"}, "missing_lines": [3947], "excluded_lines": [], "start_line": 3935, "executed_branches": [], "missing_branches": []}, "AutoSegmenter._load_benchmark_data": {"executed_lines": [], "summary": {"covered_lines": 0, "num_statements": 1, "percent_covered": 0.0, "percent_covered_display": "0.00", "missing_lines": 1, "excluded_lines": 0, "percent_statements_covered": 0.0, "percent_statements_covered_display": "0.00", "num_branches": 0, "num_partial_branches": 0, "covered_branches": 0, "missing_branches": 0, "percent_branches_covered": 100.0, "percent_branches_covered_display": "100.00"}, "missing_lines": [4899], "excluded_lines": [], "start_line": 4883, "executed_branches": [], "missing_branches": []}, "AutoSegmenter.get_available_methods": {"executed_lines": [], "summary": {"covered_lines": 0, "num_statements": 3, "percent_covered": 0.0, "percent_covered_display": "0.00", "missing_lines": 3, "excluded_lines": 0, "percent_statements_covered": 0.0, "percent_statements_covered_display": "0.00", "num_branches": 2, "num_partial_branches": 0, "covered_branches": 0, "missing_branches": 2, "percent_branches_covered": 0.0, "percent_branches_covered_display": "0.00"}, "missing_lines": [5322, 5323, 5324], "excluded_lines": [], "start_line": 5303, "executed_branches": [], "missing_branches": [[5322, 5323], [5322, 5324]]}, "AutoSegmenter.analyze_image": {"executed_lines": [], "summary": {"covered_lines": 0, "num_statements": 21, "percent_covered": 0.0, "percent_covered_display": "0.00", "missing_lines": 21, "excluded_lines": 0, "percent_statements_covered": 0.0, "percent_statements_covered_display": "0.00", "num_branches": 2, "num_partial_branches": 0, "covered_branches": 0, "missing_branches": 2, "percent_branches_covered": 0.0, "percent_branches_covered_display": "0.00"}, "missing_lines": [5347, 5348, 5349, 5351, 5352, 5353, 5356, 5357, 5358, 5359, 5364, 5367, 5368, 5371, 5372, 5375, 5376, 5377, 5378, 5381, 5389], "excluded_lines": [], "start_line": 5327, "executed_branches": [], "missing_branches": [[5347, 5348], [5347, 5351]]}, "AutoSegmenter._estimate_image_type": {"executed_lines": [], "summary": {"covered_lines": 0, "num_statements": 9, "percent_covered": 0.0, "percent_covered_display": "0.00", "missing_lines": 9, "excluded_lines": 0, "percent_statements_covered": 0.0, "percent_statements_covered_display": "0.00", "num_branches": 8, "num_partial_branches": 0, "covered_branches": 0, "missing_branches": 8, "percent_branches_covered": 0.0, "percent_branches_covered_display": "0.00"}, "missing_lines": [5430, 5431, 5434, 5435, 5438, 5439, 5442, 5443, 5445], "excluded_lines": [], "start_line": 5403, "executed_branches": [], "missing_branches": [[5430, 5431], [5430, 5434], [5434, 5435], [5434, 5438], [5438, 5439], [5438, 5442], [5442, 5443], [5442, 5445]]}, "AutoSegmenter.select_best_method": {"executed_lines": [], "summary": {"covered_lines": 0, "num_statements": 20, "percent_covered": 0.0, "percent_covered_display": "0.00", "missing_lines": 20, "excluded_lines": 0, "percent_statements_covered": 0.0, "percent_statements_covered_display": "0.00", "num_branches": 10, "num_partial_branches": 0, "covered_branches": 0, "missing_branches": 10, "percent_branches_covered": 0.0, "percent_branches_covered_display": "0.00"}, "missing_lines": [5485, 5486, 5488, 5489, 5491, 5493, 5495, 5496, 5497, 5498, 5501, 5504, 5505, 5507, 5512, 5513, 5516, 5518, 5519, 5521], "excluded_lines": [], "start_line": 5448, "executed_branches": [], "missing_branches": [[5485, 5486], [5485, 5488], [5488, 5489], [5488, 5491], [5495, 5496], [5495, 5504], [5496, 5497], [5496, 5498], [5504, 5505], [5504, 5507]]}, "AutoSegmenter._calculate_method_score": {"executed_lines": [], "summary": {"covered_lines": 0, "num_statements": 15, "percent_covered": 0.0, "percent_covered_display": "0.00", "missing_lines": 15, "excluded_lines": 0, "percent_statements_covered": 0.0, "percent_statements_covered_display": "0.00", "num_branches": 6, "num_partial_branches": 0, "covered_branches": 0, "missing_branches": 6, "percent_branches_covered": 0.0, "percent_branches_covered_display": "0.00"}, "missing_lines": [5552, 5555, 5562, 5563, 5566, 5569, 5570, 5573, 5580, 5581, 5584, 5585, 5588, 5589, 5591], "excluded_lines": [], "start_line": 5525, "executed_branches": [], "missing_branches": [[5580, 5581], [5580, 5584], [5584, 5585], [5584, 5588], [5588, 5589], [5588, 5591]]}, "AutoSegmenter.segment": {"executed_lines": [], "summary": {"covered_lines": 0, "num_statements": 32, "percent_covered": 0.0, "percent_covered_display": "0.00", "missing_lines": 32, "excluded_lines": 0, "percent_statements_covered": 0.0, "percent_statements_covered_display": "0.00", "num_branches": 12, "num_partial_branches": 0, "covered_branches": 0, "missing_branches": 12, "percent_branches_covered": 0.0, "percent_branches_covered_display": "0.00"}, "missing_lines": [5652, 5653, 5654, 5655, 5657, 5659, 5662, 5667, 5668, 5671, 5672, 5673, 5676, 5677, 5678, 5679, 5680, 5683, 5686, 5689, 5692, 5693, 5694, 5696, 5698, 5700, 5701, 5703, 5704, 5705, 5712, 5714], "excluded_lines": [], "start_line": 5594, "executed_branches": [], "missing_branches": [[5657, 5659], [5657, 5667], [5667, 5668], [5667, 5671], [5671, 5672], [5671, 5676], [5693, 5694], [5693, 5696], [5698, 5700], [5698, 5703], [5703, 5704], [5703, 5714]]}, "AutoSegmenter._get_segmenter_class": {"executed_lines": [], "summary": {"covered_lines": 0, "num_statements": 11, "percent_covered": 0.0, "percent_covered_display": "0.00", "missing_lines": 11, "excluded_lines": 0, "percent_statements_covered": 0.0, "percent_statements_covered_display": "0.00", "num_branches": 6, "num_partial_branches": 0, "covered_branches": 0, "missing_branches": 6, "percent_branches_covered": 0.0, "percent_branches_covered_display": "0.00"}, "missing_lines": [5734, 5735, 5737, 5738, 5739, 5741, 5742, 5743, 5745, 5747, 5749], "excluded_lines": [], "start_line": 5717, "executed_branches": [], "missing_branches": [[5734, 5735], [5734, 5738], [5738, 5739], [5738, 5742], [5742, 5743], [5742, 5747]]}, "AutoSegmenter.get_recommendations": {"executed_lines": [], "summary": {"covered_lines": 0, "num_statements": 10, "percent_covered": 0.0, "percent_covered_display": "0.00", "missing_lines": 10, "excluded_lines": 0, "percent_statements_covered": 0.0, "percent_statements_covered_display": "0.00", "num_branches": 4, "num_partial_branches": 0, "covered_branches": 0, "missing_branches": 4, "percent_branches_covered": 0.0, "percent_branches_covered_display": "0.00"}, "missing_lines": [5788, 5789, 5791, 5792, 5795, 5802, 5806, 5807, 5808, 5819], "excluded_lines": [], "start_line": 5752, "executed_branches": [], "missing_branches": [[5791, 5792], [5791, 5802], [5807, 5808], [5807, 5819]]}, "": {"executed_lines": [], "summary": {"covered_lines": 0, "num_statements": 88, "percent_covered": 0.0, "percent_covered_display": "0.00", "missing_lines": 88, "excluded_lines": 0, "percent_statements_covered": 0.0, "percent_statements_covered_display": "0.00", "num_branches": 4, "num_partial_branches": 0, "covered_branches": 0, "missing_branches": 4, "percent_branches_covered": 0.0, "percent_branches_covered_display": "0.00"}, "missing_lines": [47, 49, 50, 52, 53, 55, 56, 59, 61, 64, 73, 74, 75, 76, 79, 81, 84, 85, 86, 87, 88, 91, 92, 97, 98, 99, 100, 101, 102, 103, 109, 119, 120, 121, 122, 126, 141, 142, 143, 144, 145, 146, 147, 151, 152, 170, 171, 172, 173, 174, 175, 176, 177, 178, 179, 183, 184, 203, 204, 205, 206, 207, 208, 209, 210, 211, 212, 213, 216, 217, 222, 3858, 3863, 3869, 3895, 3935, 4883, 5303, 5327, 5403, 5448, 5524, 5525, 5594, 5717, 5752, 5825, 5834], "excluded_lines": [], "start_line": 1, "executed_branches": [], "missing_branches": [[55, 56], [55, 59], [86, 87], [86, 97]]}}, "classes": {"SegmentationGoal": {"executed_lines": [], "summary": {"covered_lines": 0, "num_statements": 0, "percent_covered": 100.0, "percent_covered_display": "100.00", "missing_lines": 0, "excluded_lines": 0, "percent_statements_covered": 100.0, "percent_statements_covered_display": "100.00", "num_branches": 0, "num_partial_branches": 0, "covered_branches": 0, "missing_branches": 0, "percent_branches_covered": 100.0, "percent_branches_covered_display": "100.00"}, "missing_lines": [], "excluded_lines": [], "start_line": 109, "executed_branches": [], "missing_branches": []}, "ImageType": {"executed_lines": [], "summary": {"covered_lines": 0, "num_statements": 0, "percent_covered": 100.0, "percent_covered_display": "100.00", "missing_lines": 0, "excluded_lines": 0, "percent_statements_covered": 100.0, "percent_statements_covered_display": "100.00", "num_branches": 0, "num_partial_branches": 0, "covered_branches": 0, "missing_branches": 0, "percent_branches_covered": 100.0, "percent_branches_covered_display": "100.00"}, "missing_lines": [], "excluded_lines": [], "start_line": 126, "executed_branches": [], "missing_branches": []}, "ImageCharacteristics": {"executed_lines": [], "summary": {"covered_lines": 0, "num_statements": 0, "percent_covered": 100.0, "percent_covered_display": "100.00", "missing_lines": 0, "excluded_lines": 0, "percent_statements_covered": 100.0, "percent_statements_covered_display": "100.00", "num_branches": 0, "num_partial_branches": 0, "covered_branches": 0, "missing_branches": 0, "percent_branches_covered": 100.0, "percent_branches_covered_display": "100.00"}, "missing_lines": [], "excluded_lines": [], "start_line": 152, "executed_branches": [], "missing_branches": []}, "MethodProfile": {"executed_lines": [], "summary": {"covered_lines": 0, "num_statements": 0, "percent_covered": 100.0, "percent_covered_display": "100.00", "missing_lines": 0, "excluded_lines": 0, "percent_statements_covered": 100.0, "percent_statements_covered_display": "100.00", "num_branches": 0, "num_partial_branches": 0, "covered_branches": 0, "missing_branches": 0, "percent_branches_covered": 100.0, "percent_branches_covered_display": "100.00"}, "missing_lines": [], "excluded_lines": [], "start_line": 184, "executed_branches": [], "missing_branches": []}, "AutoSegmenter": {"executed_lines": [], "summary": {"covered_lines": 0, "num_statements": 131, "percent_covered": 0.0, "percent_covered_display": "0.00", "missing_lines": 131, "excluded_lines": 0, "percent_statements_covered": 0.0, "percent_statements_covered_display": "0.00", "num_branches": 54, "num_partial_branches": 0, "covered_branches": 0, "missing_branches": 54, "percent_branches_covered": 0.0, "percent_branches_covered_display": "0.00"}, "missing_lines": [3914, 3923, 3924, 3925, 3928, 3930, 3931, 3932, 3947, 4899, 5322, 5323, 5324, 5347, 5348, 5349, 5351, 5352, 5353, 5356, 5357, 5358, 5359, 5364, 5367, 5368, 5371, 5372, 5375, 5376, 5377, 5378, 5381, 5389, 5430, 5431, 5434, 5435, 5438, 5439, 5442, 5443, 5445, 5485, 5486, 5488, 5489, 5491, 5493, 5495, 5496, 5497, 5498, 5501, 5504, 5505, 5507, 5512, 5513, 5516, 5518, 5519, 5521, 5552, 5555, 5562, 5563, 5566, 5569, 5570, 5573, 5580, 5581, 5584, 5585, 5588, 5589, 5591, 5652, 5653, 5654, 5655, 5657, 5659, 5662, 5667, 5668, 5671, 5672, 5673, 5676, 5677, 5678, 5679, 5680, 5683, 5686, 5689, 5692, 5693, 5694, 5696, 5698, 5700, 5701, 5703, 5704, 5705, 5712, 5714, 5734, 5735, 5737, 5738, 5739, 5741, 5742, 5743, 5745, 5747, 5749, 5788, 5789, 5791, 5792, 5795, 5802, 5806, 5807, 5808, 5819], "excluded_lines": [], "start_line": 3869, "executed_branches": [], "missing_branches": [[3930, -3895], [3930, 3931], [3931, 3930], [3931, 3932], [5322, 5323], [5322, 5324], [5347, 5348], [5347, 5351], [5430, 5431], [5430, 5434], [5434, 5435], [5434, 5438], [5438, 5439], [5438, 5442], [5442, 5443], [5442, 5445], [5485, 5486], [5485, 5488], [5488, 5489], [5488, 5491], [5495, 5496], [5495, 5504], [5496, 5497], [5496, 5498], [5504, 5505], [5504, 5507], [5580, 5581], [5580, 5584], [5584, 5585], [5584, 5588], [5588, 5589], [5588, 5591], [5657, 5659], [5657, 5667], [5667, 5668], [5667, 5671], [5671, 5672], [5671, 5676], [5693, 5694], [5693, 5696], [5698, 5700], [5698, 5703], [5703, 5704], [5703, 5714], [5734, 5735], [5734, 5738], [5738, 5739], [5738, 5742], [5742, 5743], [5742, 5747], [5791, 5792], [5791, 5802], [5807, 5808], [5807, 5819]]}, "": {"executed_lines": [], "summary": {"covered_lines": 0, "num_statements": 88, "percent_covered": 0.0, "percent_covered_display": "0.00", "missing_lines": 88, "excluded_lines": 0, "percent_statements_covered": 0.0, "percent_statements_covered_display": "0.00", "num_branches": 4, "num_partial_branches": 0, "covered_branches": 0, "missing_branches": 4, "percent_branches_covered": 0.0, "percent_branches_covered_display": "0.00"}, "missing_lines": [47, 49, 50, 52, 53, 55, 56, 59, 61, 64, 73, 74, 75, 76, 79, 81, 84, 85, 86, 87, 88, 91, 92, 97, 98, 99, 100, 101, 102, 103, 109, 119, 120, 121, 122, 126, 141, 142, 143, 144, 145, 146, 147, 151, 152, 170, 171, 172, 173, 174, 175, 176, 177, 178, 179, 183, 184, 203, 204, 205, 206, 207, 208, 209, 210, 211, 212, 213, 216, 217, 222, 3858, 3863, 3869, 3895, 3935, 4883, 5303, 5327, 5403, 5448, 5524, 5525, 5594, 5717, 5752, 5825, 5834], "excluded_lines": [], "start_line": 1, "executed_branches": [], "missing_branches": [[55, 56], [55, 59], [86, 87], [86, 97]]}}}, "segmenters/BackendSegmenters.py": {"executed_lines": [], "summary": {"covered_lines": 0, "num_statements": 133, "percent_covered": 0.0, "percent_covered_display": "0.00", "missing_lines": 133, "excluded_lines": 2, "percent_statements_covered": 0.0, "percent_statements_covered_display": "0.00", "num_branches": 42, "num_partial_branches": 0, "covered_branches": 0, "missing_branches": 42, "percent_branches_covered": 0.0, "percent_branches_covered_display": "0.00"}, "missing_lines": [50, 52, 63, 64, 65, 66, 67, 68, 79, 85, 86, 87, 88, 89, 92, 93, 98, 99, 101, 102, 104, 105, 107, 108, 111, 114, 131, 132, 133, 134, 135, 136, 137, 138, 139, 142, 147, 148, 152, 155, 156, 159, 160, 165, 174, 175, 176, 177, 180, 182, 184, 200, 201, 202, 205, 206, 207, 209, 211, 212, 215, 216, 218, 221, 223, 225, 227, 228, 229, 230, 231, 233, 250, 251, 254, 255, 256, 257, 258, 259, 260, 261, 262, 264, 266, 267, 268, 271, 274, 289, 290, 291, 292, 293, 294, 296, 297, 298, 301, 303, 304, 306, 323, 325, 326, 329, 338, 339, 342, 343, 344, 347, 350, 352, 353, 354, 355, 357, 374, 375, 378, 379, 380, 381, 382, 383, 384, 385, 386, 388, 390, 391, 392], "excluded_lines": [81, 82], "executed_branches": [], "missing_branches": [[87, 88], [87, 98], [174, 175], [174, 176], [176, 177], [176, 182], [205, 206], [205, 209], [211, 212], [211, 215], [215, 216], [215, 223], [216, 218], [216, 221], [254, 255], [254, 266], [255, 256], [255, 257], [257, 258], [257, 259], [259, 260], [259, 264], [261, 262], [261, 267], [293, 294], [293, 303], [297, 298], [297, 301], [325, 326], [325, 329], [343, 344], [343, 347], [378, 379], [378, 390], [379, 380], [379, 381], [381, 382], [381, 383], [383, 384], [383, 388], [385, 386], [385, 391]], "functions": {"ONNXSegmenter.__init__": {"executed_lines": [], "summary": {"covered_lines": 0, "num_statements": 17, "percent_covered": 0.0, "percent_covered_display": "0.00", "missing_lines": 17, "excluded_lines": 0, "percent_statements_covered": 0.0, "percent_statements_covered_display": "0.00", "num_branches": 0, "num_partial_branches": 0, "covered_branches": 0, "missing_branches": 0, "percent_branches_covered": 100.0, "percent_branches_covered_display": "100.00"}, "missing_lines": [131, 132, 133, 134, 135, 136, 137, 138, 139, 142, 147, 148, 152, 155, 156, 159, 160], "excluded_lines": [], "start_line": 114, "executed_branches": [], "missing_branches": []}, "ONNXSegmenter._preprocess": {"executed_lines": [], "summary": {"covered_lines": 0, "num_statements": 6, "percent_covered": 0.0, "percent_covered_display": "0.00", "missing_lines": 6, "excluded_lines": 0, "percent_statements_covered": 0.0, "percent_statements_covered_display": "0.00", "num_branches": 4, "num_partial_branches": 0, "covered_branches": 0, "missing_branches": 4, "percent_branches_covered": 0.0, "percent_branches_covered_display": "0.00"}, "missing_lines": [174, 175, 176, 177, 180, 182], "excluded_lines": [], "start_line": 165, "executed_branches": [], "missing_branches": [[174, 175], [174, 176], [176, 177], [176, 182]]}, "ONNXSegmenter.segment": {"executed_lines": [], "summary": {"covered_lines": 0, "num_statements": 20, "percent_covered": 0.0, "percent_covered_display": "0.00", "missing_lines": 20, "excluded_lines": 0, "percent_statements_covered": 0.0, "percent_statements_covered_display": "0.00", "num_branches": 8, "num_partial_branches": 0, "covered_branches": 0, "missing_branches": 8, "percent_branches_covered": 0.0, "percent_branches_covered_display": "0.00"}, "missing_lines": [200, 201, 202, 205, 206, 207, 209, 211, 212, 215, 216, 218, 221, 223, 225, 227, 228, 229, 230, 231], "excluded_lines": [], "start_line": 184, "executed_branches": [], "missing_branches": [[205, 206], [205, 209], [211, 212], [211, 215], [215, 216], [215, 223], [216, 218], [216, 221]]}, "ONNXSegmenter.segment_with_mask": {"executed_lines": [], "summary": {"covered_lines": 0, "num_statements": 15, "percent_covered": 0.0, "percent_covered_display": "0.00", "missing_lines": 15, "excluded_lines": 0, "percent_statements_covered": 0.0, "percent_statements_covered_display": "0.00", "num_branches": 10, "num_partial_branches": 0, "covered_branches": 0, "missing_branches": 10, "percent_branches_covered": 0.0, "percent_branches_covered_display": "0.00"}, "missing_lines": [250, 251, 254, 255, 256, 257, 258, 259, 260, 261, 262, 264, 266, 267, 268], "excluded_lines": [], "start_line": 233, "executed_branches": [], "missing_branches": [[254, 255], [254, 266], [255, 256], [255, 257], [257, 258], [257, 259], [259, 260], [259, 264], [261, 262], [261, 267]]}, "TRTSegmenter.__init__": {"executed_lines": [], "summary": {"covered_lines": 0, "num_statements": 12, "percent_covered": 0.0, "percent_covered_display": "0.00", "missing_lines": 12, "excluded_lines": 0, "percent_statements_covered": 0.0, "percent_statements_covered_display": "0.00", "num_branches": 4, "num_partial_branches": 0, "covered_branches": 0, "missing_branches": 4, "percent_branches_covered": 0.0, "percent_branches_covered_display": "0.00"}, "missing_lines": [289, 290, 291, 292, 293, 294, 296, 297, 298, 301, 303, 304], "excluded_lines": [], "start_line": 274, "executed_branches": [], "missing_branches": [[293, 294], [293, 303], [297, 298], [297, 301]]}, "TRTSegmenter.segment": {"executed_lines": [], "summary": {"covered_lines": 0, "num_statements": 15, "percent_covered": 0.0, "percent_covered_display": "0.00", "missing_lines": 15, "excluded_lines": 0, "percent_statements_covered": 0.0, "percent_statements_covered_display": "0.00", "num_branches": 4, "num_partial_branches": 0, "covered_branches": 0, "missing_branches": 4, "percent_branches_covered": 0.0, "percent_branches_covered_display": "0.00"}, "missing_lines": [323, 325, 326, 329, 338, 339, 342, 343, 344, 347, 350, 352, 353, 354, 355], "excluded_lines": [], "start_line": 306, "executed_branches": [], "missing_branches": [[325, 326], [325, 329], [343, 344], [343, 347]]}, "TRTSegmenter.segment_with_mask": {"executed_lines": [], "summary": {"covered_lines": 0, "num_statements": 15, "percent_covered": 0.0, "percent_covered_display": "0.00", "missing_lines": 15, "excluded_lines": 0, "percent_statements_covered": 0.0, "percent_statements_covered_display": "0.00", "num_branches": 10, "num_partial_branches": 0, "covered_branches": 0, "missing_branches": 10, "percent_branches_covered": 0.0, "percent_branches_covered_display": "0.00"}, "missing_lines": [374, 375, 378, 379, 380, 381, 382, 383, 384, 385, 386, 388, 390, 391, 392], "excluded_lines": [], "start_line": 357, "executed_branches": [], "missing_branches": [[378, 379], [378, 390], [379, 380], [379, 381], [381, 382], [381, 383], [383, 384], [383, 388], [385, 386], [385, 391]]}, "": {"executed_lines": [], "summary": {"covered_lines": 0, "num_statements": 33, "percent_covered": 0.0, "percent_covered_display": "0.00", "missing_lines": 33, "excluded_lines": 2, "percent_statements_covered": 0.0, "percent_statements_covered_display": "0.00", "num_branches": 2, "num_partial_branches": 0, "covered_branches": 0, "missing_branches": 2, "percent_branches_covered": 0.0, "percent_branches_covered_display": "0.00"}, "missing_lines": [50, 52, 63, 64, 65, 66, 67, 68, 79, 85, 86, 87, 88, 89, 92, 93, 98, 99, 101, 102, 104, 105, 107, 108, 111, 114, 165, 184, 233, 271, 274, 306, 357], "excluded_lines": [81, 82], "start_line": 1, "executed_branches": [], "missing_branches": [[87, 88], [87, 98]]}}, "classes": {"ONNXSegmenter": {"executed_lines": [], "summary": {"covered_lines": 0, "num_statements": 58, "percent_covered": 0.0, "percent_covered_display": "0.00", "missing_lines": 58, "excluded_lines": 0, "percent_statements_covered": 0.0, "percent_statements_covered_display": "0.00", "num_branches": 22, "num_partial_branches": 0, "covered_branches": 0, "missing_branches": 22, "percent_branches_covered": 0.0, "percent_branches_covered_display": "0.00"}, "missing_lines": [131, 132, 133, 134, 135, 136, 137, 138, 139, 142, 147, 148, 152, 155, 156, 159, 160, 174, 175, 176, 177, 180, 182, 200, 201, 202, 205, 206, 207, 209, 211, 212, 215, 216, 218, 221, 223, 225, 227, 228, 229, 230, 231, 250, 251, 254, 255, 256, 257, 258, 259, 260, 261, 262, 264, 266, 267, 268], "excluded_lines": [], "start_line": 111, "executed_branches": [], "missing_branches": [[174, 175], [174, 176], [176, 177], [176, 182], [205, 206], [205, 209], [211, 212], [211, 215], [215, 216], [215, 223], [216, 218], [216, 221], [254, 255], [254, 266], [255, 256], [255, 257], [257, 258], [257, 259], [259, 260], [259, 264], [261, 262], [261, 267]]}, "TRTSegmenter": {"executed_lines": [], "summary": {"covered_lines": 0, "num_statements": 42, "percent_covered": 0.0, "percent_covered_display": "0.00", "missing_lines": 42, "excluded_lines": 0, "percent_statements_covered": 0.0, "percent_statements_covered_display": "0.00", "num_branches": 18, "num_partial_branches": 0, "covered_branches": 0, "missing_branches": 18, "percent_branches_covered": 0.0, "percent_branches_covered_display": "0.00"}, "missing_lines": [289, 290, 291, 292, 293, 294, 296, 297, 298, 301, 303, 304, 323, 325, 326, 329, 338, 339, 342, 343, 344, 347, 350, 352, 353, 354, 355, 374, 375, 378, 379, 380, 381, 382, 383, 384, 385, 386, 388, 390, 391, 392], "excluded_lines": [], "start_line": 271, "executed_branches": [], "missing_branches": [[293, 294], [293, 303], [297, 298], [297, 301], [325, 326], [325, 329], [343, 344], [343, 347], [378, 379], [378, 390], [379, 380], [379, 381], [381, 382], [381, 383], [383, 384], [383, 388], [385, 386], [385, 391]]}, "": {"executed_lines": [], "summary": {"covered_lines": 0, "num_statements": 33, "percent_covered": 0.0, "percent_covered_display": "0.00", "missing_lines": 33, "excluded_lines": 2, "percent_statements_covered": 0.0, "percent_statements_covered_display": "0.00", "num_branches": 2, "num_partial_branches": 0, "covered_branches": 0, "missing_branches": 2, "percent_branches_covered": 0.0, "percent_branches_covered_display": "0.00"}, "missing_lines": [50, 52, 63, 64, 65, 66, 67, 68, 79, 85, 86, 87, 88, 89, 92, 93, 98, 99, 101, 102, 104, 105, 107, 108, 111, 114, 165, 184, 233, 271, 274, 306, 357], "excluded_lines": [81, 82], "start_line": 1, "executed_branches": [], "missing_branches": [[87, 88], [87, 98]]}}}, "segmenters/BaseSegmenter.py": {"executed_lines": [61, 63, 64, 65, 66, 67, 68, 80, 81, 83, 86, 87, 88, 89, 90, 93, 94, 100, 101, 102, 103, 104, 107, 108, 109, 112, 113, 114, 117, 121, 122, 128, 129, 145, 149, 181, 183, 184, 227, 259, 261, 267, 268, 270, 271, 273, 276, 277, 279, 280, 282, 283, 310, 318, 322, 325, 365, 390, 421, 422, 427, 428, 433, 452, 484], "summary": {"covered_lines": 65, "num_statements": 119, "percent_covered": 46.285714285714285, "percent_covered_display": "46.29", "missing_lines": 54, "excluded_lines": 36, "percent_statements_covered": 54.621848739495796, "percent_statements_covered_display": "54.62", "num_branches": 56, "num_partial_branches": 10, "covered_branches": 16, "missing_branches": 40, "percent_branches_covered": 28.571428571428573, "percent_branches_covered_display": "28.57"}, "missing_lines": [142, 262, 263, 264, 265, 269, 274, 284, 286, 288, 289, 291, 293, 296, 297, 298, 300, 302, 303, 304, 306, 311, 316, 319, 320, 353, 354, 357, 358, 361, 362, 382, 383, 385, 412, 413, 414, 415, 416, 447, 448, 449, 470, 471, 472, 473, 474, 475, 476, 477, 479, 480, 481, 497], "excluded_lines": [187, 188, 189, 190, 191, 192, 193, 194, 195, 196, 197, 198, 199, 200, 201, 202, 203, 206, 207, 208, 209, 210, 211, 212, 213, 214, 215, 216, 217, 218, 219, 220, 221, 222, 223, 224], "executed_branches": [[88, 89], [259, 261], [259, 271], [261, 267], [268, 270], [271, 273], [271, 277], [273, 276], [277, 279], [280, 282], [280, 310], [282, 283], [310, 318], [318, 322], [422, 427], [428, 433]], "missing_branches": [[88, 100], [261, 262], [263, 264], [263, 265], [268, 269], [273, 274], [277, 284], [282, 310], [284, 286], [284, 306], [286, 288], [286, 293], [288, 289], [288, 291], [296, 297], [296, 302], [297, 298], [297, 300], [303, 304], [303, 310], [310, 311], [318, 319], [319, 320], [319, 322], [353, 354], [353, 357], [422, -421], [428, -427], [447, 448], [447, 449], [470, 471], [470, 475], [471, 472], [471, 473], [473, 474], [473, 481], [475, 476], [475, 481], [476, 477], [476, 479]], "functions": {"SegmentationMetricsProtocol.calculate_all_metrics": {"executed_lines": [], "summary": {"covered_lines": 0, "num_statements": 1, "percent_covered": 0.0, "percent_covered_display": "0.00", "missing_lines": 1, "excluded_lines": 0, "percent_statements_covered": 0.0, "percent_statements_covered_display": "0.00", "num_branches": 0, "num_partial_branches": 0, "covered_branches": 0, "missing_branches": 0, "percent_branches_covered": 100.0, "percent_branches_covered_display": "100.00"}, "missing_lines": [142], "excluded_lines": [], "start_line": 129, "executed_branches": [], "missing_branches": []}, "BaseSegmenter.__init__": {"executed_lines": [183, 184], "summary": {"covered_lines": 2, "num_statements": 2, "percent_covered": 100.0, "percent_covered_display": "100.00", "missing_lines": 0, "excluded_lines": 0, "percent_statements_covered": 100.0, "percent_statements_covered_display": "100.00", "num_branches": 0, "num_partial_branches": 0, "covered_branches": 0, "missing_branches": 0, "percent_branches_covered": 100.0, "percent_branches_covered_display": "100.00"}, "missing_lines": [], "excluded_lines": [], "start_line": 181, "executed_branches": [], "missing_branches": []}, "BaseSegmenter.segment": {"executed_lines": [], "summary": {"covered_lines": 0, "num_statements": 0, "percent_covered": 100.0, "percent_covered_display": "100.00", "missing_lines": 0, "excluded_lines": 15, "percent_statements_covered": 100.0, "percent_statements_covered_display": "100.00", "num_branches": 0, "num_partial_branches": 0, "covered_branches": 0, "missing_branches": 0, "percent_branches_covered": 100.0, "percent_branches_covered_display": "100.00"}, "missing_lines": [], "excluded_lines": [189, 190, 191, 192, 193, 194, 195, 196, 197, 198, 199, 200, 201, 202, 203], "start_line": 188, "executed_branches": [], "missing_branches": []}, "BaseSegmenter.segment_with_mask": {"executed_lines": [], "summary": {"covered_lines": 0, "num_statements": 0, "percent_covered": 100.0, "percent_covered_display": "100.00", "missing_lines": 0, "excluded_lines": 15, "percent_statements_covered": 100.0, "percent_statements_covered_display": "100.00", "num_branches": 0, "num_partial_branches": 0, "covered_branches": 0, "missing_branches": 0, "percent_branches_covered": 100.0, "percent_branches_covered_display": "100.00"}, "missing_lines": [], "excluded_lines": [210, 211, 212, 213, 214, 215, 216, 217, 218, 219, 220, 221, 222, 223, 224], "start_line": 207, "executed_branches": [], "missing_branches": []}, "BaseSegmenter.preprocess_image": {"executed_lines": [259, 261, 267, 268, 270, 271, 273, 276, 277, 279, 280, 282, 283, 310, 318, 322], "summary": {"covered_lines": 16, "num_statements": 40, "percent_covered": 38.1578947368421, "percent_covered_display": "38.16", "missing_lines": 24, "excluded_lines": 0, "percent_statements_covered": 40.0, "percent_statements_covered_display": "40.00", "num_branches": 36, "num_partial_branches": 7, "covered_branches": 13, "missing_branches": 23, "percent_branches_covered": 36.111111111111114, "percent_branches_covered_display": "36.11"}, "missing_lines": [262, 263, 264, 265, 269, 274, 284, 286, 288, 289, 291, 293, 296, 297, 298, 300, 302, 303, 304, 306, 311, 316, 319, 320], "excluded_lines": [], "start_line": 227, "executed_branches": [[259, 261], [259, 271], [261, 267], [268, 270], [271, 273], [271, 277], [273, 276], [277, 279], [280, 282], [280, 310], [282, 283], [310, 318], [318, 322]], "missing_branches": [[261, 262], [263, 264], [263, 265], [268, 269], [273, 274], [277, 284], [282, 310], [284, 286], [284, 306], [286, 288], [286, 293], [288, 289], [288, 291], [296, 297], [296, 302], [297, 298], [297, 300], [303, 304], [303, 310], [310, 311], [318, 319], [319, 320], [319, 322]]}, "BaseSegmenter.visualize": {"executed_lines": [], "summary": {"covered_lines": 0, "num_statements": 6, "percent_covered": 0.0, "percent_covered_display": "0.00", "missing_lines": 6, "excluded_lines": 0, "percent_statements_covered": 0.0, "percent_statements_covered_display": "0.00", "num_branches": 2, "num_partial_branches": 0, "covered_branches": 0, "missing_branches": 2, "percent_branches_covered": 0.0, "percent_branches_covered_display": "0.00"}, "missing_lines": [353, 354, 357, 358, 361, 362], "excluded_lines": [], "start_line": 325, "executed_branches": [], "missing_branches": [[353, 354], [353, 357]]}, "BaseSegmenter.evaluate_metrics": {"executed_lines": [], "summary": {"covered_lines": 0, "num_statements": 3, "percent_covered": 0.0, "percent_covered_display": "0.00", "missing_lines": 3, "excluded_lines": 0, "percent_statements_covered": 0.0, "percent_statements_covered_display": "0.00", "num_branches": 0, "num_partial_branches": 0, "covered_branches": 0, "missing_branches": 0, "percent_branches_covered": 100.0, "percent_branches_covered_display": "100.00"}, "missing_lines": [382, 383, 385], "excluded_lines": [], "start_line": 365, "executed_branches": [], "missing_branches": []}, "BaseSegmenter.segment_and_evaluate": {"executed_lines": [], "summary": {"covered_lines": 0, "num_statements": 5, "percent_covered": 0.0, "percent_covered_display": "0.00", "missing_lines": 5, "excluded_lines": 0, "percent_statements_covered": 0.0, "percent_statements_covered_display": "0.00", "num_branches": 0, "num_partial_branches": 0, "covered_branches": 0, "missing_branches": 0, "percent_branches_covered": 100.0, "percent_branches_covered_display": "100.00"}, "missing_lines": [412, 413, 414, 415, 416], "excluded_lines": [], "start_line": 390, "executed_branches": [], "missing_branches": []}, "BaseSegmenter.__call__": {"executed_lines": [], "summary": {"covered_lines": 0, "num_statements": 3, "percent_covered": 0.0, "percent_covered_display": "0.00", "missing_lines": 3, "excluded_lines": 0, "percent_statements_covered": 0.0, "percent_statements_covered_display": "0.00", "num_branches": 2, "num_partial_branches": 0, "covered_branches": 0, "missing_branches": 2, "percent_branches_covered": 0.0, "percent_branches_covered_display": "0.00"}, "missing_lines": [447, 448, 449], "excluded_lines": [], "start_line": 433, "executed_branches": [], "missing_branches": [[447, 448], [447, 449]]}, "BaseSegmenter._ensure_binary_mask": {"executed_lines": [], "summary": {"covered_lines": 0, "num_statements": 11, "percent_covered": 0.0, "percent_covered_display": "0.00", "missing_lines": 11, "excluded_lines": 0, "percent_statements_covered": 0.0, "percent_statements_covered_display": "0.00", "num_branches": 10, "num_partial_branches": 0, "covered_branches": 0, "missing_branches": 10, "percent_branches_covered": 0.0, "percent_branches_covered_display": "0.00"}, "missing_lines": [470, 471, 472, 473, 474, 475, 476, 477, 479, 480, 481], "excluded_lines": [], "start_line": 452, "executed_branches": [], "missing_branches": [[470, 471], [470, 475], [471, 472], [471, 473], [473, 474], [473, 481], [475, 476], [475, 481], [476, 477], [476, 479]]}, "BaseSegmenter.get_info": {"executed_lines": [], "summary": {"covered_lines": 0, "num_statements": 1, "percent_covered": 0.0, "percent_covered_display": "0.00", "missing_lines": 1, "excluded_lines": 0, "percent_statements_covered": 0.0, "percent_statements_covered_display": "0.00", "num_branches": 0, "num_partial_branches": 0, "covered_branches": 0, "missing_branches": 0, "percent_branches_covered": 100.0, "percent_branches_covered_display": "100.00"}, "missing_lines": [497], "excluded_lines": [], "start_line": 484, "executed_branches": [], "missing_branches": []}, "": {"executed_lines": [61, 63, 64, 65, 66, 67, 68, 80, 81, 83, 86, 87, 88, 89, 90, 93, 94, 100, 101, 102, 103, 104, 107, 108, 109, 112, 113, 114, 117, 121, 122, 128, 129, 145, 149, 181, 227, 325, 365, 390, 421, 422, 427, 428, 433, 452, 484], "summary": {"covered_lines": 47, "num_statements": 47, "percent_covered": 94.33962264150944, "percent_covered_display": "94.34", "missing_lines": 0, "excluded_lines": 6, "percent_statements_covered": 100.0, "percent_statements_covered_display": "100.00", "num_branches": 6, "num_partial_branches": 3, "covered_branches": 3, "missing_branches": 3, "percent_branches_covered": 50.0, "percent_branches_covered_display": "50.00"}, "missing_lines": [], "excluded_lines": [187, 188, 206, 207, 208, 209], "start_line": 1, "executed_branches": [[88, 89], [422, 427], [428, 433]], "missing_branches": [[88, 100], [422, -421], [428, -427]]}}, "classes": {"SegmentationMetricsProtocol": {"executed_lines": [], "summary": {"covered_lines": 0, "num_statements": 1, "percent_covered": 0.0, "percent_covered_display": "0.00", "missing_lines": 1, "excluded_lines": 0, "percent_statements_covered": 0.0, "percent_statements_covered_display": "0.00", "num_branches": 0, "num_partial_branches": 0, "covered_branches": 0, "missing_branches": 0, "percent_branches_covered": 100.0, "percent_branches_covered_display": "100.00"}, "missing_lines": [142], "excluded_lines": [], "start_line": 122, "executed_branches": [], "missing_branches": []}, "BaseSegmenter": {"executed_lines": [183, 184, 259, 261, 267, 268, 270, 271, 273, 276, 277, 279, 280, 282, 283, 310, 318, 322], "summary": {"covered_lines": 18, "num_statements": 71, "percent_covered": 25.619834710743802, "percent_covered_display": "25.62", "missing_lines": 53, "excluded_lines": 30, "percent_statements_covered": 25.35211267605634, "percent_statements_covered_display": "25.35", "num_branches": 50, "num_partial_branches": 7, "covered_branches": 13, "missing_branches": 37, "percent_branches_covered": 26.0, "percent_branches_covered_display": "26.00"}, "missing_lines": [262, 263, 264, 265, 269, 274, 284, 286, 288, 289, 291, 293, 296, 297, 298, 300, 302, 303, 304, 306, 311, 316, 319, 320, 353, 354, 357, 358, 361, 362, 382, 383, 385, 412, 413, 414, 415, 416, 447, 448, 449, 470, 471, 472, 473, 474, 475, 476, 477, 479, 480, 481, 497], "excluded_lines": [189, 190, 191, 192, 193, 194, 195, 196, 197, 198, 199, 200, 201, 202, 203, 210, 211, 212, 213, 214, 215, 216, 217, 218, 219, 220, 221, 222, 223, 224], "start_line": 149, "executed_branches": [[259, 261], [259, 271], [261, 267], [268, 270], [271, 273], [271, 277], [273, 276], [277, 279], [280, 282], [280, 310], [282, 283], [310, 318], [318, 322]], "missing_branches": [[261, 262], [263, 264], [263, 265], [268, 269], [273, 274], [277, 284], [282, 310], [284, 286], [284, 306], [286, 288], [286, 293], [288, 289], [288, 291], [296, 297], [296, 302], [297, 298], [297, 300], [303, 304], [303, 310], [310, 311], [318, 319], [319, 320], [319, 322], [353, 354], [353, 357], [447, 448], [447, 449], [470, 471], [470, 475], [471, 472], [471, 473], [473, 474], [473, 481], [475, 476], [475, 481], [476, 477], [476, 479]]}, "": {"executed_lines": [61, 63, 64, 65, 66, 67, 68, 80, 81, 83, 86, 87, 88, 89, 90, 93, 94, 100, 101, 102, 103, 104, 107, 108, 109, 112, 113, 114, 117, 121, 122, 128, 129, 145, 149, 181, 227, 325, 365, 390, 421, 422, 427, 428, 433, 452, 484], "summary": {"covered_lines": 47, "num_statements": 47, "percent_covered": 94.33962264150944, "percent_covered_display": "94.34", "missing_lines": 0, "excluded_lines": 6, "percent_statements_covered": 100.0, "percent_statements_covered_display": "100.00", "num_branches": 6, "num_partial_branches": 3, "covered_branches": 3, "missing_branches": 3, "percent_branches_covered": 50.0, "percent_branches_covered_display": "50.00"}, "missing_lines": [], "excluded_lines": [187, 188, 206, 207, 208, 209], "start_line": 1, "executed_branches": [[88, 89], [422, 427], [428, 433]], "missing_branches": [[88, 100], [422, -421], [428, -427]]}}}, "segmenters/ModelTrainer.py": {"executed_lines": [], "summary": {"covered_lines": 0, "num_statements": 586, "percent_covered": 0.0, "percent_covered_display": "0.00", "missing_lines": 586, "excluded_lines": 8, "percent_statements_covered": 0.0, "percent_statements_covered_display": "0.00", "num_branches": 180, "num_partial_branches": 0, "covered_branches": 0, "missing_branches": 180, "percent_branches_covered": 0.0, "percent_branches_covered_display": "0.00"}, "missing_lines": [66, 68, 69, 70, 71, 72, 73, 74, 85, 87, 88, 89, 90, 91, 92, 93, 94, 95, 98, 99, 100, 102, 105, 106, 107, 108, 109, 112, 113, 118, 119, 120, 121, 123, 124, 125, 126, 135, 146, 156, 157, 158, 159, 163, 180, 181, 182, 183, 184, 185, 186, 187, 188, 189, 190, 220, 253, 284, 285, 286, 287, 288, 289, 290, 291, 292, 293, 294, 297, 298, 299, 303, 317, 343, 356, 357, 358, 359, 362, 365, 406, 407, 408, 415, 416, 417, 418, 425, 426, 427, 428, 429, 441, 442, 443, 444, 446, 447, 448, 455, 456, 457, 458, 467, 468, 469, 470, 474, 475, 479, 480, 481, 482, 483, 485, 486, 487, 488, 489, 490, 498, 499, 500, 501, 503, 510, 511, 513, 514, 515, 518, 519, 520, 521, 522, 524, 526, 528, 535, 559, 561, 562, 585, 595, 598, 602, 607, 608, 633, 634, 635, 636, 637, 638, 639, 640, 642, 643, 644, 645, 649, 654, 676, 677, 678, 679, 682, 683, 685, 686, 689, 690, 691, 692, 694, 695, 696, 697, 702, 710, 711, 712, 713, 714, 718, 719, 720, 721, 725, 726, 727, 731, 732, 733, 736, 737, 739, 742, 743, 744, 745, 750, 756, 757, 758, 759, 760, 764, 769, 770, 774, 775, 776, 777, 778, 781, 782, 783, 784, 785, 786, 787, 788, 789, 790, 791, 797, 798, 800, 801, 802, 803, 804, 805, 806, 809, 810, 811, 812, 814, 815, 816, 821, 823, 824, 825, 826, 827, 828, 831, 840, 843, 844, 849, 853, 855, 856, 857, 858, 860, 861, 862, 864, 868, 869, 870, 872, 873, 874, 888, 891, 892, 893, 894, 895, 897, 898, 903, 922, 924, 925, 926, 929, 953, 954, 955, 957, 958, 967, 968, 969, 970, 971, 972, 973, 974, 975, 976, 977, 978, 979, 980, 981, 983, 985, 988, 989, 990, 991, 992, 994, 997, 998, 999, 1000, 1001, 1002, 1005, 1006, 1007, 1008, 1009, 1011, 1012, 1013, 1016, 1017, 1019, 1022, 1024, 1025, 1027, 1029, 1030, 1035, 1036, 1038, 1040, 1041, 1043, 1044, 1046, 1048, 1049, 1050, 1052, 1060, 1063, 1064, 1065, 1066, 1067, 1069, 1070, 1071, 1072, 1074, 1075, 1076, 1078, 1079, 1080, 1082, 1083, 1086, 1094, 1095, 1098, 1099, 1100, 1101, 1102, 1104, 1107, 1126, 1127, 1129, 1137, 1139, 1141, 1142, 1143, 1144, 1145, 1147, 1148, 1149, 1150, 1151, 1153, 1155, 1163, 1164, 1165, 1166, 1168, 1169, 1170, 1172, 1175, 1178, 1179, 1181, 1183, 1184, 1189, 1190, 1192, 1194, 1196, 1197, 1199, 1200, 1201, 1202, 1203, 1204, 1205, 1207, 1208, 1209, 1211, 1212, 1213, 1215, 1216, 1219, 1227, 1228, 1230, 1231, 1232, 1235, 1236, 1237, 1238, 1239, 1241, 1246, 1268, 1269, 1271, 1272, 1281, 1282, 1283, 1284, 1286, 1288, 1289, 1295, 1296, 1299, 1315, 1318, 1319, 1322, 1324, 1325, 1326, 1327, 1328, 1330, 1335, 1347, 1348, 1349, 1351, 1354, 1355, 1356, 1358, 1359, 1360, 1361, 1362, 1363, 1364, 1366, 1367, 1370, 1371, 1372, 1373, 1380, 1381, 1382, 1383, 1384, 1387, 1388, 1389, 1390, 1397, 1405, 1406, 1407, 1408, 1409, 1412, 1413, 1415, 1416, 1417, 1432, 1445, 1446, 1447, 1448, 1450, 1452, 1453, 1454, 1458, 1459, 1460, 1465, 1487, 1511, 1513, 1514, 1525, 1526, 1529, 1542, 1544, 1545, 1548, 1550, 1551, 1552, 1553, 1554, 1556, 1559, 1579, 1580, 1581, 1584, 1592, 1594, 1595, 1596, 1597, 1598, 1601, 1604, 1609, 1610, 1611, 1613, 1616, 1617, 1622, 1623, 1625, 1627, 1630, 1631, 1633, 1634, 1635, 1636, 1638, 1639, 1640, 1641, 1642, 1643, 1646, 1654, 1659, 1661, 1664, 1665, 1668, 1669, 1672, 1673, 1676, 1678, 1679, 1680, 1681, 1682, 1684], "excluded_lines": [306, 307, 308, 309, 310, 311, 312, 313], "executed_branches": [], "missing_branches": [[107, 108], [107, 118], [297, 298], [297, 303], [406, 407], [406, 415], [415, 416], [415, 425], [425, 426], [425, 441], [441, 442], [441, 468], [455, 456], [455, 467], [456, 457], [456, 458], [468, 469], [468, 499], [474, 475], [474, 479], [487, 488], [487, 498], [488, 489], [488, 490], [499, 500], [499, 528], [519, -518], [519, 520], [521, -518], [521, 522], [634, 635], [634, 640], [635, 636], [635, 637], [638, 634], [638, 639], [689, 690], [689, 692], [720, 721], [720, 725], [725, 726], [725, 731], [736, 737], [736, 739], [743, 744], [743, 750], [759, 760], [759, 764], [810, 811], [810, 814], [821, 823], [821, 903], [823, 824], [823, 855], [825, 826], [825, 853], [826, 827], [826, 828], [872, 873], [872, 891], [891, 892], [891, 897], [893, 894], [893, 897], [957, 958], [957, 967], [967, 968], [967, 997], [969, 970], [969, 997], [970, 971], [970, 972], [972, 973], [972, 974], [974, 975], [974, 976], [976, 977], [976, 978], [978, 979], [978, 980], [980, 981], [980, 983], [989, 990], [989, 994], [998, 999], [998, 1048], [999, 1000], [999, 1048], [1000, 1001], [1000, 1005], [1006, 1007], [1006, 1011], [1007, 1006], [1007, 1008], [1011, 1012], [1011, 1016], [1016, 1017], [1016, 1019], [1024, 1025], [1024, 1027], [1029, 1030], [1029, 1038], [1040, 1041], [1040, 1043], [1048, 1049], [1048, 1052], [1064, 1065], [1064, 1098], [1070, 1071], [1070, 1086], [1075, 1076], [1075, 1078], [1082, 1070], [1082, 1083], [1101, 1102], [1101, 1104], [1126, 1127], [1126, 1129], [1141, 1142], [1141, 1235], [1143, 1144], [1143, 1147], [1148, 1149], [1148, 1153], [1149, 1148], [1149, 1150], [1153, 1155], [1153, 1168], [1163, 1164], [1163, 1168], [1164, 1163], [1164, 1165], [1168, 1169], [1168, 1172], [1178, 1179], [1178, 1181], [1183, 1184], [1183, 1192], [1196, 1197], [1196, 1199], [1203, 1204], [1203, 1219], [1208, 1209], [1208, 1211], [1215, 1203], [1215, 1216], [1238, 1239], [1238, 1241], [1268, 1269], [1268, 1271], [1271, 1272], [1271, 1281], [1288, 1289], [1288, 1299], [1347, 1348], [1347, 1351], [1366, 1367], [1366, 1370], [1371, 1372], [1371, 1380], [1388, 1389], [1388, 1405], [1416, 1417], [1416, 1432], [1452, 1453], [1452, 1458], [1513, 1514], [1513, 1529], [1595, 1596], [1595, 1668], [1596, 1597], [1596, 1601], [1610, 1611], [1610, 1613], [1616, 1617], [1616, 1625], [1634, 1635], [1634, 1646], [1639, 1640], [1639, 1641]], "functions": {"TrainingConfig.__init__": {"executed_lines": [], "summary": {"covered_lines": 0, "num_statements": 15, "percent_covered": 0.0, "percent_covered_display": "0.00", "missing_lines": 15, "excluded_lines": 0, "percent_statements_covered": 0.0, "percent_statements_covered_display": "0.00", "num_branches": 2, "num_partial_branches": 0, "covered_branches": 0, "missing_branches": 2, "percent_branches_covered": 0.0, "percent_branches_covered_display": "0.00"}, "missing_lines": [284, 285, 286, 287, 288, 289, 290, 291, 292, 293, 294, 297, 298, 299, 303], "excluded_lines": [], "start_line": 253, "executed_branches": [], "missing_branches": [[297, 298], [297, 303]]}, "TrainingConfig.__repr__": {"executed_lines": [], "summary": {"covered_lines": 0, "num_statements": 0, "percent_covered": 100.0, "percent_covered_display": "100.00", "missing_lines": 0, "excluded_lines": 7, "percent_statements_covered": 100.0, "percent_statements_covered_display": "100.00", "num_branches": 0, "num_partial_branches": 0, "covered_branches": 0, "missing_branches": 0, "percent_branches_covered": 100.0, "percent_branches_covered_display": "100.00"}, "missing_lines": [], "excluded_lines": [307, 308, 309, 310, 311, 312, 313], "start_line": 306, "executed_branches": [], "missing_branches": []}, "ModelTrainer.__init__": {"executed_lines": [], "summary": {"covered_lines": 0, "num_statements": 5, "percent_covered": 0.0, "percent_covered_display": "0.00", "missing_lines": 5, "excluded_lines": 0, "percent_statements_covered": 0.0, "percent_statements_covered_display": "0.00", "num_branches": 0, "num_partial_branches": 0, "covered_branches": 0, "missing_branches": 0, "percent_branches_covered": 100.0, "percent_branches_covered_display": "100.00"}, "missing_lines": [356, 357, 358, 359, 362], "excluded_lines": [], "start_line": 343, "executed_branches": [], "missing_branches": []}, "ModelTrainer.create_model": {"executed_lines": [], "summary": {"covered_lines": 0, "num_statements": 58, "percent_covered": 0.0, "percent_covered_display": "0.00", "missing_lines": 58, "excluded_lines": 0, "percent_statements_covered": 0.0, "percent_statements_covered_display": "0.00", "num_branches": 26, "num_partial_branches": 0, "covered_branches": 0, "missing_branches": 26, "percent_branches_covered": 0.0, "percent_branches_covered_display": "0.00"}, "missing_lines": [406, 407, 408, 415, 416, 417, 418, 425, 426, 427, 428, 429, 441, 442, 443, 444, 446, 447, 448, 455, 456, 457, 458, 467, 468, 469, 470, 474, 475, 479, 480, 481, 482, 483, 485, 486, 487, 488, 489, 490, 498, 499, 500, 501, 503, 510, 511, 513, 514, 515, 518, 519, 520, 521, 522, 524, 526, 528], "excluded_lines": [], "start_line": 365, "executed_branches": [], "missing_branches": [[406, 407], [406, 415], [415, 416], [415, 425], [425, 426], [425, 441], [441, 442], [441, 468], [455, 456], [455, 467], [456, 457], [456, 458], [468, 469], [468, 499], [474, 475], [474, 479], [487, 488], [487, 498], [488, 489], [488, 490], [499, 500], [499, 528], [519, -518], [519, 520], [521, -518], [521, 522]]}, "ModelTrainer.create_dataloaders": {"executed_lines": [], "summary": {"covered_lines": 0, "num_statements": 7, "percent_covered": 0.0, "percent_covered_display": "0.00", "missing_lines": 7, "excluded_lines": 0, "percent_statements_covered": 0.0, "percent_statements_covered_display": "0.00", "num_branches": 0, "num_partial_branches": 0, "covered_branches": 0, "missing_branches": 0, "percent_branches_covered": 100.0, "percent_branches_covered_display": "100.00"}, "missing_lines": [559, 561, 562, 585, 595, 598, 602], "excluded_lines": [], "start_line": 535, "executed_branches": [], "missing_branches": []}, "ModelTrainer.compute_class_weights": {"executed_lines": [], "summary": {"covered_lines": 0, "num_statements": 13, "percent_covered": 0.0, "percent_covered_display": "0.00", "missing_lines": 13, "excluded_lines": 0, "percent_statements_covered": 0.0, "percent_statements_covered_display": "0.00", "num_branches": 6, "num_partial_branches": 0, "covered_branches": 0, "missing_branches": 6, "percent_branches_covered": 0.0, "percent_branches_covered_display": "0.00"}, "missing_lines": [633, 634, 635, 636, 637, 638, 639, 640, 642, 643, 644, 645, 649], "excluded_lines": [], "start_line": 608, "executed_branches": [], "missing_branches": [[634, 635], [634, 640], [635, 636], [635, 637], [638, 634], [638, 639]]}, "ModelTrainer.train_experiment": {"executed_lines": [], "summary": {"covered_lines": 0, "num_statements": 120, "percent_covered": 0.0, "percent_covered_display": "0.00", "missing_lines": 120, "excluded_lines": 0, "percent_statements_covered": 0.0, "percent_statements_covered_display": "0.00", "num_branches": 28, "num_partial_branches": 0, "covered_branches": 0, "missing_branches": 28, "percent_branches_covered": 0.0, "percent_branches_covered_display": "0.00"}, "missing_lines": [676, 677, 678, 679, 682, 683, 685, 686, 689, 690, 691, 692, 694, 695, 696, 697, 702, 710, 711, 712, 713, 714, 718, 719, 720, 721, 725, 726, 727, 731, 732, 733, 736, 737, 739, 742, 743, 744, 745, 750, 756, 757, 758, 759, 760, 764, 769, 770, 774, 775, 776, 777, 778, 781, 782, 783, 784, 785, 786, 787, 788, 789, 790, 791, 797, 798, 800, 801, 802, 803, 804, 805, 806, 809, 810, 811, 812, 814, 815, 816, 821, 823, 824, 825, 826, 827, 828, 831, 840, 843, 844, 849, 853, 855, 856, 857, 858, 860, 861, 862, 864, 868, 869, 870, 872, 873, 874, 888, 891, 892, 893, 894, 895, 897, 898, 903, 922, 924, 925, 926], "excluded_lines": [], "start_line": 654, "executed_branches": [], "missing_branches": [[689, 690], [689, 692], [720, 721], [720, 725], [725, 726], [725, 731], [736, 737], [736, 739], [743, 744], [743, 750], [759, 760], [759, 764], [810, 811], [810, 814], [821, 823], [821, 903], [823, 824], [823, 855], [825, 826], [825, 853], [826, 827], [826, 828], [872, 873], [872, 891], [891, 892], [891, 897], [893, 894], [893, 897]]}, "ModelTrainer.compare_trained_models": {"executed_lines": [], "summary": {"covered_lines": 0, "num_statements": 90, "percent_covered": 0.0, "percent_covered_display": "0.00", "missing_lines": 90, "excluded_lines": 0, "percent_statements_covered": 0.0, "percent_statements_covered_display": "0.00", "num_branches": 52, "num_partial_branches": 0, "covered_branches": 0, "missing_branches": 52, "percent_branches_covered": 0.0, "percent_branches_covered_display": "0.00"}, "missing_lines": [953, 954, 955, 957, 958, 967, 968, 969, 970, 971, 972, 973, 974, 975, 976, 977, 978, 979, 980, 981, 983, 985, 988, 989, 990, 991, 992, 994, 997, 998, 999, 1000, 1001, 1002, 1005, 1006, 1007, 1008, 1009, 1011, 1012, 1013, 1016, 1017, 1019, 1022, 1024, 1025, 1027, 1029, 1030, 1035, 1036, 1038, 1040, 1041, 1043, 1044, 1046, 1048, 1049, 1050, 1052, 1060, 1063, 1064, 1065, 1066, 1067, 1069, 1070, 1071, 1072, 1074, 1075, 1076, 1078, 1079, 1080, 1082, 1083, 1086, 1094, 1095, 1098, 1099, 1100, 1101, 1102, 1104], "excluded_lines": [], "start_line": 929, "executed_branches": [], "missing_branches": [[957, 958], [957, 967], [967, 968], [967, 997], [969, 970], [969, 997], [970, 971], [970, 972], [972, 973], [972, 974], [974, 975], [974, 976], [976, 977], [976, 978], [978, 979], [978, 980], [980, 981], [980, 983], [989, 990], [989, 994], [998, 999], [998, 1048], [999, 1000], [999, 1048], [1000, 1001], [1000, 1005], [1006, 1007], [1006, 1011], [1007, 1006], [1007, 1008], [1011, 1012], [1011, 1016], [1016, 1017], [1016, 1019], [1024, 1025], [1024, 1027], [1029, 1030], [1029, 1038], [1040, 1041], [1040, 1043], [1048, 1049], [1048, 1052], [1064, 1065], [1064, 1098], [1070, 1071], [1070, 1086], [1075, 1076], [1075, 1078], [1082, 1070], [1082, 1083], [1101, 1102], [1101, 1104]]}, "ModelTrainer.evaluate_trained_models_on_val": {"executed_lines": [], "summary": {"covered_lines": 0, "num_statements": 64, "percent_covered": 0.0, "percent_covered_display": "0.00", "missing_lines": 64, "excluded_lines": 0, "percent_statements_covered": 0.0, "percent_statements_covered_display": "0.00", "num_branches": 32, "num_partial_branches": 0, "covered_branches": 0, "missing_branches": 32, "percent_branches_covered": 0.0, "percent_branches_covered_display": "0.00"}, "missing_lines": [1126, 1127, 1129, 1137, 1139, 1141, 1142, 1143, 1144, 1145, 1147, 1148, 1149, 1150, 1151, 1153, 1155, 1163, 1164, 1165, 1166, 1168, 1169, 1170, 1172, 1175, 1178, 1179, 1181, 1183, 1184, 1189, 1190, 1192, 1194, 1196, 1197, 1199, 1200, 1201, 1202, 1203, 1204, 1205, 1207, 1208, 1209, 1211, 1212, 1213, 1215, 1216, 1219, 1227, 1228, 1230, 1231, 1232, 1235, 1236, 1237, 1238, 1239, 1241], "excluded_lines": [], "start_line": 1107, "executed_branches": [], "missing_branches": [[1126, 1127], [1126, 1129], [1141, 1142], [1141, 1235], [1143, 1144], [1143, 1147], [1148, 1149], [1148, 1153], [1149, 1148], [1149, 1150], [1153, 1155], [1153, 1168], [1163, 1164], [1163, 1168], [1164, 1163], [1164, 1165], [1168, 1169], [1168, 1172], [1178, 1179], [1178, 1181], [1183, 1184], [1183, 1192], [1196, 1197], [1196, 1199], [1203, 1204], [1203, 1219], [1208, 1209], [1208, 1211], [1215, 1203], [1215, 1216], [1238, 1239], [1238, 1241]]}, "ModelTrainer.compare_augmentations": {"executed_lines": [], "summary": {"covered_lines": 0, "num_statements": 24, "percent_covered": 0.0, "percent_covered_display": "0.00", "missing_lines": 24, "excluded_lines": 0, "percent_statements_covered": 0.0, "percent_statements_covered_display": "0.00", "num_branches": 6, "num_partial_branches": 0, "covered_branches": 0, "missing_branches": 6, "percent_branches_covered": 0.0, "percent_branches_covered_display": "0.00"}, "missing_lines": [1268, 1269, 1271, 1272, 1281, 1282, 1283, 1284, 1286, 1288, 1289, 1295, 1296, 1299, 1315, 1318, 1319, 1322, 1324, 1325, 1326, 1327, 1328, 1330], "excluded_lines": [], "start_line": 1246, "executed_branches": [], "missing_branches": [[1268, 1269], [1268, 1271], [1271, 1272], [1271, 1281], [1288, 1289], [1288, 1299]]}, "ModelTrainer.plot_experiment_comparison": {"executed_lines": [], "summary": {"covered_lines": 0, "num_statements": 52, "percent_covered": 0.0, "percent_covered_display": "0.00", "missing_lines": 52, "excluded_lines": 0, "percent_statements_covered": 0.0, "percent_statements_covered_display": "0.00", "num_branches": 12, "num_partial_branches": 0, "covered_branches": 0, "missing_branches": 12, "percent_branches_covered": 0.0, "percent_branches_covered_display": "0.00"}, "missing_lines": [1347, 1348, 1349, 1351, 1354, 1355, 1356, 1358, 1359, 1360, 1361, 1362, 1363, 1364, 1366, 1367, 1370, 1371, 1372, 1373, 1380, 1381, 1382, 1383, 1384, 1387, 1388, 1389, 1390, 1397, 1405, 1406, 1407, 1408, 1409, 1412, 1413, 1415, 1416, 1417, 1432, 1445, 1446, 1447, 1448, 1450, 1452, 1453, 1454, 1458, 1459, 1460], "excluded_lines": [], "start_line": 1335, "executed_branches": [], "missing_branches": [[1347, 1348], [1347, 1351], [1366, 1367], [1366, 1370], [1371, 1372], [1371, 1380], [1388, 1389], [1388, 1405], [1416, 1417], [1416, 1432], [1452, 1453], [1452, 1458]]}, "ModelTrainer.train_all_models": {"executed_lines": [], "summary": {"covered_lines": 0, "num_statements": 17, "percent_covered": 0.0, "percent_covered_display": "0.00", "missing_lines": 17, "excluded_lines": 0, "percent_statements_covered": 0.0, "percent_statements_covered_display": "0.00", "num_branches": 2, "num_partial_branches": 0, "covered_branches": 0, "missing_branches": 2, "percent_branches_covered": 0.0, "percent_branches_covered_display": "0.00"}, "missing_lines": [1487, 1511, 1513, 1514, 1525, 1526, 1529, 1542, 1544, 1545, 1548, 1550, 1551, 1552, 1553, 1554, 1556], "excluded_lines": [], "start_line": 1465, "executed_branches": [], "missing_branches": [[1513, 1514], [1513, 1529]]}, "ModelTrainer.evaluate_checkpoints": {"executed_lines": [], "summary": {"covered_lines": 0, "num_statements": 51, "percent_covered": 0.0, "percent_covered_display": "0.00", "missing_lines": 51, "excluded_lines": 0, "percent_statements_covered": 0.0, "percent_statements_covered_display": "0.00", "num_branches": 12, "num_partial_branches": 0, "covered_branches": 0, "missing_branches": 12, "percent_branches_covered": 0.0, "percent_branches_covered_display": "0.00"}, "missing_lines": [1579, 1580, 1581, 1584, 1592, 1594, 1595, 1596, 1597, 1598, 1601, 1604, 1609, 1610, 1611, 1613, 1616, 1617, 1622, 1623, 1625, 1627, 1630, 1631, 1633, 1634, 1635, 1636, 1638, 1639, 1640, 1641, 1642, 1643, 1646, 1654, 1659, 1661, 1664, 1665, 1668, 1669, 1672, 1673, 1676, 1678, 1679, 1680, 1681, 1682, 1684], "excluded_lines": [], "start_line": 1559, "executed_branches": [], "missing_branches": [[1595, 1596], [1595, 1668], [1596, 1597], [1596, 1601], [1610, 1611], [1610, 1613], [1616, 1617], [1616, 1625], [1634, 1635], [1634, 1646], [1639, 1640], [1639, 1641]]}, "": {"executed_lines": [], "summary": {"covered_lines": 0, "num_statements": 70, "percent_covered": 0.0, "percent_covered_display": "0.00", "missing_lines": 70, "excluded_lines": 1, "percent_statements_covered": 0.0, "percent_statements_covered_display": "0.00", "num_branches": 2, "num_partial_branches": 0, "covered_branches": 0, "missing_branches": 2, "percent_branches_covered": 0.0, "percent_branches_covered_display": "0.00"}, "missing_lines": [66, 68, 69, 70, 71, 72, 73, 74, 85, 87, 88, 89, 90, 91, 92, 93, 94, 95, 98, 99, 100, 102, 105, 106, 107, 108, 109, 112, 113, 118, 119, 120, 121, 123, 124, 125, 126, 135, 146, 156, 157, 158, 159, 163, 180, 181, 182, 183, 184, 185, 186, 187, 188, 189, 190, 220, 253, 317, 343, 365, 535, 607, 608, 654, 929, 1107, 1246, 1335, 1465, 1559], "excluded_lines": [306], "start_line": 1, "executed_branches": [], "missing_branches": [[107, 108], [107, 118]]}}, "classes": {"ModelConfig": {"executed_lines": [], "summary": {"covered_lines": 0, "num_statements": 0, "percent_covered": 100.0, "percent_covered_display": "100.00", "missing_lines": 0, "excluded_lines": 0, "percent_statements_covered": 100.0, "percent_statements_covered_display": "100.00", "num_branches": 0, "num_partial_branches": 0, "covered_branches": 0, "missing_branches": 0, "percent_branches_covered": 100.0, "percent_branches_covered_display": "100.00"}, "missing_lines": [], "excluded_lines": [], "start_line": 146, "executed_branches": [], "missing_branches": []}, "TrainingResult": {"executed_lines": [], "summary": {"covered_lines": 0, "num_statements": 0, "percent_covered": 100.0, "percent_covered_display": "100.00", "missing_lines": 0, "excluded_lines": 0, "percent_statements_covered": 100.0, "percent_statements_covered_display": "100.00", "num_branches": 0, "num_partial_branches": 0, "covered_branches": 0, "missing_branches": 0, "percent_branches_covered": 100.0, "percent_branches_covered_display": "100.00"}, "missing_lines": [], "excluded_lines": [], "start_line": 163, "executed_branches": [], "missing_branches": []}, "TrainingConfig": {"executed_lines": [], "summary": {"covered_lines": 0, "num_statements": 15, "percent_covered": 0.0, "percent_covered_display": "0.00", "missing_lines": 15, "excluded_lines": 7, "percent_statements_covered": 0.0, "percent_statements_covered_display": "0.00", "num_branches": 2, "num_partial_branches": 0, "covered_branches": 0, "missing_branches": 2, "percent_branches_covered": 0.0, "percent_branches_covered_display": "0.00"}, "missing_lines": [284, 285, 286, 287, 288, 289, 290, 291, 292, 293, 294, 297, 298, 299, 303], "excluded_lines": [307, 308, 309, 310, 311, 312, 313], "start_line": 220, "executed_branches": [], "missing_branches": [[297, 298], [297, 303]]}, "ModelTrainer": {"executed_lines": [], "summary": {"covered_lines": 0, "num_statements": 501, "percent_covered": 0.0, "percent_covered_display": "0.00", "missing_lines": 501, "excluded_lines": 0, "percent_statements_covered": 0.0, "percent_statements_covered_display": "0
[...]
66, 1511], [1489, 1490], [1489, 1498], [1514, 1516], [1514, 1550], [1550, 1551], [1550, 1598], [1553, 1554], [1553, 1598], [1574, 1576], [1574, 1590], [1576, 1574], [1576, 1581]]}, "TorchImplementationValidator._generate_validation_benchmark_summary": {"executed_lines": [], "summary": {"covered_lines": 0, "num_statements": 67, "percent_covered": 0.0, "percent_covered_display": "0.00", "missing_lines": 67, "excluded_lines": 0, "percent_statements_covered": 0.0, "percent_statements_covered_display": "0.00", "num_branches": 32, "num_partial_branches": 0, "covered_branches": 0, "missing_branches": 32, "percent_branches_covered": 0.0, "percent_branches_covered_display": "0.00"}, "missing_lines": [1616, 1618, 1619, 1620, 1621, 1622, 1623, 1625, 1626, 1627, 1628, 1631, 1634, 1635, 1636, 1637, 1638, 1641, 1644, 1645, 1651, 1652, 1653, 1654, 1657, 1660, 1661, 1668, 1669, 1672, 1673, 1674, 1675, 1680, 1683, 1684, 1685, 1686, 1687, 1688, 1689, 1690, 1693, 1696, 1699, 1700, 1701, 1704, 1705, 1711, 1712, 1713, 1714, 1715, 1718, 1719, 1720, 1723, 1724, 1727, 1731, 1732, 1733, 1734, 1735, 1738, 1740], "excluded_lines": [], "start_line": 1601, "executed_branches": [], "missing_branches": [[1626, 1627], [1626, 1628], [1634, 1635], [1634, 1641], [1636, 1637], [1636, 1641], [1644, 1645], [1644, 1660], [1652, 1653], [1652, 1657], [1660, 1661], [1660, 1683], [1673, 1674], [1673, 1680], [1683, 1684], [1683, 1704], [1685, 1686], [1685, 1701], [1689, 1690], [1689, 1699], [1699, 1685], [1699, 1700], [1704, 1705], [1704, 1718], [1712, 1713], [1712, 1715], [1718, 1719], [1718, 1740], [1731, 1732], [1731, 1738], [1733, 1734], [1733, 1738]]}, "": {"executed_lines": [47, 49, 50, 51, 52, 53, 54, 55, 57, 58, 59, 60, 61, 62, 65, 66, 67, 68, 69, 71, 74, 75, 76, 77, 78, 81, 82, 87, 88, 89, 90, 91, 92, 93, 96, 100, 125, 291, 292, 324, 325, 364, 365, 397, 419, 628, 669, 737, 831, 933, 1141, 1266, 1601], "summary": {"covered_lines": 53, "num_statements": 53, "percent_covered": 98.18181818181819, "percent_covered_display": "98.18", "missing_lines": 0, "excluded_lines": 0, "percent_statements_covered": 100.0, "percent_statements_covered_display": "100.00", "num_branches": 2, "num_partial_branches": 1, "covered_branches": 1, "missing_branches": 1, "percent_branches_covered": 50.0, "percent_branches_covered_display": "50.00"}, "missing_lines": [], "excluded_lines": [], "start_line": 1, "executed_branches": [[76, 77]], "missing_branches": [[76, 87]]}}, "classes": {"TorchImplementationValidator": {"executed_lines": [131, 132, 133, 134, 139, 166, 193, 199, 213, 245, 253, 272, 281, 307, 310, 311, 312, 318, 319, 341, 345, 352, 354, 359, 362, 409, 411, 412, 477, 480, 481, 483, 487, 488, 489, 493, 494, 498, 499, 500, 501, 502, 503, 504, 505, 508, 513, 516, 517, 518, 519, 520, 521, 522, 523, 524, 528, 529, 536, 539, 556, 560, 578, 579, 580, 581, 582, 583, 584, 585, 588, 590, 591, 592, 593, 595, 596, 597, 598, 611, 618, 625, 644, 646, 648, 650, 652, 654, 656, 658, 695, 696, 699, 702, 703, 704, 705, 707, 708, 709, 713, 719, 720, 721, 722, 723, 724, 725, 727, 728, 729, 730, 732, 734, 757, 758, 760, 761, 765, 766, 767, 769, 770, 771, 774, 775, 776, 777, 779, 780, 783, 784, 785, 788, 789, 793, 796, 797, 800, 803, 804, 805, 810, 811, 812, 813, 815, 819, 821, 825, 826, 828], "summary": {"covered_lines": 152, "num_statements": 470, "percent_covered": 28.639240506329113, "percent_covered_display": "28.64", "missing_lines": 318, "excluded_lines": 15, "percent_statements_covered": 32.340425531914896, "percent_statements_covered_display": "32.34", "num_branches": 162, "num_partial_branches": 19, "covered_branches": 29, "missing_branches": 133, "percent_branches_covered": 17.901234567901234, "percent_branches_covered_display": "17.90"}, "missing_lines": [308, 320, 322, 342, 346, 347, 348, 349, 353, 355, 356, 358, 360, 381, 382, 384, 386, 387, 388, 389, 392, 394, 410, 413, 414, 416, 495, 599, 601, 602, 603, 604, 666, 726, 762, 763, 772, 845, 846, 847, 848, 849, 850, 852, 854, 855, 856, 858, 859, 860, 862, 863, 864, 866, 867, 868, 869, 871, 873, 874, 875, 876, 878, 879, 881, 882, 883, 900, 901, 902, 903, 904, 905, 906, 908, 912, 915, 919, 920, 921, 922, 923, 926, 927, 928, 929, 930, 961, 962, 964, 967, 968, 969, 970, 971, 972, 973, 975, 1074, 1075, 1103, 1113, 1115, 1123, 1124, 1138, 1160, 1161, 1162, 1164, 1167, 1168, 1169, 1170, 1172, 1194, 1195, 1196, 1212, 1216, 1217, 1218, 1219, 1220, 1221, 1223, 1227, 1228, 1229, 1230, 1231, 1232, 1234, 1236, 1238, 1240, 1245, 1246, 1247, 1248, 1249, 1250, 1251, 1259, 1261, 1263, 1288, 1289, 1294, 1297, 1298, 1301, 1302, 1303, 1305, 1313, 1314, 1317, 1318, 1319, 1327, 1328, 1329, 1330, 1335, 1340, 1342, 1346, 1347, 1350, 1361, 1365, 1373, 1374, 1375, 1378, 1379, 1382, 1383, 1388, 1389, 1396, 1397, 1405, 1410, 1411, 1413, 1414, 1415, 1416, 1417, 1418, 1425, 1433, 1434, 1442, 1443, 1452, 1453, 1454, 1455, 1456, 1461, 1466, 1467, 1471, 1472, 1473, 1474, 1476, 1484, 1485, 1488, 1489, 1490, 1498, 1499, 1500, 1501, 1506, 1511, 1512, 1514, 1516, 1520, 1523, 1524, 1526, 1536, 1537, 1538, 1539, 1540, 1545, 1550, 1551, 1553, 1554, 1556, 1567, 1568, 1569, 1570, 1571, 1574, 1576, 1581, 1590, 1591, 1596, 1598, 1616, 1618, 1619, 1620, 1621, 1622, 1623, 1625, 1626, 1627, 1628, 1631, 1634, 1635, 1636, 1637, 1638, 1641, 1644, 1645, 1651, 1652, 1653, 1654, 1657, 1660, 1661, 1668, 1669, 1672, 1673, 1674, 1675, 1680, 1683, 1684, 1685, 1686, 1687, 1688, 1689, 1690, 1693, 1696, 1699, 1700, 1701, 1704, 1705, 1711, 1712, 1713, 1714, 1715, 1718, 1719, 1720, 1723, 1724, 1727, 1731, 1732, 1733, 1734, 1735, 1738, 1740], "excluded_lines": [643, 647, 649, 651, 653, 655, 657, 659, 661, 662, 663, 664, 853, 872, 909], "start_line": 100, "executed_branches": [[307, 310], [341, 345], [345, 352], [352, 354], [354, 359], [359, 362], [409, 411], [411, 412], [487, 488], [487, 611], [494, 498], [498, 499], [503, 504], [517, 518], [522, 523], [598, 487], [702, 703], [702, 734], [703, 704], [725, 727], [728, 702], [728, 729], [729, 730], [729, 732], [761, 765], [766, 767], [770, 771], [770, 815], [771, 774]], "missing_branches": [[307, 308], [341, 342], [345, 346], [346, 347], [346, 348], [348, 349], [348, 352], [352, 353], [354, 355], [355, 356], [355, 358], [359, 360], [381, 382], [381, 384], [409, 410], [411, 413], [413, 414], [413, 416], [494, 495], [498, 500], [503, 505], [517, 519], [522, 524], [598, 599], [703, 702], [725, 726], [761, 762], [766, 769], [771, 772], [858, 859], [858, 900], [862, 858], [862, 863], [863, 864], [863, 866], [867, 868], [867, 869], [874, 875], [874, 878], [905, 906], [905, 908], [1074, 1075], [1074, 1103], [1103, 1113], [1103, 1138], [1113, 1115], [1113, 1123], [1160, 1161], [1160, 1162], [1167, 1168], [1167, 1236], [1168, 1167], [1168, 1169], [1169, 1170], [1169, 1172], [1194, 1195], [1194, 1234], [1212, 1216], [1212, 1223], [1217, 1218], [1217, 1219], [1223, 1227], [1223, 1234], [1228, 1229], [1228, 1230], [1238, 1240], [1238, 1263], [1245, 1246], [1245, 1259], [1297, 1298], [1297, 1340], [1318, 1319], [1318, 1327], [1340, 1342], [1340, 1410], [1346, 1347], [1346, 1410], [1382, 1383], [1382, 1396], [1388, 1382], [1388, 1389], [1410, 1411], [1410, 1466], [1413, 1414], [1413, 1466], [1442, 1443], [1442, 1452], [1466, 1467], [1466, 1511], [1489, 1490], [1489, 1498], [1514, 1516], [1514, 1550], [1550, 1551], [1550, 1598], [1553, 1554], [1553, 1598], [1574, 1576], [1574, 1590], [1576, 1574], [1576, 1581], [1626, 1627], [1626, 1628], [1634, 1635], [1634, 1641], [1636, 1637], [1636, 1641], [1644, 1645], [1644, 1660], [1652, 1653], [1652, 1657], [1660, 1661], [1660, 1683], [1673, 1674], [1673, 1680], [1683, 1684], [1683, 1704], [1685, 1686], [1685, 1701], [1689, 1690], [1689, 1699], [1699, 1685], [1699, 1700], [1704, 1705], [1704, 1718], [1712, 1713], [1712, 1715], [1718, 1719], [1718, 1740], [1731, 1732], [1731, 1738], [1733, 1734], [1733, 1738]]}, "": {"executed_lines": [47, 49, 50, 51, 52, 53, 54, 55, 57, 58, 59, 60, 61, 62, 65, 66, 67, 68, 69, 71, 74, 75, 76, 77, 78, 81, 82, 87, 88, 89, 90, 91, 92, 93, 96, 100, 125, 291, 292, 324, 325, 364, 365, 397, 419, 628, 669, 737, 831, 933, 1141, 1266, 1601], "summary": {"covered_lines": 53, "num_statements": 53, "percent_covered": 98.18181818181819, "percent_covered_display": "98.18", "missing_lines": 0, "excluded_lines": 0, "percent_statements_covered": 100.0, "percent_statements_covered_display": "100.00", "num_branches": 2, "num_partial_branches": 1, "covered_branches": 1, "missing_branches": 1, "percent_branches_covered": 50.0, "percent_branches_covered_display": "50.00"}, "missing_lines": [], "excluded_lines": [], "start_line": 1, "executed_branches": [[76, 77]], "missing_branches": [[76, 87]]}}}, "testing/analyze.py": {"executed_lines": [], "summary": {"covered_lines": 0, "num_statements": 308, "percent_covered": 0.0, "percent_covered_display": "0.00", "missing_lines": 308, "excluded_lines": 28, "percent_statements_covered": 0.0, "percent_statements_covered_display": "0.00", "num_branches": 54, "num_partial_branches": 0, "covered_branches": 0, "missing_branches": 54, "percent_branches_covered": 0.0, "percent_branches_covered_display": "0.00"}, "missing_lines": [18, 60, 61, 62, 63, 64, 65, 66, 75, 76, 77, 78, 79, 80, 81, 82, 84, 87, 88, 89, 90, 91, 94, 95, 98, 99, 100, 103, 104, 109, 110, 111, 112, 113, 116, 127, 153, 154, 155, 157, 158, 166, 168, 170, 171, 172, 173, 174, 176, 177, 178, 179, 185, 187, 189, 190, 191, 194, 198, 199, 200, 201, 203, 205, 206, 208, 209, 210, 212, 213, 214, 215, 216, 217, 219, 221, 230, 233, 236, 239, 240, 243, 244, 248, 250, 255, 258, 260, 261, 262, 263, 264, 266, 267, 269, 270, 272, 277, 278, 280, 290, 307, 309, 312, 314, 315, 316, 317, 322, 325, 326, 329, 330, 331, 332, 334, 335, 336, 338, 339, 341, 342, 343, 345, 346, 347, 349, 352, 353, 359, 360, 363, 366, 367, 368, 371, 372, 374, 382, 391, 392, 394, 395, 396, 405, 406, 407, 409, 412, 413, 414, 415, 416, 417, 418, 420, 421, 424, 425, 428, 429, 430, 431, 432, 433, 434, 437, 438, 441, 442, 443, 444, 445, 446, 452, 453, 454, 455, 456, 457, 460, 461, 464, 465, 469, 479, 480, 481, 483, 484, 487, 488, 491, 492, 495, 496, 497, 498, 499, 500, 501, 504, 507, 510, 511, 513, 514, 515, 517, 518, 519, 523, 524, 528, 529, 530, 531, 532, 534, 535, 536, 537, 538, 540, 541, 542, 543, 548, 550, 551, 552, 554, 555, 556, 557, 558, 559, 561, 569, 570, 572, 573, 576, 577, 582, 583, 584, 587, 588, 589, 591, 592, 593, 594, 599, 600, 602, 603, 604, 605, 608, 609, 612, 613, 614, 615, 616, 617, 618, 619, 620, 621, 622, 625, 627, 629, 633, 652, 653, 654, 656, 659, 660, 662, 666, 668, 669, 670, 672, 673, 675, 676, 677, 678, 680, 681, 682, 685, 687, 688, 699, 702, 704, 714, 720, 721, 728, 729], "excluded_lines": [733, 734, 735, 736, 737, 738, 741, 742, 743, 745, 746, 749, 751, 752, 753, 754, 755, 757, 759, 760, 761, 762, 764, 767, 769, 770, 771, 774], "executed_branches": [], "missing_branches": [[89, 90], [89, 98], [99, 100], [99, 103], [171, 172], [171, 189], [172, 171], [172, 173], [176, 177], [176, 187], [201, 203], [201, 205], [212, 213], [212, 341], [243, 244], [243, 250], [260, 261], [260, 272], [261, 262], [261, 263], [269, 260], [269, 270], [341, 342], [341, 345], [391, 392], [391, 420], [394, 395], [394, 409], [443, 444], [443, 452], [444, 445], [444, 452], [445, 444], [445, 446], [510, 511], [510, 528], [517, 510], [517, 518], [550, 551], [550, 582], [554, 555], [554, 572], [556, 557], [556, 561], [654, 656], [654, 666], [668, 669], [668, 672], [675, 676], [675, 714], [676, 677], [676, 704], [680, 681], [680, 687]], "functions": {"analyze_augmentation_impact": {"executed_lines": [], "summary": {"covered_lines": 0, "num_statements": 240, "percent_covered": 0.0, "percent_covered_display": "0.00", "missing_lines": 240, "excluded_lines": 0, "percent_statements_covered": 0.0, "percent_statements_covered_display": "0.00", "num_branches": 40, "num_partial_branches": 0, "covered_branches": 0, "missing_branches": 40, "percent_branches_covered": 0.0, "percent_branches_covered_display": "0.00"}, "missing_lines": [153, 154, 155, 157, 158, 166, 168, 170, 171, 172, 173, 174, 176, 177, 178, 179, 185, 187, 189, 190, 191, 194, 198, 199, 200, 201, 203, 205, 206, 208, 209, 210, 212, 213, 214, 215, 216, 217, 219, 221, 230, 233, 236, 239, 240, 243, 244, 248, 250, 255, 258, 260, 261, 262, 263, 264, 266, 267, 269, 270, 272, 277, 278, 280, 290, 307, 309, 312, 314, 315, 316, 317, 322, 325, 326, 329, 330, 331, 332, 334, 335, 336, 338, 339, 341, 342, 343, 345, 346, 347, 349, 352, 353, 359, 360, 363, 366, 367, 368, 371, 372, 374, 382, 391, 392, 394, 395, 396, 405, 406, 407, 409, 412, 413, 414, 415, 416, 417, 418, 420, 421, 424, 425, 428, 429, 430, 431, 432, 433, 434, 437, 438, 441, 442, 443, 444, 445, 446, 452, 453, 454, 455, 456, 457, 460, 461, 464, 465, 469, 479, 480, 481, 483, 484, 487, 488, 491, 492, 495, 496, 497, 498, 499, 500, 501, 504, 507, 510, 511, 513, 514, 515, 517, 518, 519, 523, 524, 528, 529, 530, 531, 532, 534, 535, 536, 537, 538, 540, 541, 542, 543, 548, 550, 551, 552, 554, 555, 556, 557, 558, 559, 561, 569, 570, 572, 573, 576, 577, 582, 583, 584, 587, 588, 589, 591, 592, 593, 594, 599, 600, 602, 603, 604, 605, 608, 609, 612, 613, 614, 615, 616, 617, 618, 619, 620, 621, 622, 625, 627, 629], "excluded_lines": [], "start_line": 127, "executed_branches": [], "missing_branches": [[171, 172], [171, 189], [172, 171], [172, 173], [176, 177], [176, 187], [201, 203], [201, 205], [212, 213], [212, 341], [243, 244], [243, 250], [260, 261], [260, 272], [261, 262], [261, 263], [269, 260], [269, 270], [341, 342], [341, 345], [391, 392], [391, 420], [394, 395], [394, 409], [443, 444], [443, 452], [444, 445], [444, 452], [445, 444], [445, 446], [510, 511], [510, 528], [517, 510], [517, 518], [550, 551], [550, 582], [554, 555], [554, 572], [556, 557], [556, 561]]}, "save_augmentation_comparison_grid": {"executed_lines": [], "summary": {"covered_lines": 0, "num_statements": 29, "percent_covered": 0.0, "percent_covered_display": "0.00", "missing_lines": 29, "excluded_lines": 0, "percent_statements_covered": 0.0, "percent_statements_covered_display": "0.00", "num_branches": 10, "num_partial_branches": 0, "covered_branches": 0, "missing_branches": 10, "percent_branches_covered": 0.0, "percent_branches_covered_display": "0.00"}, "missing_lines": [652, 653, 654, 656, 662, 666, 668, 669, 670, 672, 673, 675, 676, 677, 678, 680, 681, 682, 685, 687, 688, 699, 702, 704, 714, 720, 721, 728, 729], "excluded_lines": [], "start_line": 633, "executed_branches": [], "missing_branches": [[654, 656], [654, 666], [668, 669], [668, 672], [675, 676], [675, 714], [676, 677], [676, 704], [680, 681], [680, 687]]}, "save_augmentation_comparison_grid.extract_model_name": {"executed_lines": [], "summary": {"covered_lines": 0, "num_statements": 2, "percent_covered": 0.0, "percent_covered_display": "0.00", "missing_lines": 2, "excluded_lines": 0, "percent_statements_covered": 0.0, "percent_statements_covered_display": "0.00", "num_branches": 0, "num_partial_branches": 0, "covered_branches": 0, "missing_branches": 0, "percent_branches_covered": 100.0, "percent_branches_covered_display": "100.00"}, "missing_lines": [659, 660], "excluded_lines": [], "start_line": 656, "executed_branches": [], "missing_branches": []}, "extract_model_name": {"executed_lines": [], "summary": {"covered_lines": 0, "num_statements": 0, "percent_covered": 100.0, "percent_covered_display": "100.00", "missing_lines": 0, "excluded_lines": 3, "percent_statements_covered": 100.0, "percent_statements_covered_display": "100.00", "num_branches": 0, "num_partial_branches": 0, "covered_branches": 0, "missing_branches": 0, "percent_branches_covered": 100.0, "percent_branches_covered_display": "100.00"}, "missing_lines": [], "excluded_lines": [760, 761, 762], "start_line": 759, "executed_branches": [], "missing_branches": []}, "": {"executed_lines": [], "summary": {"covered_lines": 0, "num_statements": 37, "percent_covered": 0.0, "percent_covered_display": "0.00", "missing_lines": 37, "excluded_lines": 25, "percent_statements_covered": 0.0, "percent_statements_covered_display": "0.00", "num_branches": 4, "num_partial_branches": 0, "covered_branches": 0, "missing_branches": 4, "percent_branches_covered": 0.0, "percent_branches_covered_display": "0.00"}, "missing_lines": [18, 60, 61, 62, 63, 64, 65, 66, 75, 76, 77, 78, 79, 80, 81, 82, 84, 87, 88, 89, 90, 91, 94, 95, 98, 99, 100, 103, 104, 109, 110, 111, 112, 113, 116, 127, 633], "excluded_lines": [733, 734, 735, 736, 737, 738, 741, 742, 743, 745, 746, 749, 751, 752, 753, 754, 755, 757, 759, 764, 767, 769, 770, 771, 774], "start_line": 1, "executed_branches": [], "missing_branches": [[89, 90], [89, 98], [99, 100], [99, 103]]}}, "classes": {"": {"executed_lines": [], "summary": {"covered_lines": 0, "num_statements": 308, "percent_covered": 0.0, "percent_covered_display": "0.00", "missing_lines": 308, "excluded_lines": 28, "percent_statements_covered": 0.0, "percent_statements_covered_display": "0.00", "num_branches": 54, "num_partial_branches": 0, "covered_branches": 0, "missing_branches": 54, "percent_branches_covered": 0.0, "percent_branches_covered_display": "0.00"}, "missing_lines": [18, 60, 61, 62, 63, 64, 65, 66, 75, 76, 77, 78, 79, 80, 81, 82, 84, 87, 88, 89, 90, 91, 94, 95, 98, 99, 100, 103, 104, 109, 110, 111, 112, 113, 116, 127, 153, 154, 155, 157, 158, 166, 168, 170, 171, 172, 173, 174, 176, 177, 178, 179, 185, 187, 189, 190, 191, 194, 198, 199, 200, 201, 203, 205, 206, 208, 209, 210, 212, 213, 214, 215, 216, 217, 219, 221, 230, 233, 236, 239, 240, 243, 244, 248, 250, 255, 258, 260, 261, 262, 263, 264, 266, 267, 269, 270, 272, 277, 278, 280, 290, 307, 309, 312, 314, 315, 316, 317, 322, 325, 326, 329, 330, 331, 332, 334, 335, 336, 338, 339, 341, 342, 343, 345, 346, 347, 349, 352, 353, 359, 360, 363, 366, 367, 368, 371, 372, 374, 382, 391, 392, 394, 395, 396, 405, 406, 407, 409, 412, 413, 414, 415, 416, 417, 418, 420, 421, 424, 425, 428, 429, 430, 431, 432, 433, 434, 437, 438, 441, 442, 443, 444, 445, 446, 452, 453, 454, 455, 456, 457, 460, 461, 464, 465, 469, 479, 480, 481, 483, 484, 487, 488, 491, 492, 495, 496, 497, 498, 499, 500, 501, 504, 507, 510, 511, 513, 514, 515, 517, 518, 519, 523, 524, 528, 529, 530, 531, 532, 534, 535, 536, 537, 538, 540, 541, 542, 543, 548, 550, 551, 552, 554, 555, 556, 557, 558, 559, 561, 569, 570, 572, 573, 576, 577, 582, 583, 584, 587, 588, 589, 591, 592, 593, 594, 599, 600, 602, 603, 604, 605, 608, 609, 612, 613, 614, 615, 616, 617, 618, 619, 620, 621, 622, 625, 627, 629, 633, 652, 653, 654, 656, 659, 660, 662, 666, 668, 669, 670, 672, 673, 675, 676, 677, 678, 680, 681, 682, 685, 687, 688, 699, 702, 704, 714, 720, 721, 728, 729], "excluded_lines": [733, 734, 735, 736, 737, 738, 741, 742, 743, 745, 746, 749, 751, 752, 753, 754, 755, 757, 759, 760, 761, 762, 764, 767, 769, 770, 771, 774], "start_line": 1, "executed_branches": [], "missing_branches": [[89, 90], [89, 98], [99, 100], [99, 103], [171, 172], [171, 189], [172, 171], [172, 173], [176, 177], [176, 187], [201, 203], [201, 205], [212, 213], [212, 341], [243, 244], [243, 250], [260, 261], [260, 272], [261, 262], [261, 263], [269, 260], [269, 270], [341, 342], [341, 345], [391, 392], [391, 420], [394, 395], [394, 409], [443, 444], [443, 452], [444, 445], [444, 452], [445, 444], [445, 446], [510, 511], [510, 528], [517, 510], [517, 518], [550, 551], [550, 582], [554, 555], [554, 572], [556, 557], [556, 561], [654, 656], [654, 666], [668, 669], [668, 672], [675, 676], [675, 714], [676, 677], [676, 704], [680, 681], [680, 687]]}}}}, "totals": {"covered_lines": 2454, "num_statements": 16949, "percent_covered": 13.235226063214402, "percent_covered_display": "13.24", "missing_lines": 14495, "excluded_lines": 219, "percent_statements_covered": 14.478730308572777, "percent_statements_covered_display": "14.48", "num_branches": 4660, "num_partial_branches": 270, "covered_branches": 406, "missing_branches": 4254, "percent_branches_covered": 8.71244635193133, "percent_branches_covered_display": "8.71"}}