<?xml version="1.0" ?>
<coverage version="7.14.0" timestamp="1778780604748" lines-valid="16949" lines-covered="951" line-rate="0.05611" branches-valid="4660" branches-covered="164" branch-rate="0.03519" complexity="0">
	<!-- Generated by coverage.py: https://coverage.readthedocs.io/en/7.14.0 -->
	<!-- Based on https://raw.githubusercontent.com/cobertura/web/master/htdocs/xml/coverage-04.dtd -->
	<sources>
		<source>/home/yamshchikov/ML_practice/Torchvision_core_project/metrics</source>
		<source>/home/yamshchikov/ML_practice/Torchvision_core_project/segmenters</source>
		<source>/home/yamshchikov/ML_practice/Torchvision_core_project/testing</source>
	</sources>
	<packages>
		<package name="." line-rate="0.05611" branch-rate="0.03519" complexity="0">
			<classes>
				<class name="AutoSegmenter.py" filename="AutoSegmenter.py" complexity="0" line-rate="0" branch-rate="0">
					<methods/>
					<lines>
						<line number="47" hits="0"/>
						<line number="49" hits="0"/>
						<line number="50" hits="0"/>
						<line number="52" hits="0"/>
						<line number="53" hits="0"/>
						<line number="55" hits="0" branch="true" condition-coverage="0% (0/2)" missing-branches="56,59"/>
						<line number="56" hits="0"/>
						<line number="59" hits="0"/>
						<line number="61" hits="0"/>
						<line number="64" hits="0"/>
						<line number="73" hits="0"/>
						<line number="74" hits="0"/>
						<line number="75" hits="0"/>
						<line number="76" hits="0"/>
						<line number="79" hits="0"/>
						<line number="81" hits="0"/>
						<line number="84" hits="0"/>
						<line number="85" hits="0"/>
						<line number="86" hits="0" branch="true" condition-coverage="0% (0/2)" missing-branches="87,97"/>
						<line number="87" hits="0"/>
						<line number="88" hits="0"/>
						<line number="91" hits="0"/>
						<line number="92" hits="0"/>
						<line number="97" hits="0"/>
						<line number="98" hits="0"/>
						<line number="99" hits="0"/>
						<line number="100" hits="0"/>
						<line number="101" hits="0"/>
						<line number="102" hits="0"/>
						<line number="103" hits="0"/>
						<line number="109" hits="0"/>
						<line number="119" hits="0"/>
						<line number="120" hits="0"/>
						<line number="121" hits="0"/>
						<line number="122" hits="0"/>
						<line number="126" hits="0"/>
						<line number="141" hits="0"/>
						<line number="142" hits="0"/>
						<line number="143" hits="0"/>
						<line number="144" hits="0"/>
						<line number="145" hits="0"/>
						<line number="146" hits="0"/>
						<line number="147" hits="0"/>
						<line number="151" hits="0"/>
						<line number="152" hits="0"/>
						<line number="170" hits="0"/>
						<line number="171" hits="0"/>
						<line number="172" hits="0"/>
						<line number="173" hits="0"/>
						<line number="174" hits="0"/>
						<line number="175" hits="0"/>
						<line number="176" hits="0"/>
						<line number="177" hits="0"/>
						<line number="178" hits="0"/>
						<line number="179" hits="0"/>
						<line number="183" hits="0"/>
						<line number="184" hits="0"/>
						<line number="203" hits="0"/>
						<line number="204" hits="0"/>
						<line number="205" hits="0"/>
						<line number="206" hits="0"/>
						<line number="207" hits="0"/>
						<line number="208" hits="0"/>
						<line number="209" hits="0"/>
						<line number="210" hits="0"/>
						<line number="211" hits="0"/>
						<line number="212" hits="0"/>
						<line number="213" hits="0"/>
						<line number="216" hits="0"/>
						<line number="217" hits="0"/>
						<line number="222" hits="0"/>
						<line number="3858" hits="0"/>
						<line number="3863" hits="0"/>
						<line number="3869" hits="0"/>
						<line number="3895" hits="0"/>
						<line number="3914" hits="0"/>
						<line number="3923" hits="0"/>
						<line number="3924" hits="0"/>
						<line number="3925" hits="0"/>
						<line number="3928" hits="0"/>
						<line number="3930" hits="0" branch="true" condition-coverage="0% (0/2)" missing-branches="exit,3931"/>
						<line number="3931" hits="0" branch="true" condition-coverage="0% (0/2)" missing-branches="3930,3932"/>
						<line number="3932" hits="0"/>
						<line number="3935" hits="0"/>
						<line number="3947" hits="0"/>
						<line number="4883" hits="0"/>
						<line number="4899" hits="0"/>
						<line number="5303" hits="0"/>
						<line number="5322" hits="0" branch="true" condition-coverage="0% (0/2)" missing-branches="5323,5324"/>
						<line number="5323" hits="0"/>
						<line number="5324" hits="0"/>
						<line number="5327" hits="0"/>
						<line number="5347" hits="0" branch="true" condition-coverage="0% (0/2)" missing-branches="5348,5351"/>
						<line number="5348" hits="0"/>
						<line number="5349" hits="0"/>
						<line number="5351" hits="0"/>
						<line number="5352" hits="0"/>
						<line number="5353" hits="0"/>
						<line number="5356" hits="0"/>
						<line number="5357" hits="0"/>
						<line number="5358" hits="0"/>
						<line number="5359" hits="0"/>
						<line number="5364" hits="0"/>
						<line number="5367" hits="0"/>
						<line number="5368" hits="0"/>
						<line number="5371" hits="0"/>
						<line number="5372" hits="0"/>
						<line number="5375" hits="0"/>
						<line number="5376" hits="0"/>
						<line number="5377" hits="0"/>
						<line number="5378" hits="0"/>
						<line number="5381" hits="0"/>
						<line number="5389" hits="0"/>
						<line number="5403" hits="0"/>
						<line number="5430" hits="0" branch="true" condition-coverage="0% (0/2)" missing-branches="5431,5434"/>
						<line number="5431" hits="0"/>
						<line number="5434" hits="0" branch="true" condition-coverage="0% (0/2)" missing-branches="5435,5438"/>
						<line number="5435" hits="0"/>
						<line number="5438" hits="0" branch="true" condition-coverage="0% (0/2)" missing-branches="5439,5442"/>
						<line number="5439" hits="0"/>
						<line number="5442" hits="0" branch="true" condition-coverage="0% (0/2)" missing-branches="5443,5445"/>
						<line number="5443" hits="0"/>
						<line number="5445" hits="0"/>
						<line number="5448" hits="0"/>
						<line number="5485" hits="0" branch="true" condition-coverage="0% (0/2)" missing-branches="5486,5488"/>
						<line number="5486" hits="0"/>
						<line number="5488" hits="0" branch="true" condition-coverage="0% (0/2)" missing-branches="5489,5491"/>
						<line number="5489" hits="0"/>
						<line number="5491" hits="0"/>
						<line number="5493" hits="0"/>
						<line number="5495" hits="0" branch="true" condition-coverage="0% (0/2)" missing-branches="5496,5504"/>
						<line number="5496" hits="0" branch="true" condition-coverage="0% (0/2)" missing-branches="5497,5498"/>
						<line number="5497" hits="0"/>
						<line number="5498" hits="0"/>
						<line number="5501" hits="0"/>
						<line number="5504" hits="0" branch="true" condition-coverage="0% (0/2)" missing-branches="5505,5507"/>
						<line number="5505" hits="0"/>
						<line number="5507" hits="0"/>
						<line number="5512" hits="0"/>
						<line number="5513" hits="0"/>
						<line number="5516" hits="0"/>
						<line number="5518" hits="0"/>
						<line number="5519" hits="0"/>
						<line number="5521" hits="0"/>
						<line number="5524" hits="0"/>
						<line number="5525" hits="0"/>
						<line number="5552" hits="0"/>
						<line number="5555" hits="0"/>
						<line number="5562" hits="0"/>
						<line number="5563" hits="0"/>
						<line number="5566" hits="0"/>
						<line number="5569" hits="0"/>
						<line number="5570" hits="0"/>
						<line number="5573" hits="0"/>
						<line number="5580" hits="0" branch="true" condition-coverage="0% (0/2)" missing-branches="5581,5584"/>
						<line number="5581" hits="0"/>
						<line number="5584" hits="0" branch="true" condition-coverage="0% (0/2)" missing-branches="5585,5588"/>
						<line number="5585" hits="0"/>
						<line number="5588" hits="0" branch="true" condition-coverage="0% (0/2)" missing-branches="5589,5591"/>
						<line number="5589" hits="0"/>
						<line number="5591" hits="0"/>
						<line number="5594" hits="0"/>
						<line number="5652" hits="0"/>
						<line number="5653" hits="0"/>
						<line number="5654" hits="0"/>
						<line number="5655" hits="0"/>
						<line number="5657" hits="0" branch="true" condition-coverage="0% (0/2)" missing-branches="5659,5667"/>
						<line number="5659" hits="0"/>
						<line number="5662" hits="0"/>
						<line number="5667" hits="0" branch="true" condition-coverage="0% (0/2)" missing-branches="5668,5671"/>
						<line number="5668" hits="0"/>
						<line number="5671" hits="0" branch="true" condition-coverage="0% (0/2)" missing-branches="5672,5676"/>
						<line number="5672" hits="0"/>
						<line number="5673" hits="0"/>
						<line number="5676" hits="0"/>
						<line number="5677" hits="0"/>
						<line number="5678" hits="0"/>
						<line number="5679" hits="0"/>
						<line number="5680" hits="0"/>
						<line number="5683" hits="0"/>
						<line number="5686" hits="0"/>
						<line number="5689" hits="0"/>
						<line number="5692" hits="0"/>
						<line number="5693" hits="0" branch="true" condition-coverage="0% (0/2)" missing-branches="5694,5696"/>
						<line number="5694" hits="0"/>
						<line number="5696" hits="0"/>
						<line number="5698" hits="0" branch="true" condition-coverage="0% (0/2)" missing-branches="5700,5703"/>
						<line number="5700" hits="0"/>
						<line number="5701" hits="0"/>
						<line number="5703" hits="0" branch="true" condition-coverage="0% (0/2)" missing-branches="5704,5714"/>
						<line number="5704" hits="0"/>
						<line number="5705" hits="0"/>
						<line number="5712" hits="0"/>
						<line number="5714" hits="0"/>
						<line number="5717" hits="0"/>
						<line number="5734" hits="0" branch="true" condition-coverage="0% (0/2)" missing-branches="5735,5738"/>
						<line number="5735" hits="0"/>
						<line number="5737" hits="0"/>
						<line number="5738" hits="0" branch="true" condition-coverage="0% (0/2)" missing-branches="5739,5742"/>
						<line number="5739" hits="0"/>
						<line number="5741" hits="0"/>
						<line number="5742" hits="0" branch="true" condition-coverage="0% (0/2)" missing-branches="5743,5747"/>
						<line number="5743" hits="0"/>
						<line number="5745" hits="0"/>
						<line number="5747" hits="0"/>
						<line number="5749" hits="0"/>
						<line number="5752" hits="0"/>
						<line number="5788" hits="0"/>
						<line number="5789" hits="0"/>
						<line number="5791" hits="0" branch="true" condition-coverage="0% (0/2)" missing-branches="5792,5802"/>
						<line number="5792" hits="0"/>
						<line number="5795" hits="0"/>
						<line number="5802" hits="0"/>
						<line number="5806" hits="0"/>
						<line number="5807" hits="0" branch="true" condition-coverage="0% (0/2)" missing-branches="5808,5819"/>
						<line number="5808" hits="0"/>
						<line number="5819" hits="0"/>
						<line number="5825" hits="0"/>
						<line number="5834" hits="0"/>
					</lines>
				</class>
				<class name="BackendSegmenters.py" filename="BackendSegmenters.py" complexity="0" line-rate="0" branch-rate="0">
					<methods/>
					<lines>
						<line number="50" hits="0"/>
						<line number="52" hits="0"/>
						<line number="63" hits="0"/>
						<line number="64" hits="0"/>
						<line number="65" hits="0"/>
						<line number="66" hits="0"/>
						<line number="67" hits="0"/>
						<line number="68" hits="0"/>
						<line number="79" hits="0"/>
						<line number="85" hits="0"/>
						<line number="86" hits="0"/>
						<line number="87" hits="0" branch="true" condition-coverage="0% (0/2)" missing-branches="88,98"/>
						<line number="88" hits="0"/>
						<line number="89" hits="0"/>
						<line number="92" hits="0"/>
						<line number="93" hits="0"/>
						<line number="98" hits="0"/>
						<line number="99" hits="0"/>
						<line number="101" hits="0"/>
						<line number="102" hits="0"/>
						<line number="104" hits="0"/>
						<line number="105" hits="0"/>
						<line number="107" hits="0"/>
						<line number="108" hits="0"/>
						<line number="111" hits="0"/>
						<line number="114" hits="0"/>
						<line number="131" hits="0"/>
						<line number="132" hits="0"/>
						<line number="133" hits="0"/>
						<line number="134" hits="0"/>
						<line number="135" hits="0"/>
						<line number="136" hits="0"/>
						<line number="137" hits="0"/>
						<line number="138" hits="0"/>
						<line number="139" hits="0"/>
						<line number="142" hits="0"/>
						<line number="147" hits="0"/>
						<line number="148" hits="0"/>
						<line number="152" hits="0"/>
						<line number="155" hits="0"/>
						<line number="156" hits="0"/>
						<line number="159" hits="0"/>
						<line number="160" hits="0"/>
						<line number="165" hits="0"/>
						<line number="174" hits="0" branch="true" condition-coverage="0% (0/2)" missing-branches="175,176"/>
						<line number="175" hits="0"/>
						<line number="176" hits="0" branch="true" condition-coverage="0% (0/2)" missing-branches="177,182"/>
						<line number="177" hits="0"/>
						<line number="180" hits="0"/>
						<line number="182" hits="0"/>
						<line number="184" hits="0"/>
						<line number="200" hits="0"/>
						<line number="201" hits="0"/>
						<line number="202" hits="0"/>
						<line number="205" hits="0" branch="true" condition-coverage="0% (0/2)" missing-branches="206,209"/>
						<line number="206" hits="0"/>
						<line number="207" hits="0"/>
						<line number="209" hits="0"/>
						<line number="211" hits="0" branch="true" condition-coverage="0% (0/2)" missing-branches="212,215"/>
						<line number="212" hits="0"/>
						<line number="215" hits="0" branch="true" condition-coverage="0% (0/2)" missing-branches="216,223"/>
						<line number="216" hits="0" branch="true" condition-coverage="0% (0/2)" missing-branches="218,221"/>
						<line number="218" hits="0"/>
						<line number="221" hits="0"/>
						<line number="223" hits="0"/>
						<line number="225" hits="0"/>
						<line number="227" hits="0"/>
						<line number="228" hits="0"/>
						<line number="229" hits="0"/>
						<line number="230" hits="0"/>
						<line number="231" hits="0"/>
						<line number="233" hits="0"/>
						<line number="250" hits="0"/>
						<line number="251" hits="0"/>
						<line number="254" hits="0" branch="true" condition-coverage="0% (0/2)" missing-branches="255,266"/>
						<line number="255" hits="0" branch="true" condition-coverage="0% (0/2)" missing-branches="256,257"/>
						<line number="256" hits="0"/>
						<line number="257" hits="0" branch="true" condition-coverage="0% (0/2)" missing-branches="258,259"/>
						<line number="258" hits="0"/>
						<line number="259" hits="0" branch="true" condition-coverage="0% (0/2)" missing-branches="260,264"/>
						<line number="260" hits="0"/>
						<line number="261" hits="0" branch="true" condition-coverage="0% (0/2)" missing-branches="262,267"/>
						<line number="262" hits="0"/>
						<line number="264" hits="0"/>
						<line number="266" hits="0"/>
						<line number="267" hits="0"/>
						<line number="268" hits="0"/>
						<line number="271" hits="0"/>
						<line number="274" hits="0"/>
						<line number="289" hits="0"/>
						<line number="290" hits="0"/>
						<line number="291" hits="0"/>
						<line number="292" hits="0"/>
						<line number="293" hits="0" branch="true" condition-coverage="0% (0/2)" missing-branches="294,303"/>
						<line number="294" hits="0"/>
						<line number="296" hits="0"/>
						<line number="297" hits="0" branch="true" condition-coverage="0% (0/2)" missing-branches="298,301"/>
						<line number="298" hits="0"/>
						<line number="301" hits="0"/>
						<line number="303" hits="0"/>
						<line number="304" hits="0"/>
						<line number="306" hits="0"/>
						<line number="323" hits="0"/>
						<line number="325" hits="0" branch="true" condition-coverage="0% (0/2)" missing-branches="326,329"/>
						<line number="326" hits="0"/>
						<line number="329" hits="0"/>
						<line number="338" hits="0"/>
						<line number="339" hits="0"/>
						<line number="342" hits="0"/>
						<line number="343" hits="0" branch="true" condition-coverage="0% (0/2)" missing-branches="344,347"/>
						<line number="344" hits="0"/>
						<line number="347" hits="0"/>
						<line number="350" hits="0"/>
						<line number="352" hits="0"/>
						<line number="353" hits="0"/>
						<line number="354" hits="0"/>
						<line number="355" hits="0"/>
						<line number="357" hits="0"/>
						<line number="374" hits="0"/>
						<line number="375" hits="0"/>
						<line number="378" hits="0" branch="true" condition-coverage="0% (0/2)" missing-branches="379,390"/>
						<line number="379" hits="0" branch="true" condition-coverage="0% (0/2)" missing-branches="380,381"/>
						<line number="380" hits="0"/>
						<line number="381" hits="0" branch="true" condition-coverage="0% (0/2)" missing-branches="382,383"/>
						<line number="382" hits="0"/>
						<line number="383" hits="0" branch="true" condition-coverage="0% (0/2)" missing-branches="384,388"/>
						<line number="384" hits="0"/>
						<line number="385" hits="0" branch="true" condition-coverage="0% (0/2)" missing-branches="386,391"/>
						<line number="386" hits="0"/>
						<line number="388" hits="0"/>
						<line number="390" hits="0"/>
						<line number="391" hits="0"/>
						<line number="392" hits="0"/>
					</lines>
				</class>
				<class name="BaseSegmenter.py" filename="BaseSegmenter.py" complexity="0" line-rate="0.4118" branch-rate="0.05357">
					<methods/>
					<lines>
						<line number="61" hits="1"/>
						<line number="63" hits="1"/>
						<line number="64" hits="1"/>
						<line number="65" hits="1"/>
						<line number="66" hits="1"/>
						<line number="67" hits="1"/>
						<line number="68" hits="1"/>
						<line number="80" hits="1"/>
						<line number="81" hits="1"/>
						<line number="83" hits="1"/>
						<line number="86" hits="1"/>
						<line number="87" hits="1"/>
						<line number="88" hits="1" branch="true" condition-coverage="50% (1/2)" missing-branches="100"/>
						<line number="89" hits="1"/>
						<line number="90" hits="1"/>
						<line number="93" hits="1"/>
						<line number="94" hits="1"/>
						<line number="100" hits="1"/>
						<line number="101" hits="1"/>
						<line number="102" hits="1"/>
						<line number="103" hits="1"/>
						<line number="104" hits="1"/>
						<line number="107" hits="1"/>
						<line number="108" hits="1"/>
						<line number="109" hits="1"/>
						<line number="112" hits="1"/>
						<line number="113" hits="1"/>
						<line number="114" hits="1"/>
						<line number="117" hits="1"/>
						<line number="121" hits="1"/>
						<line number="122" hits="1"/>
						<line number="128" hits="1"/>
						<line number="129" hits="1"/>
						<line number="142" hits="0"/>
						<line number="145" hits="1"/>
						<line number="149" hits="1"/>
						<line number="181" hits="1"/>
						<line number="183" hits="1"/>
						<line number="184" hits="1"/>
						<line number="227" hits="1"/>
						<line number="259" hits="0" branch="true" condition-coverage="0% (0/2)" missing-branches="261,271"/>
						<line number="261" hits="0" branch="true" condition-coverage="0% (0/2)" missing-branches="262,267"/>
						<line number="262" hits="0"/>
						<line number="263" hits="0" branch="true" condition-coverage="0% (0/2)" missing-branches="264,265"/>
						<line number="264" hits="0"/>
						<line number="265" hits="0"/>
						<line number="267" hits="0"/>
						<line number="268" hits="0" branch="true" condition-coverage="0% (0/2)" missing-branches="269,270"/>
						<line number="269" hits="0"/>
						<line number="270" hits="0"/>
						<line number="271" hits="0" branch="true" condition-coverage="0% (0/2)" missing-branches="273,277"/>
						<line number="273" hits="0" branch="true" condition-coverage="0% (0/2)" missing-branches="274,276"/>
						<line number="274" hits="0"/>
						<line number="276" hits="0"/>
						<line number="277" hits="0" branch="true" condition-coverage="0% (0/2)" missing-branches="279,284"/>
						<line number="279" hits="0"/>
						<line number="280" hits="0" branch="true" condition-coverage="0% (0/2)" missing-branches="282,310"/>
						<line number="282" hits="0" branch="true" condition-coverage="0% (0/2)" missing-branches="283,310"/>
						<line number="283" hits="0"/>
						<line number="284" hits="0" branch="true" condition-coverage="0% (0/2)" missing-branches="286,306"/>
						<line number="286" hits="0" branch="true" condition-coverage="0% (0/2)" missing-branches="288,293"/>
						<line number="288" hits="0" branch="true" condition-coverage="0% (0/2)" missing-branches="289,291"/>
						<line number="289" hits="0"/>
						<line number="291" hits="0"/>
						<line number="293" hits="0"/>
						<line number="296" hits="0" branch="true" condition-coverage="0% (0/2)" missing-branches="297,302"/>
						<line number="297" hits="0" branch="true" condition-coverage="0% (0/2)" missing-branches="298,300"/>
						<line number="298" hits="0"/>
						<line number="300" hits="0"/>
						<line number="302" hits="0"/>
						<line number="303" hits="0" branch="true" condition-coverage="0% (0/2)" missing-branches="304,310"/>
						<line number="304" hits="0"/>
						<line number="306" hits="0"/>
						<line number="310" hits="0" branch="true" condition-coverage="0% (0/2)" missing-branches="311,318"/>
						<line number="311" hits="0"/>
						<line number="316" hits="0"/>
						<line number="318" hits="0" branch="true" condition-coverage="0% (0/2)" missing-branches="319,322"/>
						<line number="319" hits="0" branch="true" condition-coverage="0% (0/2)" missing-branches="320,322"/>
						<line number="320" hits="0"/>
						<line number="322" hits="0"/>
						<line number="325" hits="1"/>
						<line number="353" hits="0" branch="true" condition-coverage="0% (0/2)" missing-branches="354,357"/>
						<line number="354" hits="0"/>
						<line number="357" hits="0"/>
						<line number="358" hits="0"/>
						<line number="361" hits="0"/>
						<line number="362" hits="0"/>
						<line number="365" hits="1"/>
						<line number="382" hits="0"/>
						<line number="383" hits="0"/>
						<line number="385" hits="0"/>
						<line number="390" hits="1"/>
						<line number="412" hits="0"/>
						<line number="413" hits="0"/>
						<line number="414" hits="0"/>
						<line number="415" hits="0"/>
						<line number="416" hits="0"/>
						<line number="421" hits="1"/>
						<line number="422" hits="1" branch="true" condition-coverage="50% (1/2)" missing-branches="exit"/>
						<line number="427" hits="1"/>
						<line number="428" hits="1" branch="true" condition-coverage="50% (1/2)" missing-branches="exit"/>
						<line number="433" hits="1"/>
						<line number="447" hits="0" branch="true" condition-coverage="0% (0/2)" missing-branches="448,449"/>
						<line number="448" hits="0"/>
						<line number="449" hits="0"/>
						<line number="452" hits="1"/>
						<line number="470" hits="0" branch="true" condition-coverage="0% (0/2)" missing-branches="471,475"/>
						<line number="471" hits="0" branch="true" condition-coverage="0% (0/2)" missing-branches="472,473"/>
						<line number="472" hits="0"/>
						<line number="473" hits="0" branch="true" condition-coverage="0% (0/2)" missing-branches="474,481"/>
						<line number="474" hits="0"/>
						<line number="475" hits="0" branch="true" condition-coverage="0% (0/2)" missing-branches="476,481"/>
						<line number="476" hits="0" branch="true" condition-coverage="0% (0/2)" missing-branches="477,479"/>
						<line number="477" hits="0"/>
						<line number="479" hits="0"/>
						<line number="480" hits="0"/>
						<line number="481" hits="0"/>
						<line number="484" hits="1"/>
						<line number="497" hits="0"/>
					</lines>
				</class>
				<class name="BatchClassicTester2.py" filename="BatchClassicTester2.py" complexity="0" line-rate="0" branch-rate="0">
					<methods/>
					<lines>
						<line number="29" hits="0"/>
						<line number="31" hits="0"/>
						<line number="32" hits="0"/>
						<line number="33" hits="0"/>
						<line number="34" hits="0"/>
						<line number="35" hits="0"/>
						<line number="36" hits="0"/>
						<line number="37" hits="0"/>
						<line number="38" hits="0"/>
						<line number="40" hits="0"/>
						<line number="41" hits="0"/>
						<line number="42" hits="0"/>
						<line number="43" hits="0"/>
						<line number="44" hits="0"/>
						<line number="45" hits="0"/>
						<line number="47" hits="0"/>
						<line number="48" hits="0" branch="true" condition-coverage="0% (0/2)" missing-branches="49,51"/>
						<line number="49" hits="0"/>
						<line number="51" hits="0"/>
						<line number="52" hits="0"/>
						<line number="53" hits="0"/>
						<line number="54" hits="0"/>
						<line number="55" hits="0"/>
						<line number="56" hits="0"/>
						<line number="58" hits="0"/>
						<line number="61" hits="0"/>
						<line number="62" hits="0"/>
						<line number="63" hits="0" branch="true" condition-coverage="0% (0/2)" missing-branches="64,73"/>
						<line number="64" hits="0"/>
						<line number="65" hits="0"/>
						<line number="68" hits="0"/>
						<line number="69" hits="0"/>
						<line number="73" hits="0"/>
						<line number="100" hits="0"/>
						<line number="121" hits="0"/>
						<line number="122" hits="0"/>
						<line number="123" hits="0"/>
						<line number="124" hits="0"/>
						<line number="125" hits="0"/>
						<line number="126" hits="0"/>
						<line number="128" hits="0"/>
						<line number="131" hits="0"/>
						<line number="143" hits="0"/>
						<line number="146" hits="0"/>
						<line number="147" hits="0"/>
						<line number="148" hits="0"/>
						<line number="149" hits="0"/>
						<line number="152" hits="0"/>
						<line number="153" hits="0"/>
						<line number="156" hits="0" branch="true" condition-coverage="0% (0/2)" missing-branches="exit,157"/>
						<line number="157" hits="0"/>
						<line number="158" hits="0"/>
						<line number="163" hits="0"/>
						<line number="170" hits="0"/>
						<line number="171" hits="0"/>
						<line number="172" hits="0"/>
						<line number="173" hits="0"/>
						<line number="174" hits="0"/>
						<line number="175" hits="0"/>
						<line number="177" hits="0"/>
						<line number="178" hits="0"/>
						<line number="181" hits="0"/>
						<line number="188" hits="0"/>
						<line number="189" hits="0"/>
						<line number="190" hits="0"/>
						<line number="191" hits="0"/>
						<line number="192" hits="0"/>
						<line number="193" hits="0"/>
						<line number="196" hits="0"/>
						<line number="210" hits="0"/>
						<line number="211" hits="0"/>
						<line number="212" hits="0"/>
						<line number="215" hits="0"/>
						<line number="216" hits="0" branch="true" condition-coverage="0% (0/2)" missing-branches="217,218"/>
						<line number="217" hits="0"/>
						<line number="218" hits="0" branch="true" condition-coverage="0% (0/2)" missing-branches="219,221"/>
						<line number="219" hits="0"/>
						<line number="221" hits="0"/>
						<line number="223" hits="0"/>
						<line number="224" hits="0"/>
						<line number="226" hits="0"/>
						<line number="238" hits="0"/>
						<line number="248" hits="0"/>
						<line number="250" hits="0" branch="true" condition-coverage="0% (0/2)" missing-branches="251,253"/>
						<line number="251" hits="0"/>
						<line number="253" hits="0"/>
						<line number="255" hits="0"/>
						<line number="262" hits="0"/>
						<line number="263" hits="0"/>
						<line number="266" hits="0" branch="true" condition-coverage="0% (0/2)" missing-branches="267,273"/>
						<line number="267" hits="0"/>
						<line number="268" hits="0"/>
						<line number="270" hits="0"/>
						<line number="271" hits="0"/>
						<line number="273" hits="0"/>
						<line number="274" hits="0"/>
						<line number="278" hits="0"/>
						<line number="279" hits="0"/>
						<line number="282" hits="0"/>
						<line number="291" hits="0"/>
						<line number="292" hits="0"/>
						<line number="293" hits="0"/>
						<line number="296" hits="0"/>
						<line number="297" hits="0"/>
						<line number="298" hits="0"/>
						<line number="301" hits="0" branch="true" condition-coverage="0% (0/2)" missing-branches="302,307"/>
						<line number="302" hits="0"/>
						<line number="307" hits="0"/>
						<line number="308" hits="0"/>
						<line number="309" hits="0"/>
						<line number="310" hits="0"/>
						<line number="312" hits="0"/>
						<line number="321" hits="0"/>
						<line number="322" hits="0"/>
						<line number="324" hits="0" branch="true" condition-coverage="0% (0/2)" missing-branches="325,326"/>
						<line number="325" hits="0"/>
						<line number="326" hits="0" branch="true" condition-coverage="0% (0/2)" missing-branches="327,330"/>
						<line number="327" hits="0"/>
						<line number="330" hits="0"/>
						<line number="334" hits="0" branch="true" condition-coverage="0% (0/2)" missing-branches="335,337"/>
						<line number="335" hits="0"/>
						<line number="337" hits="0"/>
						<line number="339" hits="0"/>
						<line number="340" hits="0" branch="true" condition-coverage="0% (0/2)" missing-branches="341,372"/>
						<line number="341" hits="0"/>
						<line number="342" hits="0"/>
						<line number="343" hits="0"/>
						<line number="345" hits="0" branch="true" condition-coverage="0% (0/2)" missing-branches="346,349"/>
						<line number="346" hits="0"/>
						<line number="347" hits="0"/>
						<line number="349" hits="0"/>
						<line number="351" hits="0"/>
						<line number="352" hits="0"/>
						<line number="357" hits="0"/>
						<line number="358" hits="0"/>
						<line number="364" hits="0"/>
						<line number="366" hits="0"/>
						<line number="368" hits="0"/>
						<line number="369" hits="0"/>
						<line number="370" hits="0"/>
						<line number="372" hits="0"/>
						<line number="373" hits="0"/>
						<line number="376" hits="0"/>
						<line number="391" hits="0"/>
						<line number="392" hits="0"/>
						<line number="395" hits="0"/>
						<line number="396" hits="0"/>
						<line number="399" hits="0"/>
						<line number="414" hits="0"/>
						<line number="415" hits="0"/>
						<line number="418" hits="0"/>
						<line number="421" hits="0" branch="true" condition-coverage="0% (0/2)" missing-branches="422,428"/>
						<line number="422" hits="0"/>
						<line number="424" hits="0"/>
						<line number="428" hits="0"/>
						<line number="431" hits="0"/>
						<line number="438" hits="0"/>
						<line number="440" hits="0"/>
						<line number="441" hits="0"/>
						<line number="442" hits="0"/>
						<line number="445" hits="0"/>
						<line number="454" hits="0"/>
						<line number="456" hits="0"/>
						<line number="479" hits="0"/>
						<line number="502" hits="0"/>
						<line number="524" hits="0"/>
						<line number="527" hits="0"/>
						<line number="537" hits="0"/>
						<line number="540" hits="0" branch="true" condition-coverage="0% (0/2)" missing-branches="541,544"/>
						<line number="541" hits="0"/>
						<line number="544" hits="0"/>
						<line number="545" hits="0"/>
						<line number="546" hits="0"/>
						<line number="548" hits="0"/>
						<line number="549" hits="0"/>
						<line number="550" hits="0"/>
						<line number="553" hits="0"/>
						<line number="556" hits="0"/>
						<line number="558" hits="0"/>
						<line number="569" hits="0" branch="true" condition-coverage="0% (0/2)" missing-branches="570,574"/>
						<line number="570" hits="0"/>
						<line number="571" hits="0"/>
						<line number="574" hits="0" branch="true" condition-coverage="0% (0/2)" missing-branches="575,620"/>
						<line number="575" hits="0" branch="true" condition-coverage="0% (0/2)" missing-branches="579,614"/>
						<line number="579" hits="0" branch="true" condition-coverage="0% (0/2)" missing-branches="581,587"/>
						<line number="581" hits="0" branch="true" condition-coverage="0% (0/2)" missing-branches="584,587"/>
						<line number="584" hits="0"/>
						<line number="587" hits="0"/>
						<line number="592" hits="0" branch="true" condition-coverage="0% (0/2)" missing-branches="593,594"/>
						<line number="593" hits="0"/>
						<line number="594" hits="0" branch="true" condition-coverage="0% (0/2)" missing-branches="595,603"/>
						<line number="595" hits="0" branch="true" condition-coverage="0% (0/2)" missing-branches="596,600"/>
						<line number="596" hits="0" branch="true" condition-coverage="0% (0/2)" missing-branches="595,597"/>
						<line number="597" hits="0"/>
						<line number="600" hits="0" branch="true" condition-coverage="0% (0/2)" missing-branches="601,603"/>
						<line number="601" hits="0"/>
						<line number="603" hits="0"/>
						<line number="604" hits="0"/>
						<line number="605" hits="0"/>
						<line number="610" hits="0" branch="true" condition-coverage="0% (0/2)" missing-branches="575,611"/>
						<line number="611" hits="0"/>
						<line number="614" hits="0" branch="true" condition-coverage="0% (0/2)" missing-branches="615,617"/>
						<line number="615" hits="0"/>
						<line number="616" hits="0"/>
						<line number="617" hits="0"/>
						<line number="620" hits="0"/>
						<line number="621" hits="0"/>
						<line number="624" hits="0" branch="true" condition-coverage="0% (0/2)" missing-branches="625,626"/>
						<line number="625" hits="0"/>
						<line number="626" hits="0" branch="true" condition-coverage="0% (0/2)" missing-branches="627,629"/>
						<line number="627" hits="0"/>
						<line number="629" hits="0"/>
						<line number="632" hits="0"/>
						<line number="643" hits="0"/>
						<line number="645" hits="0" branch="true" condition-coverage="0% (0/2)" missing-branches="646,678"/>
						<line number="646" hits="0"/>
						<line number="647" hits="0"/>
						<line number="653" hits="0" branch="true" condition-coverage="0% (0/2)" missing-branches="654,664"/>
						<line number="654" hits="0"/>
						<line number="655" hits="0" branch="true" condition-coverage="0% (0/2)" missing-branches="656,661"/>
						<line number="656" hits="0"/>
						<line number="657" hits="0"/>
						<line number="658" hits="0"/>
						<line number="659" hits="0"/>
						<line number="661" hits="0"/>
						<line number="664" hits="0"/>
						<line number="665" hits="0" branch="true" condition-coverage="0% (0/2)" missing-branches="666,669"/>
						<line number="666" hits="0"/>
						<line number="667" hits="0"/>
						<line number="669" hits="0"/>
						<line number="672" hits="0"/>
						<line number="673" hits="0"/>
						<line number="674" hits="0"/>
						<line number="676" hits="0"/>
						<line number="678" hits="0"/>
						<line number="681" hits="0" branch="true" condition-coverage="0% (0/2)" missing-branches="682,684"/>
						<line number="682" hits="0"/>
						<line number="684" hits="0"/>
						<line number="687" hits="0"/>
						<line number="700" hits="0"/>
						<line number="701" hits="0"/>
						<line number="702" hits="0"/>
						<line number="705" hits="0"/>
						<line number="706" hits="0"/>
						<line number="716" hits="0"/>
						<line number="717" hits="0"/>
						<line number="718" hits="0"/>
						<line number="721" hits="0"/>
						<line number="722" hits="0"/>
						<line number="723" hits="0"/>
						<line number="725" hits="0"/>
						<line number="728" hits="0"/>
						<line number="735" hits="0"/>
						<line number="736" hits="0"/>
						<line number="739" hits="0"/>
						<line number="740" hits="0"/>
						<line number="741" hits="0"/>
						<line number="744" hits="0"/>
						<line number="745" hits="0"/>
						<line number="748" hits="0"/>
						<line number="751" hits="0"/>
						<line number="752" hits="0"/>
						<line number="755" hits="0"/>
						<line number="758" hits="0" branch="true" condition-coverage="0% (0/2)" missing-branches="exit,759"/>
						<line number="759" hits="0"/>
						<line number="760" hits="0"/>
						<line number="763" hits="0"/>
						<line number="766" hits="0"/>
						<line number="778" hits="0" branch="true" condition-coverage="0% (0/2)" missing-branches="779,780"/>
						<line number="779" hits="0"/>
						<line number="780" hits="0"/>
						<line number="783" hits="0"/>
						<line number="784" hits="0" branch="true" condition-coverage="0% (0/2)" missing-branches="785,789"/>
						<line number="785" hits="0"/>
						<line number="786" hits="0"/>
						<line number="789" hits="0"/>
						<line number="790" hits="0"/>
						<line number="791" hits="0"/>
						<line number="792" hits="0"/>
						<line number="793" hits="0"/>
						<line number="794" hits="0"/>
						<line number="795" hits="0"/>
						<line number="796" hits="0"/>
						<line number="799" hits="0"/>
						<line number="800" hits="0"/>
						<line number="808" hits="0" branch="true" condition-coverage="0% (0/2)" missing-branches="809,817"/>
						<line number="809" hits="0"/>
						<line number="817" hits="0"/>
						<line number="818" hits="0"/>
						<line number="819" hits="0"/>
						<line number="820" hits="0"/>
						<line number="821" hits="0"/>
						<line number="822" hits="0"/>
						<line number="823" hits="0"/>
						<line number="826" hits="0"/>
						<line number="831" hits="0" branch="true" condition-coverage="0% (0/2)" missing-branches="832,848"/>
						<line number="832" hits="0"/>
						<line number="833" hits="0"/>
						<line number="836" hits="0"/>
						<line number="840" hits="0"/>
						<line number="841" hits="0"/>
						<line number="842" hits="0"/>
						<line number="843" hits="0"/>
						<line number="844" hits="0"/>
						<line number="845" hits="0"/>
						<line number="846" hits="0"/>
						<line number="848" hits="0"/>
					</lines>
				</class>
				<class name="BatchClassicTester.py" filename="BatchClassicTester.py" complexity="0" line-rate="0" branch-rate="0">
					<methods/>
					<lines>
						<line number="20" hits="0"/>
						<line number="22" hits="0"/>
						<line number="23" hits="0"/>
						<line number="24" hits="0"/>
						<line number="25" hits="0"/>
						<line number="26" hits="0"/>
						<line number="27" hits="0"/>
						<line number="28" hits="0"/>
						<line number="29" hits="0"/>
						<line number="30" hits="0"/>
						<line number="31" hits="0"/>
						<line number="33" hits="0"/>
						<line number="34" hits="0"/>
						<line number="35" hits="0"/>
						<line number="36" hits="0"/>
						<line number="37" hits="0"/>
						<line number="38" hits="0"/>
						<line number="40" hits="0"/>
						<line number="41" hits="0" branch="true" condition-coverage="0% (0/2)" missing-branches="42,44"/>
						<line number="42" hits="0"/>
						<line number="44" hits="0"/>
						<line number="45" hits="0"/>
						<line number="46" hits="0"/>
						<line number="47" hits="0"/>
						<line number="48" hits="0"/>
						<line number="49" hits="0"/>
						<line number="50" hits="0"/>
						<line number="52" hits="0"/>
						<line number="55" hits="0"/>
						<line number="56" hits="0"/>
						<line number="57" hits="0" branch="true" condition-coverage="0% (0/2)" missing-branches="58,68"/>
						<line number="58" hits="0"/>
						<line number="59" hits="0"/>
						<line number="62" hits="0"/>
						<line number="63" hits="0"/>
						<line number="68" hits="0"/>
						<line number="69" hits="0"/>
						<line number="70" hits="0"/>
						<line number="71" hits="0"/>
						<line number="77" hits="0"/>
						<line number="96" hits="0"/>
						<line number="223" hits="0"/>
						<line number="224" hits="0"/>
						<line number="225" hits="0"/>
						<line number="226" hits="0"/>
						<line number="227" hits="0"/>
						<line number="228" hits="0"/>
						<line number="229" hits="0"/>
						<line number="230" hits="0"/>
						<line number="231" hits="0"/>
						<line number="234" hits="0"/>
						<line number="235" hits="0"/>
						<line number="236" hits="0"/>
						<line number="237" hits="0"/>
						<line number="238" hits="0"/>
						<line number="239" hits="0"/>
						<line number="242" hits="0"/>
						<line number="247" hits="0" branch="true" condition-coverage="0% (0/2)" missing-branches="248,252"/>
						<line number="248" hits="0"/>
						<line number="249" hits="0"/>
						<line number="252" hits="0"/>
						<line number="259" hits="0"/>
						<line number="264" hits="0"/>
						<line number="283" hits="0"/>
						<line number="308" hits="0"/>
						<line number="315" hits="0"/>
						<line number="327" hits="0"/>
						<line number="341" hits="0"/>
						<line number="344" hits="0"/>
						<line number="347" hits="0"/>
						<line number="350" hits="0"/>
						<line number="353" hits="0"/>
						<line number="356" hits="0"/>
						<line number="357" hits="0"/>
						<line number="360" hits="0" branch="true" condition-coverage="0% (0/2)" missing-branches="exit,361"/>
						<line number="361" hits="0"/>
						<line number="362" hits="0"/>
						<line number="367" hits="0"/>
						<line number="374" hits="0"/>
						<line number="375" hits="0"/>
						<line number="376" hits="0"/>
						<line number="377" hits="0"/>
						<line number="378" hits="0"/>
						<line number="379" hits="0"/>
						<line number="381" hits="0"/>
						<line number="382" hits="0"/>
						<line number="385" hits="0"/>
						<line number="422" hits="0"/>
						<line number="432" hits="0"/>
						<line number="435" hits="0"/>
						<line number="519" hits="0"/>
						<line number="523" hits="0"/>
						<line number="524" hits="0"/>
						<line number="526" hits="0" branch="true" condition-coverage="0% (0/2)" missing-branches="527,528"/>
						<line number="527" hits="0"/>
						<line number="528" hits="0"/>
						<line number="529" hits="0"/>
						<line number="530" hits="0" branch="true" condition-coverage="0% (0/2)" missing-branches="531,532"/>
						<line number="531" hits="0"/>
						<line number="532" hits="0"/>
						<line number="537" hits="0"/>
						<line number="538" hits="0"/>
						<line number="539" hits="0"/>
						<line number="541" hits="0"/>
						<line number="542" hits="0" branch="true" condition-coverage="0% (0/2)" missing-branches="543,544"/>
						<line number="543" hits="0"/>
						<line number="544" hits="0"/>
						<line number="545" hits="0"/>
						<line number="546" hits="0" branch="true" condition-coverage="0% (0/2)" missing-branches="547,548"/>
						<line number="547" hits="0"/>
						<line number="548" hits="0"/>
						<line number="553" hits="0"/>
						<line number="557" hits="0" branch="true" condition-coverage="0% (0/2)" missing-branches="558,561"/>
						<line number="558" hits="0"/>
						<line number="560" hits="0"/>
						<line number="561" hits="0" branch="true" condition-coverage="0% (0/2)" missing-branches="562,566"/>
						<line number="562" hits="0" branch="true" condition-coverage="0% (0/2)" missing-branches="563,565"/>
						<line number="563" hits="0"/>
						<line number="565" hits="0"/>
						<line number="566" hits="0"/>
						<line number="568" hits="0"/>
						<line number="569" hits="0"/>
						<line number="570" hits="0"/>
						<line number="575" hits="0"/>
						<line number="581" hits="0"/>
						<line number="583" hits="0"/>
						<line number="584" hits="0" branch="true" condition-coverage="0% (0/2)" missing-branches="585,587"/>
						<line number="585" hits="0"/>
						<line number="587" hits="0"/>
						<line number="589" hits="0"/>
						<line number="590" hits="0"/>
						<line number="591" hits="0"/>
						<line number="593" hits="0"/>
						<line number="634" hits="0" branch="true" condition-coverage="0% (0/2)" missing-branches="635,637"/>
						<line number="635" hits="0"/>
						<line number="637" hits="0"/>
						<line number="640" hits="0" branch="true" condition-coverage="0% (0/2)" missing-branches="641,644"/>
						<line number="641" hits="0"/>
						<line number="644" hits="0"/>
						<line number="646" hits="0"/>
						<line number="648" hits="0" branch="true" condition-coverage="0% (0/2)" missing-branches="649,652"/>
						<line number="649" hits="0"/>
						<line number="650" hits="0"/>
						<line number="652" hits="0"/>
						<line number="654" hits="0"/>
						<line number="739" hits="0"/>
						<line number="742" hits="0"/>
						<line number="745" hits="0"/>
						<line number="748" hits="0"/>
						<line number="749" hits="0"/>
						<line number="752" hits="0" branch="true" condition-coverage="0% (0/2)" missing-branches="753,755"/>
						<line number="753" hits="0"/>
						<line number="755" hits="0"/>
						<line number="756" hits="0"/>
						<line number="759" hits="0"/>
						<line number="763" hits="0"/>
						<line number="764" hits="0"/>
						<line number="767" hits="0" branch="true" condition-coverage="0% (0/2)" missing-branches="exit,768"/>
						<line number="768" hits="0"/>
						<line number="772" hits="0"/>
						<line number="839" hits="0"/>
						<line number="841" hits="0"/>
						<line number="844" hits="0"/>
						<line number="845" hits="0"/>
						<line number="846" hits="0"/>
						<line number="849" hits="0"/>
						<line number="850" hits="0"/>
						<line number="853" hits="0"/>
						<line number="856" hits="0"/>
						<line number="857" hits="0"/>
						<line number="858" hits="0"/>
						<line number="861" hits="0"/>
						<line number="862" hits="0"/>
						<line number="863" hits="0"/>
						<line number="866" hits="0"/>
						<line number="867" hits="0"/>
						<line number="869" hits="0"/>
						<line number="872" hits="0"/>
						<line number="874" hits="0"/>
						<line number="875" hits="0"/>
						<line number="876" hits="0"/>
						<line number="879" hits="0"/>
						<line number="950" hits="0"/>
						<line number="952" hits="0"/>
						<line number="962" hits="0"/>
						<line number="963" hits="0" branch="true" condition-coverage="0% (0/2)" missing-branches="962,964"/>
						<line number="964" hits="0"/>
						<line number="966" hits="0"/>
						<line number="974" hits="0"/>
						<line number="977" hits="0"/>
						<line number="1031" hits="0"/>
						<line number="1033" hits="0" branch="true" condition-coverage="0% (0/2)" missing-branches="1034,1036"/>
						<line number="1034" hits="0"/>
						<line number="1036" hits="0"/>
						<line number="1040" hits="0" branch="true" condition-coverage="0% (0/2)" missing-branches="1041,1043"/>
						<line number="1041" hits="0"/>
						<line number="1043" hits="0"/>
						<line number="1045" hits="0"/>
						<line number="1046" hits="0" branch="true" condition-coverage="0% (0/2)" missing-branches="1047,1057"/>
						<line number="1047" hits="0"/>
						<line number="1048" hits="0"/>
						<line number="1049" hits="0"/>
						<line number="1052" hits="0"/>
						<line number="1053" hits="0"/>
						<line number="1054" hits="0"/>
						<line number="1055" hits="0"/>
						<line number="1057" hits="0"/>
						<line number="1058" hits="0"/>
						<line number="1061" hits="0"/>
						<line number="1129" hits="0"/>
						<line number="1130" hits="0"/>
						<line number="1131" hits="0"/>
						<line number="1132" hits="0"/>
						<line number="1133" hits="0"/>
						<line number="1134" hits="0"/>
						<line number="1135" hits="0"/>
						<line number="1136" hits="0"/>
						<line number="1140" hits="0"/>
						<line number="1145" hits="0"/>
						<line number="1208" hits="0"/>
						<line number="1209" hits="0"/>
						<line number="1210" hits="0"/>
						<line number="1212" hits="0"/>
						<line number="1213" hits="0" branch="true" condition-coverage="0% (0/2)" missing-branches="1214,1215"/>
						<line number="1214" hits="0"/>
						<line number="1215" hits="0" branch="true" condition-coverage="0% (0/2)" missing-branches="1216,1218"/>
						<line number="1216" hits="0"/>
						<line number="1218" hits="0"/>
						<line number="1220" hits="0"/>
						<line number="1223" hits="0"/>
						<line number="1225" hits="0"/>
						<line number="1238" hits="0"/>
						<line number="1305" hits="0"/>
						<line number="1306" hits="0" branch="true" condition-coverage="0% (0/2)" missing-branches="1307,1309"/>
						<line number="1307" hits="0"/>
						<line number="1309" hits="0"/>
						<line number="1311" hits="0"/>
						<line number="1317" hits="0"/>
						<line number="1321" hits="0"/>
						<line number="1322" hits="0"/>
						<line number="1325" hits="0" branch="true" condition-coverage="0% (0/2)" missing-branches="1326,1331"/>
						<line number="1326" hits="0"/>
						<line number="1327" hits="0"/>
						<line number="1328" hits="0"/>
						<line number="1329" hits="0"/>
						<line number="1331" hits="0"/>
						<line number="1332" hits="0"/>
						<line number="1336" hits="0"/>
						<line number="1337" hits="0"/>
						<line number="1340" hits="0"/>
						<line number="1395" hits="0"/>
						<line number="1396" hits="0"/>
						<line number="1397" hits="0"/>
						<line number="1398" hits="0"/>
						<line number="1399" hits="0"/>
						<line number="1400" hits="0"/>
						<line number="1401" hits="0" branch="true" condition-coverage="0% (0/2)" missing-branches="1402,1406"/>
						<line number="1402" hits="0" branch="true" condition-coverage="0% (0/2)" missing-branches="1403,1406"/>
						<line number="1403" hits="0" branch="true" condition-coverage="0% (0/2)" missing-branches="1402,1404"/>
						<line number="1404" hits="0"/>
						<line number="1406" hits="0" branch="true" condition-coverage="0% (0/2)" missing-branches="1407,1434"/>
						<line number="1407" hits="0" branch="true" condition-coverage="0% (0/2)" missing-branches="1408,1434"/>
						<line number="1408" hits="0" branch="true" condition-coverage="0% (0/2)" missing-branches="1409,1410"/>
						<line number="1409" hits="0"/>
						<line number="1410" hits="0"/>
						<line number="1411" hits="0" branch="true" condition-coverage="0% (0/2)" missing-branches="1407,1412"/>
						<line number="1412" hits="0" branch="true" condition-coverage="0% (0/2)" missing-branches="1413,1414"/>
						<line number="1413" hits="0"/>
						<line number="1414" hits="0"/>
						<line number="1416" hits="0"/>
						<line number="1423" hits="0"/>
						<line number="1426" hits="0" branch="true" condition-coverage="0% (0/2)" missing-branches="1411,1427"/>
						<line number="1427" hits="0"/>
						<line number="1430" hits="0"/>
						<line number="1434" hits="0"/>
						<line number="1435" hits="0"/>
						<line number="1436" hits="0"/>
						<line number="1437" hits="0"/>
						<line number="1440" hits="0"/>
						<line number="1522" hits="0"/>
						<line number="1523" hits="0" branch="true" condition-coverage="0% (0/2)" missing-branches="1524,1526"/>
						<line number="1524" hits="0"/>
						<line number="1526" hits="0"/>
						<line number="1527" hits="0"/>
						<line number="1528" hits="0"/>
						<line number="1530" hits="0"/>
						<line number="1531" hits="0"/>
						<line number="1532" hits="0"/>
						<line number="1535" hits="0"/>
						<line number="1537" hits="0"/>
						<line number="1539" hits="0"/>
						<line number="1548" hits="0" branch="true" condition-coverage="0% (0/2)" missing-branches="1549,1552"/>
						<line number="1549" hits="0"/>
						<line number="1550" hits="0"/>
						<line number="1552" hits="0" branch="true" condition-coverage="0% (0/2)" missing-branches="1553,1682"/>
						<line number="1553" hits="0" branch="true" condition-coverage="0% (0/2)" missing-branches="1554,1676"/>
						<line number="1554" hits="0" branch="true" condition-coverage="0% (0/2)" missing-branches="1553,1555"/>
						<line number="1555" hits="0"/>
						<line number="1559" hits="0" branch="true" condition-coverage="0% (0/2)" missing-branches="1564,1593"/>
						<line number="1564" hits="0"/>
						<line number="1568" hits="0"/>
						<line number="1571" hits="0"/>
						<line number="1575" hits="0" branch="true" condition-coverage="0% (0/2)" missing-branches="1577,1582"/>
						<line number="1577" hits="0"/>
						<line number="1580" hits="0"/>
						<line number="1582" hits="0"/>
						<line number="1589" hits="0" branch="true" condition-coverage="0% (0/2)" missing-branches="1590,1593"/>
						<line number="1590" hits="0"/>
						<line number="1593" hits="0"/>
						<line number="1598" hits="0" branch="true" condition-coverage="0% (0/2)" missing-branches="1599,1602"/>
						<line number="1599" hits="0"/>
						<line number="1602" hits="0" branch="true" condition-coverage="0% (0/2)" missing-branches="1603,1661"/>
						<line number="1603" hits="0" branch="true" condition-coverage="0% (0/2)" missing-branches="1604,1608"/>
						<line number="1604" hits="0" branch="true" condition-coverage="0% (0/2)" missing-branches="1603,1605"/>
						<line number="1605" hits="0"/>
						<line number="1608" hits="0" branch="true" condition-coverage="0% (0/2)" missing-branches="1609,1612"/>
						<line number="1609" hits="0"/>
						<line number="1612" hits="0" branch="true" condition-coverage="0% (0/2)" missing-branches="1613,1657"/>
						<line number="1613" hits="0"/>
						<line number="1614" hits="0"/>
						<line number="1621" hits="0" branch="true" condition-coverage="0% (0/2)" missing-branches="1622,1657"/>
						<line number="1622" hits="0"/>
						<line number="1635" hits="0"/>
						<line number="1646" hits="0"/>
						<line number="1657" hits="0"/>
						<line number="1658" hits="0"/>
						<line number="1661" hits="0"/>
						<line number="1662" hits="0"/>
						<line number="1663" hits="0"/>
						<line number="1672" hits="0" branch="true" condition-coverage="0% (0/2)" missing-branches="1554,1673"/>
						<line number="1673" hits="0"/>
						<line number="1676" hits="0" branch="true" condition-coverage="0% (0/2)" missing-branches="1677,1679"/>
						<line number="1677" hits="0"/>
						<line number="1678" hits="0"/>
						<line number="1679" hits="0"/>
						<line number="1682" hits="0"/>
						<line number="1683" hits="0"/>
						<line number="1684" hits="0"/>
						<line number="1687" hits="0" branch="true" condition-coverage="0% (0/2)" missing-branches="1688,1689"/>
						<line number="1688" hits="0"/>
						<line number="1689" hits="0" branch="true" condition-coverage="0% (0/2)" missing-branches="1690,1693"/>
						<line number="1690" hits="0"/>
						<line number="1693" hits="0"/>
						<line number="1698" hits="0"/>
						<line number="1699" hits="0"/>
						<line number="1700" hits="0"/>
						<line number="1705" hits="0"/>
						<line number="1706" hits="0"/>
						<line number="1707" hits="0"/>
						<line number="1709" hits="0"/>
						<line number="1712" hits="0"/>
						<line number="1723" hits="0"/>
						<line number="1725" hits="0" branch="true" condition-coverage="0% (0/2)" missing-branches="1726,1788"/>
						<line number="1726" hits="0" branch="true" condition-coverage="0% (0/2)" missing-branches="1725,1727"/>
						<line number="1727" hits="0"/>
						<line number="1731" hits="0"/>
						<line number="1744" hits="0" branch="true" condition-coverage="0% (0/2)" missing-branches="1745,1757"/>
						<line number="1745" hits="0"/>
						<line number="1748" hits="0" branch="true" condition-coverage="0% (0/2)" missing-branches="1749,1754"/>
						<line number="1749" hits="0"/>
						<line number="1750" hits="0"/>
						<line number="1751" hits="0"/>
						<line number="1752" hits="0"/>
						<line number="1754" hits="0"/>
						<line number="1757" hits="0"/>
						<line number="1760" hits="0" branch="true" condition-coverage="0% (0/2)" missing-branches="1761,1770"/>
						<line number="1761" hits="0"/>
						<line number="1762" hits="0"/>
						<line number="1763" hits="0"/>
						<line number="1764" hits="0"/>
						<line number="1765" hits="0"/>
						<line number="1770" hits="0"/>
						<line number="1771" hits="0"/>
						<line number="1775" hits="0"/>
						<line number="1776" hits="0"/>
						<line number="1778" hits="0" branch="true" condition-coverage="0% (0/2)" missing-branches="1779,1786"/>
						<line number="1779" hits="0"/>
						<line number="1781" hits="0"/>
						<line number="1784" hits="0"/>
						<line number="1786" hits="0"/>
						<line number="1788" hits="0"/>
						<line number="1791" hits="0" branch="true" condition-coverage="0% (0/2)" missing-branches="1792,1794"/>
						<line number="1792" hits="0"/>
						<line number="1794" hits="0"/>
						<line number="1797" hits="0"/>
						<line number="1810" hits="0"/>
						<line number="1811" hits="0"/>
						<line number="1812" hits="0"/>
						<line number="1815" hits="0"/>
						<line number="1816" hits="0"/>
						<line number="1825" hits="0"/>
						<line number="1826" hits="0"/>
						<line number="1827" hits="0"/>
						<line number="1830" hits="0"/>
						<line number="1831" hits="0"/>
						<line number="1832" hits="0"/>
						<line number="1834" hits="0"/>
						<line number="1837" hits="0"/>
						<line number="1844" hits="0"/>
						<line number="1845" hits="0"/>
						<line number="1846" hits="0"/>
						<line number="1849" hits="0"/>
						<line number="1850" hits="0"/>
						<line number="1853" hits="0" branch="true" condition-coverage="0% (0/2)" missing-branches="1854,1860"/>
						<line number="1854" hits="0"/>
						<line number="1855" hits="0"/>
						<line number="1857" hits="0"/>
						<line number="1860" hits="0"/>
						<line number="1861" hits="0"/>
						<line number="1864" hits="0"/>
						<line number="1867" hits="0" branch="true" condition-coverage="0% (0/2)" missing-branches="exit,1868"/>
						<line number="1868" hits="0"/>
						<line number="1869" hits="0"/>
						<line number="1872" hits="0"/>
						<line number="1875" hits="0"/>
						<line number="1888" hits="0" branch="true" condition-coverage="0% (0/2)" missing-branches="1889,1890"/>
						<line number="1889" hits="0"/>
						<line number="1890" hits="0"/>
						<line number="1893" hits="0"/>
						<line number="1894" hits="0" branch="true" condition-coverage="0% (0/2)" missing-branches="1895,1901"/>
						<line number="1895" hits="0"/>
						<line number="1896" hits="0"/>
						<line number="1901" hits="0" branch="true" condition-coverage="0% (0/2)" missing-branches="1902,1920"/>
						<line number="1902" hits="0"/>
						<line number="1906" hits="0"/>
						<line number="1907" hits="0"/>
						<line number="1910" hits="0"/>
						<line number="1911" hits="0"/>
						<line number="1912" hits="0"/>
						<line number="1913" hits="0"/>
						<line number="1914" hits="0"/>
						<line number="1915" hits="0"/>
						<line number="1920" hits="0" branch="true" condition-coverage="0% (0/2)" missing-branches="1921,1946"/>
						<line number="1921" hits="0"/>
						<line number="1923" hits="0" branch="true" condition-coverage="0% (0/2)" missing-branches="1924,1934"/>
						<line number="1924" hits="0"/>
						<line number="1925" hits="0"/>
						<line number="1934" hits="0"/>
						<line number="1935" hits="0"/>
						<line number="1936" hits="0"/>
						<line number="1937" hits="0"/>
						<line number="1938" hits="0"/>
						<line number="1939" hits="0"/>
						<line number="1940" hits="0"/>
						<line number="1941" hits="0"/>
						<line number="1946" hits="0"/>
						<line number="1951" hits="0"/>
						<line number="1953" hits="0"/>
						<line number="1954" hits="0"/>
						<line number="1956" hits="0"/>
						<line number="1959" hits="0"/>
						<line number="1960" hits="0" branch="true" condition-coverage="0% (0/2)" missing-branches="1961,1978"/>
						<line number="1961" hits="0" branch="true" condition-coverage="0% (0/2)" missing-branches="1960,1962"/>
						<line number="1962" hits="0"/>
						<line number="1966" hits="0" branch="true" condition-coverage="0% (0/2)" missing-branches="1961,1967"/>
						<line number="1967" hits="0" branch="true" condition-coverage="0% (0/2)" missing-branches="1961,1974"/>
						<line number="1974" hits="0"/>
						<line number="1975" hits="0" branch="true" condition-coverage="0% (0/2)" missing-branches="1967,1976"/>
						<line number="1976" hits="0"/>
						<line number="1978" hits="0"/>
						<line number="1980" hits="0"/>
						<line number="1986" hits="0"/>
						<line number="1990" hits="0"/>
						<line number="1991" hits="0"/>
						<line number="1992" hits="0"/>
						<line number="1993" hits="0"/>
						<line number="1994" hits="0"/>
						<line number="1995" hits="0"/>
						<line number="1996" hits="0"/>
						<line number="1997" hits="0"/>
						<line number="2022" hits="0"/>
						<line number="2025" hits="0"/>
						<line number="2079" hits="0"/>
						<line number="2080" hits="0"/>
						<line number="2081" hits="0"/>
						<line number="2083" hits="0" branch="true" condition-coverage="0% (0/2)" missing-branches="2084,2113"/>
						<line number="2084" hits="0"/>
						<line number="2086" hits="0"/>
						<line number="2087" hits="0"/>
						<line number="2088" hits="0" branch="true" condition-coverage="0% (0/2)" missing-branches="2089,2093"/>
						<line number="2089" hits="0"/>
						<line number="2093" hits="0"/>
						<line number="2094" hits="0"/>
						<line number="2097" hits="0" branch="true" condition-coverage="0% (0/2)" missing-branches="2098,2102"/>
						<line number="2098" hits="0"/>
						<line number="2102" hits="0" branch="true" condition-coverage="0% (0/2)" missing-branches="2083,2103"/>
						<line number="2103" hits="0"/>
						<line number="2104" hits="0"/>
						<line number="2109" hits="0" branch="true" condition-coverage="0% (0/2)" missing-branches="2083,2110"/>
						<line number="2110" hits="0"/>
						<line number="2113" hits="0"/>
						<line number="2116" hits="0"/>
						<line number="2205" hits="0" branch="true" condition-coverage="0% (0/2)" missing-branches="2206,2209"/>
						<line number="2206" hits="0"/>
						<line number="2209" hits="0" branch="true" condition-coverage="0% (0/2)" missing-branches="2210,2217"/>
						<line number="2210" hits="0"/>
						<line number="2217" hits="0" branch="true" condition-coverage="0% (0/2)" missing-branches="2222,2223"/>
						<line number="2222" hits="0"/>
						<line number="2223" hits="0"/>
						<line number="2226" hits="0" branch="true" condition-coverage="0% (0/2)" missing-branches="2227,2229"/>
						<line number="2227" hits="0"/>
						<line number="2229" hits="0"/>
						<line number="2231" hits="0" branch="true" condition-coverage="0% (0/2)" missing-branches="2232,2234"/>
						<line number="2232" hits="0"/>
						<line number="2234" hits="0"/>
						<line number="2237" hits="0"/>
						<line number="2238" hits="0"/>
						<line number="2241" hits="0"/>
						<line number="2245" hits="0"/>
						<line number="2246" hits="0"/>
						<line number="2249" hits="0"/>
						<line number="2321" hits="0" branch="true" condition-coverage="0% (0/2)" missing-branches="2322,2324"/>
						<line number="2322" hits="0"/>
						<line number="2324" hits="0" branch="true" condition-coverage="0% (0/2)" missing-branches="2325,2329"/>
						<line number="2325" hits="0"/>
						<line number="2329" hits="0"/>
						<line number="2330" hits="0"/>
						<line number="2331" hits="0" branch="true" condition-coverage="0% (0/2)" missing-branches="2332,2334"/>
						<line number="2332" hits="0"/>
						<line number="2334" hits="0"/>
						<line number="2338" hits="0" branch="true" condition-coverage="0% (0/2)" missing-branches="2339,2341"/>
						<line number="2339" hits="0"/>
						<line number="2341" hits="0"/>
						<line number="2343" hits="0" branch="true" condition-coverage="0% (0/2)" missing-branches="2344,2347"/>
						<line number="2344" hits="0"/>
						<line number="2347" hits="0"/>
						<line number="2350" hits="0"/>
						<line number="2351" hits="0"/>
						<line number="2356" hits="0"/>
						<line number="2359" hits="0"/>
						<line number="2360" hits="0"/>
						<line number="2361" hits="0"/>
						<line number="2364" hits="0"/>
						<line number="2365" hits="0"/>
						<line number="2369" hits="0"/>
						<line number="2372" hits="0"/>
						<line number="2373" hits="0"/>
						<line number="2374" hits="0"/>
						<line number="2377" hits="0"/>
						<line number="2378" hits="0"/>
						<line number="2384" hits="0"/>
						<line number="2385" hits="0"/>
						<line number="2388" hits="0"/>
						<line number="2395" hits="0"/>
						<line number="2398" hits="0"/>
						<line number="2399" hits="0"/>
						<line number="2402" hits="0"/>
						<line number="2457" hits="0"/>
						<line number="2458" hits="0"/>
						<line number="2461" hits="0"/>
						<line number="2463" hits="0" branch="true" condition-coverage="0% (0/2)" missing-branches="2464,2469"/>
						<line number="2464" hits="0"/>
						<line number="2469" hits="0"/>
						<line number="2471" hits="0"/>
						<line number="2484" hits="0"/>
						<line number="2491" hits="0"/>
						<line number="2493" hits="0"/>
						<line number="2494" hits="0"/>
						<line number="2500" hits="0"/>
						<line number="2501" hits="0"/>
						<line number="2504" hits="0"/>
						<line number="2506" hits="0"/>
						<line number="2515" hits="0"/>
						<line number="2517" hits="0"/>
						<line number="2518" hits="0"/>
						<line number="2519" hits="0"/>
						<line number="2524" hits="0"/>
						<line number="2525" hits="0"/>
						<line number="2527" hits="0"/>
						<line number="2538" hits="0"/>
						<line number="2539" hits="0"/>
						<line number="2547" hits="0"/>
						<line number="2548" hits="0"/>
						<line number="2549" hits="0"/>
						<line number="2555" hits="0"/>
						<line number="2556" hits="0"/>
						<line number="2559" hits="0" branch="true" condition-coverage="0% (0/2)" missing-branches="2560,2567"/>
						<line number="2560" hits="0"/>
						<line number="2567" hits="0"/>
						<line number="2568" hits="0"/>
						<line number="2571" hits="0"/>
						<line number="2615" hits="0"/>
						<line number="2636" hits="0" branch="true" condition-coverage="0% (0/2)" missing-branches="2637,2640"/>
						<line number="2637" hits="0"/>
						<line number="2640" hits="0"/>
						<line number="2643" hits="0"/>
						<line number="2685" hits="0"/>
						<line number="2686" hits="0"/>
						<line number="2689" hits="0" branch="true" condition-coverage="0% (0/2)" missing-branches="exit,2690"/>
						<line number="2690" hits="0"/>
						<line number="2693" hits="0"/>
						<line number="2700" hits="0"/>
						<line number="2709" hits="0"/>
						<line number="2715" hits="0"/>
						<line number="2716" hits="0"/>
						<line number="2717" hits="0"/>
						<line number="2720" hits="0"/>
						<line number="2723" hits="0"/>
						<line number="2743" hits="0" branch="true" condition-coverage="0% (0/2)" missing-branches="2744,2748"/>
						<line number="2744" hits="0"/>
						<line number="2745" hits="0"/>
						<line number="2748" hits="0"/>
						<line number="2750" hits="0" branch="true" condition-coverage="0% (0/2)" missing-branches="2751,2781"/>
						<line number="2751" hits="0"/>
						<line number="2753" hits="0" branch="true" condition-coverage="0% (0/2)" missing-branches="2750,2754"/>
						<line number="2754" hits="0"/>
						<line number="2757" hits="0"/>
						<line number="2758" hits="0"/>
						<line number="2761" hits="0"/>
						<line number="2781" hits="0"/>
						<line number="2784" hits="0"/>
						<line number="2785" hits="0"/>
						<line number="2787" hits="0"/>
						<line number="2788" hits="0"/>
						<line number="2841" hits="0"/>
						<line number="3082" hits="0"/>
						<line number="3085" hits="0"/>
						<line number="3105" hits="0"/>
						<line number="3106" hits="0"/>
						<line number="3107" hits="0"/>
						<line number="3118" hits="0"/>
						<line number="3119" hits="0"/>
						<line number="3143" hits="0"/>
						<line number="3146" hits="0"/>
						<line number="3165" hits="0"/>
						<line number="3168" hits="0"/>
						<line number="3169" hits="0" branch="true" condition-coverage="0% (0/2)" missing-branches="3170,3173"/>
						<line number="3170" hits="0"/>
						<line number="3171" hits="0"/>
						<line number="3173" hits="0" branch="true" condition-coverage="0% (0/2)" missing-branches="3174,3233"/>
						<line number="3174" hits="0"/>
						<line number="3176" hits="0" branch="true" condition-coverage="0% (0/2)" missing-branches="3177,3231"/>
						<line number="3177" hits="0"/>
						<line number="3206" hits="0"/>
						<line number="3207" hits="0" branch="true" condition-coverage="0% (0/2)" missing-branches="3208,3218"/>
						<line number="3208" hits="0"/>
						<line number="3209" hits="0"/>
						<line number="3218" hits="0"/>
						<line number="3229" hits="0"/>
						<line number="3231" hits="0"/>
						<line number="3233" hits="0"/>
						<line number="3236" hits="0"/>
						<line number="3273" hits="0"/>
						<line number="3274" hits="0"/>
						<line number="3283" hits="0"/>
						<line number="3284" hits="0" branch="true" condition-coverage="0% (0/2)" missing-branches="3283,3285"/>
						<line number="3285" hits="0"/>
						<line number="3302" hits="0"/>
						<line number="3305" hits="0"/>
						<line number="3309" hits="0"/>
					</lines>
				</class>
				<class name="BatchNeuralTester.py" filename="BatchNeuralTester.py" complexity="0" line-rate="0" branch-rate="0">
					<methods/>
					<lines>
						<line number="22" hits="0"/>
						<line number="73" hits="0"/>
						<line number="74" hits="0"/>
						<line number="75" hits="0"/>
						<line number="76" hits="0"/>
						<line number="77" hits="0"/>
						<line number="78" hits="0"/>
						<line number="79" hits="0"/>
						<line number="80" hits="0"/>
						<line number="81" hits="0"/>
						<line number="82" hits="0"/>
						<line number="83" hits="0"/>
						<line number="84" hits="0"/>
						<line number="85" hits="0"/>
						<line number="87" hits="0"/>
						<line number="88" hits="0"/>
						<line number="89" hits="0"/>
						<line number="90" hits="0"/>
						<line number="91" hits="0"/>
						<line number="92" hits="0"/>
						<line number="93" hits="0"/>
						<line number="94" hits="0"/>
						<line number="95" hits="0"/>
						<line number="96" hits="0"/>
						<line number="97" hits="0"/>
						<line number="98" hits="0"/>
						<line number="99" hits="0"/>
						<line number="100" hits="0"/>
						<line number="103" hits="0"/>
						<line number="105" hits="0"/>
						<line number="108" hits="0"/>
						<line number="109" hits="0"/>
						<line number="110" hits="0" branch="true" condition-coverage="0% (0/2)" missing-branches="111,119"/>
						<line number="111" hits="0"/>
						<line number="112" hits="0"/>
						<line number="115" hits="0"/>
						<line number="116" hits="0"/>
						<line number="119" hits="0"/>
						<line number="120" hits="0" branch="true" condition-coverage="0% (0/2)" missing-branches="121,124"/>
						<line number="121" hits="0"/>
						<line number="124" hits="0"/>
						<line number="125" hits="0"/>
						<line number="131" hits="0"/>
						<line number="132" hits="0"/>
						<line number="133" hits="0"/>
						<line number="134" hits="0"/>
						<line number="135" hits="0"/>
						<line number="138" hits="0"/>
						<line number="148" hits="0"/>
						<line number="163" hits="0"/>
						<line number="171" hits="0"/>
						<line number="175" hits="0"/>
						<line number="193" hits="0"/>
						<line number="195" hits="0"/>
						<line number="196" hits="0"/>
						<line number="197" hits="0"/>
						<line number="200" hits="0"/>
						<line number="211" hits="0"/>
						<line number="212" hits="0"/>
						<line number="215" hits="0"/>
						<line number="224" hits="0"/>
						<line number="225" hits="0" branch="true" condition-coverage="0% (0/2)" missing-branches="226,236"/>
						<line number="226" hits="0"/>
						<line number="227" hits="0"/>
						<line number="228" hits="0"/>
						<line number="229" hits="0" branch="true" condition-coverage="0% (0/2)" missing-branches="230,231"/>
						<line number="230" hits="0"/>
						<line number="231" hits="0"/>
						<line number="232" hits="0"/>
						<line number="233" hits="0"/>
						<line number="234" hits="0"/>
						<line number="235" hits="0"/>
						<line number="236" hits="0"/>
						<line number="239" hits="0"/>
						<line number="250" hits="0"/>
						<line number="251" hits="0"/>
						<line number="252" hits="0" branch="true" condition-coverage="0% (0/2)" missing-branches="253,263"/>
						<line number="253" hits="0"/>
						<line number="258" hits="0" branch="true" condition-coverage="0% (0/2)" missing-branches="259,260"/>
						<line number="259" hits="0"/>
						<line number="260" hits="0"/>
						<line number="261" hits="0"/>
						<line number="263" hits="0"/>
						<line number="264" hits="0"/>
						<line number="267" hits="0"/>
						<line number="273" hits="0"/>
						<line number="274" hits="0" branch="true" condition-coverage="0% (0/2)" missing-branches="275,277"/>
						<line number="275" hits="0"/>
						<line number="276" hits="0"/>
						<line number="277" hits="0"/>
						<line number="278" hits="0"/>
						<line number="282" hits="0"/>
						<line number="283" hits="0"/>
						<line number="319" hits="0"/>
						<line number="320" hits="0"/>
						<line number="321" hits="0"/>
						<line number="322" hits="0"/>
						<line number="323" hits="0"/>
						<line number="324" hits="0"/>
						<line number="325" hits="0"/>
						<line number="326" hits="0"/>
						<line number="327" hits="0"/>
						<line number="328" hits="0"/>
						<line number="329" hits="0"/>
						<line number="330" hits="0"/>
						<line number="331" hits="0"/>
						<line number="332" hits="0"/>
						<line number="333" hits="0"/>
						<line number="334" hits="0"/>
						<line number="335" hits="0"/>
						<line number="336" hits="0"/>
						<line number="337" hits="0"/>
						<line number="338" hits="0"/>
						<line number="339" hits="0"/>
						<line number="340" hits="0"/>
						<line number="341" hits="0"/>
						<line number="342" hits="0"/>
						<line number="343" hits="0"/>
						<line number="344" hits="0"/>
						<line number="345" hits="0"/>
						<line number="346" hits="0"/>
						<line number="347" hits="0"/>
						<line number="348" hits="0"/>
						<line number="349" hits="0"/>
						<line number="350" hits="0"/>
						<line number="351" hits="0"/>
						<line number="352" hits="0"/>
						<line number="353" hits="0"/>
						<line number="354" hits="0"/>
						<line number="355" hits="0"/>
						<line number="356" hits="0"/>
						<line number="357" hits="0"/>
						<line number="360" hits="0"/>
						<line number="362" hits="0"/>
						<line number="363" hits="0"/>
						<line number="364" hits="0"/>
						<line number="365" hits="0" branch="true" condition-coverage="0% (0/2)" missing-branches="exit,366"/>
						<line number="366" hits="0"/>
						<line number="370" hits="0"/>
						<line number="371" hits="0"/>
						<line number="385" hits="0"/>
						<line number="386" hits="0"/>
						<line number="387" hits="0"/>
						<line number="388" hits="0"/>
						<line number="389" hits="0"/>
						<line number="391" hits="0"/>
						<line number="392" hits="0"/>
						<line number="398" hits="0"/>
						<line number="402" hits="0"/>
						<line number="403" hits="0"/>
						<line number="419" hits="0"/>
						<line number="420" hits="0"/>
						<line number="421" hits="0"/>
						<line number="422" hits="0"/>
						<line number="423" hits="0"/>
						<line number="424" hits="0"/>
						<line number="425" hits="0"/>
						<line number="428" hits="0"/>
						<line number="434" hits="0"/>
						<line number="444" hits="0"/>
						<line number="445" hits="0"/>
						<line number="458" hits="0"/>
						<line number="459" hits="0"/>
						<line number="460" hits="0"/>
						<line number="461" hits="0"/>
						<line number="462" hits="0"/>
						<line number="463" hits="0"/>
						<line number="464" hits="0"/>
						<line number="465" hits="0"/>
						<line number="466" hits="0"/>
						<line number="469" hits="0"/>
						<line number="473" hits="0"/>
						<line number="490" hits="0" branch="true" condition-coverage="0% (0/2)" missing-branches="491,493"/>
						<line number="491" hits="0"/>
						<line number="492" hits="0"/>
						<line number="493" hits="0" branch="true" condition-coverage="0% (0/2)" missing-branches="494,495"/>
						<line number="494" hits="0"/>
						<line number="495" hits="0"/>
						<line number="499" hits="0"/>
						<line number="521" hits="0"/>
						<line number="524" hits="0"/>
						<line number="525" hits="0" branch="true" condition-coverage="0% (0/2)" missing-branches="526,530"/>
						<line number="526" hits="0" branch="true" condition-coverage="0% (0/2)" missing-branches="525,527"/>
						<line number="527" hits="0"/>
						<line number="528" hits="0"/>
						<line number="530" hits="0" branch="true" condition-coverage="0% (0/2)" missing-branches="532,541"/>
						<line number="532" hits="0"/>
						<line number="533" hits="0" branch="true" condition-coverage="0% (0/2)" missing-branches="534,538"/>
						<line number="534" hits="0" branch="true" condition-coverage="0% (0/2)" missing-branches="533,535"/>
						<line number="535" hits="0"/>
						<line number="536" hits="0"/>
						<line number="537" hits="0"/>
						<line number="538" hits="0"/>
						<line number="541" hits="0"/>
						<line number="542" hits="0"/>
						<line number="544" hits="0" branch="true" condition-coverage="0% (0/2)" missing-branches="545,549"/>
						<line number="545" hits="0" branch="true" condition-coverage="0% (0/2)" missing-branches="544,546"/>
						<line number="546" hits="0"/>
						<line number="549" hits="0"/>
						<line number="550" hits="0"/>
						<line number="554" hits="0"/>
						<line number="572" hits="0"/>
						<line number="573" hits="0"/>
						<line number="575" hits="0" branch="true" condition-coverage="0% (0/2)" missing-branches="576,580"/>
						<line number="576" hits="0"/>
						<line number="580" hits="0"/>
						<line number="582" hits="0" branch="true" condition-coverage="0% (0/2)" missing-branches="583,586"/>
						<line number="583" hits="0"/>
						<line number="584" hits="0"/>
						<line number="586" hits="0"/>
						<line number="587" hits="0"/>
						<line number="589" hits="0" branch="true" condition-coverage="0% (0/2)" missing-branches="590,631"/>
						<line number="590" hits="0" branch="true" condition-coverage="0% (0/2)" missing-branches="592,621"/>
						<line number="592" hits="0"/>
						<line number="595" hits="0"/>
						<line number="597" hits="0" branch="true" condition-coverage="0% (0/2)" missing-branches="598,604"/>
						<line number="598" hits="0"/>
						<line number="599" hits="0"/>
						<line number="602" hits="0"/>
						<line number="604" hits="0"/>
						<line number="605" hits="0"/>
						<line number="616" hits="0"/>
						<line number="619" hits="0"/>
						<line number="621" hits="0"/>
						<line number="631" hits="0"/>
						<line number="637" hits="0"/>
						<line number="639" hits="0"/>
						<line number="640" hits="0"/>
						<line number="643" hits="0"/>
						<line number="644" hits="0"/>
						<line number="648" hits="0"/>
						<line number="660" hits="0"/>
						<line number="661" hits="0"/>
						<line number="663" hits="0" branch="true" condition-coverage="0% (0/2)" missing-branches="664,668"/>
						<line number="664" hits="0"/>
						<line number="668" hits="0"/>
						<line number="669" hits="0"/>
						<line number="671" hits="0" branch="true" condition-coverage="0% (0/2)" missing-branches="exit,672"/>
						<line number="672" hits="0"/>
						<line number="673" hits="0"/>
						<line number="675" hits="0" branch="true" condition-coverage="0% (0/2)" missing-branches="676,714"/>
						<line number="676" hits="0"/>
						<line number="679" hits="0"/>
						<line number="681" hits="0" branch="true" condition-coverage="0% (0/2)" missing-branches="682,701"/>
						<line number="682" hits="0"/>
						<line number="683" hits="0" branch="true" condition-coverage="0% (0/2)" missing-branches="684,689"/>
						<line number="684" hits="0"/>
[...]
						<line number="4833" hits="0"/>
						<line number="4834" hits="0"/>
						<line number="4835" hits="0"/>
						<line number="4836" hits="0"/>
						<line number="4838" hits="0"/>
						<line number="4839" hits="0"/>
						<line number="4843" hits="0"/>
						<line number="4845" hits="0"/>
						<line number="4848" hits="0"/>
						<line number="4849" hits="0"/>
						<line number="4856" hits="0"/>
						<line number="4857" hits="0"/>
						<line number="4859" hits="0"/>
						<line number="4868" hits="0"/>
						<line number="4871" hits="0" branch="true" condition-coverage="0% (0/2)" missing-branches="4872,4878"/>
						<line number="4872" hits="0"/>
						<line number="4878" hits="0"/>
						<line number="4879" hits="0"/>
						<line number="4882" hits="0"/>
						<line number="4884" hits="0"/>
						<line number="4886" hits="0"/>
						<line number="4887" hits="0"/>
						<line number="4901" hits="0"/>
						<line number="4902" hits="0"/>
						<line number="4904" hits="0"/>
						<line number="4905" hits="0"/>
						<line number="4906" hits="0"/>
						<line number="4909" hits="0"/>
						<line number="4928" hits="0"/>
						<line number="4929" hits="0"/>
						<line number="4937" hits="0"/>
						<line number="4940" hits="0"/>
						<line number="4942" hits="0" branch="true" condition-coverage="0% (0/2)" missing-branches="4943,4988"/>
						<line number="4943" hits="0" branch="true" condition-coverage="0% (0/2)" missing-branches="4944,4947"/>
						<line number="4944" hits="0"/>
						<line number="4947" hits="0"/>
						<line number="4950" hits="0"/>
						<line number="4952" hits="0" branch="true" condition-coverage="0% (0/2)" missing-branches="4954,4957"/>
						<line number="4954" hits="0"/>
						<line number="4957" hits="0"/>
						<line number="4960" hits="0"/>
						<line number="4963" hits="0" branch="true" condition-coverage="0% (0/2)" missing-branches="4942,4964"/>
						<line number="4964" hits="0" branch="true" condition-coverage="0% (0/2)" missing-branches="4965,4967"/>
						<line number="4965" hits="0"/>
						<line number="4967" hits="0"/>
						<line number="4970" hits="0"/>
						<line number="4972" hits="0"/>
						<line number="4973" hits="0"/>
						<line number="4975" hits="0" branch="true" condition-coverage="0% (0/2)" missing-branches="4977,4983"/>
						<line number="4977" hits="0"/>
						<line number="4978" hits="0"/>
						<line number="4979" hits="0"/>
						<line number="4983" hits="0"/>
						<line number="4984" hits="0" branch="true" condition-coverage="0% (0/2)" missing-branches="4963,4985"/>
						<line number="4985" hits="0"/>
						<line number="4988" hits="0"/>
						<line number="4989" hits="0"/>
						<line number="4990" hits="0"/>
						<line number="4992" hits="0"/>
						<line number="4995" hits="0"/>
						<line number="5009" hits="0"/>
						<line number="5013" hits="0"/>
						<line number="5014" hits="0" branch="true" condition-coverage="0% (0/2)" missing-branches="5015,5017"/>
						<line number="5015" hits="0"/>
						<line number="5017" hits="0"/>
						<line number="5018" hits="0"/>
						<line number="5021" hits="0"/>
						<line number="5022" hits="0"/>
						<line number="5023" hits="0"/>
						<line number="5025" hits="0"/>
						<line number="5028" hits="0"/>
						<line number="5033" hits="0"/>
						<line number="5034" hits="0"/>
						<line number="5037" hits="0"/>
						<line number="5039" hits="0"/>
						<line number="5041" hits="0"/>
						<line number="5042" hits="0"/>
						<line number="5052" hits="0"/>
						<line number="5053" hits="0"/>
						<line number="5055" hits="0"/>
						<line number="5056" hits="0"/>
						<line number="5057" hits="0"/>
						<line number="5062" hits="0"/>
						<line number="5065" hits="0"/>
						<line number="5067" hits="0"/>
						<line number="5068" hits="0"/>
						<line number="5069" hits="0"/>
						<line number="5070" hits="0"/>
						<line number="5073" hits="0"/>
						<line number="5077" hits="0"/>
						<line number="5079" hits="0"/>
						<line number="5080" hits="0" branch="true" condition-coverage="0% (0/2)" missing-branches="5081,5084"/>
						<line number="5081" hits="0"/>
						<line number="5082" hits="0"/>
						<line number="5084" hits="0"/>
						<line number="5087" hits="0"/>
						<line number="5099" hits="0"/>
						<line number="5100" hits="0"/>
						<line number="5101" hits="0"/>
						<line number="5104" hits="0"/>
						<line number="5105" hits="0" branch="true" condition-coverage="0% (0/2)" missing-branches="5106,5108"/>
						<line number="5106" hits="0"/>
						<line number="5108" hits="0"/>
						<line number="5109" hits="0"/>
						<line number="5110" hits="0"/>
						<line number="5113" hits="0"/>
						<line number="5116" hits="0"/>
						<line number="5117" hits="0"/>
						<line number="5120" hits="0"/>
						<line number="5122" hits="0" branch="true" condition-coverage="0% (0/2)" missing-branches="5124,5135"/>
						<line number="5124" hits="0"/>
						<line number="5125" hits="0"/>
						<line number="5126" hits="0"/>
						<line number="5129" hits="0" branch="true" condition-coverage="0% (0/2)" missing-branches="5130,5131"/>
						<line number="5130" hits="0"/>
						<line number="5131" hits="0" branch="true" condition-coverage="0% (0/2)" missing-branches="5122,5132"/>
						<line number="5132" hits="0"/>
						<line number="5135" hits="0"/>
						<line number="5136" hits="0"/>
						<line number="5138" hits="0"/>
						<line number="5140" hits="0"/>
						<line number="5141" hits="0"/>
						<line number="5150" hits="0"/>
						<line number="5152" hits="0"/>
						<line number="5154" hits="0"/>
						<line number="5155" hits="0"/>
						<line number="5156" hits="0"/>
						<line number="5157" hits="0"/>
						<line number="5160" hits="0"/>
						<line number="5164" hits="0"/>
						<line number="5165" hits="0"/>
						<line number="5166" hits="0"/>
						<line number="5169" hits="0"/>
						<line number="5170" hits="0"/>
						<line number="5173" hits="0" branch="true" condition-coverage="0% (0/2)" missing-branches="5174,5176"/>
						<line number="5174" hits="0"/>
						<line number="5176" hits="0"/>
						<line number="5179" hits="0"/>
						<line number="5180" hits="0"/>
						<line number="5183" hits="0" branch="true" condition-coverage="0% (0/2)" missing-branches="5184,5186"/>
						<line number="5184" hits="0"/>
						<line number="5186" hits="0"/>
						<line number="5188" hits="0"/>
						<line number="5189" hits="0"/>
						<line number="5194" hits="0"/>
						<line number="5196" hits="0"/>
						<line number="5198" hits="0"/>
						<line number="5199" hits="0"/>
						<line number="5200" hits="0"/>
						<line number="5201" hits="0"/>
						<line number="5202" hits="0"/>
					</lines>
				</class>
				<class name="analyze.py" filename="analyze.py" complexity="0" line-rate="0" branch-rate="0">
					<methods/>
					<lines>
						<line number="18" hits="0"/>
						<line number="60" hits="0"/>
						<line number="61" hits="0"/>
						<line number="62" hits="0"/>
						<line number="63" hits="0"/>
						<line number="64" hits="0"/>
						<line number="65" hits="0"/>
						<line number="66" hits="0"/>
						<line number="75" hits="0"/>
						<line number="76" hits="0"/>
						<line number="77" hits="0"/>
						<line number="78" hits="0"/>
						<line number="79" hits="0"/>
						<line number="80" hits="0"/>
						<line number="81" hits="0"/>
						<line number="82" hits="0"/>
						<line number="84" hits="0"/>
						<line number="87" hits="0"/>
						<line number="88" hits="0"/>
						<line number="89" hits="0" branch="true" condition-coverage="0% (0/2)" missing-branches="90,98"/>
						<line number="90" hits="0"/>
						<line number="91" hits="0"/>
						<line number="94" hits="0"/>
						<line number="95" hits="0"/>
						<line number="98" hits="0"/>
						<line number="99" hits="0" branch="true" condition-coverage="0% (0/2)" missing-branches="100,103"/>
						<line number="100" hits="0"/>
						<line number="103" hits="0"/>
						<line number="104" hits="0"/>
						<line number="109" hits="0"/>
						<line number="110" hits="0"/>
						<line number="111" hits="0"/>
						<line number="112" hits="0"/>
						<line number="113" hits="0"/>
						<line number="116" hits="0"/>
						<line number="127" hits="0"/>
						<line number="153" hits="0"/>
						<line number="154" hits="0"/>
						<line number="155" hits="0"/>
						<line number="157" hits="0"/>
						<line number="158" hits="0"/>
						<line number="166" hits="0"/>
						<line number="168" hits="0"/>
						<line number="170" hits="0"/>
						<line number="171" hits="0" branch="true" condition-coverage="0% (0/2)" missing-branches="172,189"/>
						<line number="172" hits="0" branch="true" condition-coverage="0% (0/2)" missing-branches="171,173"/>
						<line number="173" hits="0"/>
						<line number="174" hits="0"/>
						<line number="176" hits="0" branch="true" condition-coverage="0% (0/2)" missing-branches="177,187"/>
						<line number="177" hits="0"/>
						<line number="178" hits="0"/>
						<line number="179" hits="0"/>
						<line number="185" hits="0"/>
						<line number="187" hits="0"/>
						<line number="189" hits="0"/>
						<line number="190" hits="0"/>
						<line number="191" hits="0"/>
						<line number="194" hits="0"/>
						<line number="198" hits="0"/>
						<line number="199" hits="0"/>
						<line number="200" hits="0"/>
						<line number="201" hits="0" branch="true" condition-coverage="0% (0/2)" missing-branches="203,205"/>
						<line number="203" hits="0"/>
						<line number="205" hits="0"/>
						<line number="206" hits="0"/>
						<line number="208" hits="0"/>
						<line number="209" hits="0"/>
						<line number="210" hits="0"/>
						<line number="212" hits="0" branch="true" condition-coverage="0% (0/2)" missing-branches="213,341"/>
						<line number="213" hits="0"/>
						<line number="214" hits="0"/>
						<line number="215" hits="0"/>
						<line number="216" hits="0"/>
						<line number="217" hits="0"/>
						<line number="219" hits="0"/>
						<line number="221" hits="0"/>
						<line number="230" hits="0"/>
						<line number="233" hits="0"/>
						<line number="236" hits="0"/>
						<line number="239" hits="0"/>
						<line number="240" hits="0"/>
						<line number="243" hits="0" branch="true" condition-coverage="0% (0/2)" missing-branches="244,250"/>
						<line number="244" hits="0"/>
						<line number="248" hits="0"/>
						<line number="250" hits="0"/>
						<line number="255" hits="0"/>
						<line number="258" hits="0"/>
						<line number="260" hits="0" branch="true" condition-coverage="0% (0/2)" missing-branches="261,272"/>
						<line number="261" hits="0" branch="true" condition-coverage="0% (0/2)" missing-branches="262,263"/>
						<line number="262" hits="0"/>
						<line number="263" hits="0"/>
						<line number="264" hits="0"/>
						<line number="266" hits="0"/>
						<line number="267" hits="0"/>
						<line number="269" hits="0" branch="true" condition-coverage="0% (0/2)" missing-branches="260,270"/>
						<line number="270" hits="0"/>
						<line number="272" hits="0"/>
						<line number="277" hits="0"/>
						<line number="278" hits="0"/>
						<line number="280" hits="0"/>
						<line number="290" hits="0"/>
						<line number="307" hits="0"/>
						<line number="309" hits="0"/>
						<line number="312" hits="0"/>
						<line number="314" hits="0"/>
						<line number="315" hits="0"/>
						<line number="316" hits="0"/>
						<line number="317" hits="0"/>
						<line number="322" hits="0"/>
						<line number="325" hits="0"/>
						<line number="326" hits="0"/>
						<line number="329" hits="0"/>
						<line number="330" hits="0"/>
						<line number="331" hits="0"/>
						<line number="332" hits="0"/>
						<line number="334" hits="0"/>
						<line number="335" hits="0"/>
						<line number="336" hits="0"/>
						<line number="338" hits="0"/>
						<line number="339" hits="0"/>
						<line number="341" hits="0" branch="true" condition-coverage="0% (0/2)" missing-branches="342,345"/>
						<line number="342" hits="0"/>
						<line number="343" hits="0"/>
						<line number="345" hits="0"/>
						<line number="346" hits="0"/>
						<line number="347" hits="0"/>
						<line number="349" hits="0"/>
						<line number="352" hits="0"/>
						<line number="353" hits="0"/>
						<line number="359" hits="0"/>
						<line number="360" hits="0"/>
						<line number="363" hits="0"/>
						<line number="366" hits="0"/>
						<line number="367" hits="0"/>
						<line number="368" hits="0"/>
						<line number="371" hits="0"/>
						<line number="372" hits="0"/>
						<line number="374" hits="0"/>
						<line number="382" hits="0"/>
						<line number="391" hits="0" branch="true" condition-coverage="0% (0/2)" missing-branches="392,420"/>
						<line number="392" hits="0"/>
						<line number="394" hits="0" branch="true" condition-coverage="0% (0/2)" missing-branches="395,409"/>
						<line number="395" hits="0"/>
						<line number="396" hits="0"/>
						<line number="405" hits="0"/>
						<line number="406" hits="0"/>
						<line number="407" hits="0"/>
						<line number="409" hits="0"/>
						<line number="412" hits="0"/>
						<line number="413" hits="0"/>
						<line number="414" hits="0"/>
						<line number="415" hits="0"/>
						<line number="416" hits="0"/>
						<line number="417" hits="0"/>
						<line number="418" hits="0"/>
						<line number="420" hits="0"/>
						<line number="421" hits="0"/>
						<line number="424" hits="0"/>
						<line number="425" hits="0"/>
						<line number="428" hits="0"/>
						<line number="429" hits="0"/>
						<line number="430" hits="0"/>
						<line number="431" hits="0"/>
						<line number="432" hits="0"/>
						<line number="433" hits="0"/>
						<line number="434" hits="0"/>
						<line number="437" hits="0"/>
						<line number="438" hits="0"/>
						<line number="441" hits="0"/>
						<line number="442" hits="0"/>
						<line number="443" hits="0" branch="true" condition-coverage="0% (0/2)" missing-branches="444,452"/>
						<line number="444" hits="0" branch="true" condition-coverage="0% (0/2)" missing-branches="445,452"/>
						<line number="445" hits="0" branch="true" condition-coverage="0% (0/2)" missing-branches="444,446"/>
						<line number="446" hits="0"/>
						<line number="452" hits="0"/>
						<line number="453" hits="0"/>
						<line number="454" hits="0"/>
						<line number="455" hits="0"/>
						<line number="456" hits="0"/>
						<line number="457" hits="0"/>
						<line number="460" hits="0"/>
						<line number="461" hits="0"/>
						<line number="464" hits="0"/>
						<line number="465" hits="0"/>
						<line number="469" hits="0"/>
						<line number="479" hits="0"/>
						<line number="480" hits="0"/>
						<line number="481" hits="0"/>
						<line number="483" hits="0"/>
						<line number="484" hits="0"/>
						<line number="487" hits="0"/>
						<line number="488" hits="0"/>
						<line number="491" hits="0"/>
						<line number="492" hits="0"/>
						<line number="495" hits="0"/>
						<line number="496" hits="0"/>
						<line number="497" hits="0"/>
						<line number="498" hits="0"/>
						<line number="499" hits="0"/>
						<line number="500" hits="0"/>
						<line number="501" hits="0"/>
						<line number="504" hits="0"/>
						<line number="507" hits="0"/>
						<line number="510" hits="0" branch="true" condition-coverage="0% (0/2)" missing-branches="511,528"/>
						<line number="511" hits="0"/>
						<line number="513" hits="0"/>
						<line number="514" hits="0"/>
						<line number="515" hits="0"/>
						<line number="517" hits="0" branch="true" condition-coverage="0% (0/2)" missing-branches="510,518"/>
						<line number="518" hits="0"/>
						<line number="519" hits="0"/>
						<line number="523" hits="0"/>
						<line number="524" hits="0"/>
						<line number="528" hits="0"/>
						<line number="529" hits="0"/>
						<line number="530" hits="0"/>
						<line number="531" hits="0"/>
						<line number="532" hits="0"/>
						<line number="534" hits="0"/>
						<line number="535" hits="0"/>
						<line number="536" hits="0"/>
						<line number="537" hits="0"/>
						<line number="538" hits="0"/>
						<line number="540" hits="0"/>
						<line number="541" hits="0"/>
						<line number="542" hits="0"/>
						<line number="543" hits="0"/>
						<line number="548" hits="0"/>
						<line number="550" hits="0" branch="true" condition-coverage="0% (0/2)" missing-branches="551,582"/>
						<line number="551" hits="0"/>
						<line number="552" hits="0"/>
						<line number="554" hits="0" branch="true" condition-coverage="0% (0/2)" missing-branches="555,572"/>
						<line number="555" hits="0"/>
						<line number="556" hits="0" branch="true" condition-coverage="0% (0/2)" missing-branches="557,561"/>
						<line number="557" hits="0"/>
						<line number="558" hits="0"/>
						<line number="559" hits="0"/>
						<line number="561" hits="0"/>
						<line number="569" hits="0"/>
						<line number="570" hits="0"/>
						<line number="572" hits="0"/>
						<line number="573" hits="0"/>
						<line number="576" hits="0"/>
						<line number="577" hits="0"/>
						<line number="582" hits="0"/>
						<line number="583" hits="0"/>
						<line number="584" hits="0"/>
						<line number="587" hits="0"/>
						<line number="588" hits="0"/>
						<line number="589" hits="0"/>
						<line number="591" hits="0"/>
						<line number="592" hits="0"/>
						<line number="593" hits="0"/>
						<line number="594" hits="0"/>
						<line number="599" hits="0"/>
						<line number="600" hits="0"/>
						<line number="602" hits="0"/>
						<line number="603" hits="0"/>
						<line number="604" hits="0"/>
						<line number="605" hits="0"/>
						<line number="608" hits="0"/>
						<line number="609" hits="0"/>
						<line number="612" hits="0"/>
						<line number="613" hits="0"/>
						<line number="614" hits="0"/>
						<line number="615" hits="0"/>
						<line number="616" hits="0"/>
						<line number="617" hits="0"/>
						<line number="618" hits="0"/>
						<line number="619" hits="0"/>
						<line number="620" hits="0"/>
						<line number="621" hits="0"/>
						<line number="622" hits="0"/>
						<line number="625" hits="0"/>
						<line number="627" hits="0"/>
						<line number="629" hits="0"/>
						<line number="633" hits="0"/>
						<line number="652" hits="0"/>
						<line number="653" hits="0"/>
						<line number="654" hits="0" branch="true" condition-coverage="0% (0/2)" missing-branches="656,666"/>
						<line number="656" hits="0"/>
						<line number="659" hits="0"/>
						<line number="660" hits="0"/>
						<line number="662" hits="0"/>
						<line number="666" hits="0"/>
						<line number="668" hits="0" branch="true" condition-coverage="0% (0/2)" missing-branches="669,672"/>
						<line number="669" hits="0"/>
						<line number="670" hits="0"/>
						<line number="672" hits="0"/>
						<line number="673" hits="0"/>
						<line number="675" hits="0" branch="true" condition-coverage="0% (0/2)" missing-branches="676,714"/>
						<line number="676" hits="0" branch="true" condition-coverage="0% (0/2)" missing-branches="677,704"/>
						<line number="677" hits="0"/>
						<line number="678" hits="0"/>
						<line number="680" hits="0" branch="true" condition-coverage="0% (0/2)" missing-branches="681,687"/>
						<line number="681" hits="0"/>
						<line number="682" hits="0"/>
						<line number="685" hits="0"/>
						<line number="687" hits="0"/>
						<line number="688" hits="0"/>
						<line number="699" hits="0"/>
						<line number="702" hits="0"/>
						<line number="704" hits="0"/>
						<line number="714" hits="0"/>
						<line number="720" hits="0"/>
						<line number="721" hits="0"/>
						<line number="728" hits="0"/>
						<line number="729" hits="0"/>
					</lines>
				</class>
			</classes>
		</package>
	</packages>
</coverage>
